<?xml version="1.0" encoding="UTF-8"?>
<testsuites tests="813" errors="45" failures="11">
	<testsuite name="code.gitea.io/gitea" tests="0" failures="0" errors="0" id="0" hostname="arch" time="0.000" timestamp="2022-11-13T11:18:25+02:00"></testsuite>
	<testsuite name="code.gitea.io/gitea/build/codeformat" tests="3" failures="0" errors="0" id="1" hostname="arch" time="0.000" timestamp="2022-11-13T11:18:25+02:00">
		<testcase name="TestFormatImportsSimple" classname="code.gitea.io/gitea/build/codeformat" time="0.000"></testcase>
		<testcase name="TestFormatImportsGroup" classname="code.gitea.io/gitea/build/codeformat" time="0.000"></testcase>
		<testcase name="TestFormatImportsInvalidComment" classname="code.gitea.io/gitea/build/codeformat" time="0.000"></testcase>
	</testsuite>
	<testsuite name="code.gitea.io/gitea/cmd" tests="1" failures="0" errors="1" id="2" hostname="arch" time="0.189" timestamp="2022-11-13T11:18:25+02:00">
		<testcase name="Failure" classname="code.gitea.io/gitea/cmd" time="0.000">
			<error message="Runtime error"><![CDATA[Error creating test engine: sql: unknown driver "sqlite3" (forgotten import?)]]></error>
		</testcase>
	</testsuite>
	<testsuite name="code.gitea.io/gitea/contrib/environment-to-ini" tests="0" failures="0" errors="0" id="3" hostname="arch" time="0.000" timestamp="2022-11-13T11:18:25+02:00"></testsuite>
	<testsuite name="code.gitea.io/gitea/contrib/fixtures" tests="0" failures="0" errors="0" id="4" hostname="arch" time="0.000" timestamp="2022-11-13T11:18:25+02:00"></testsuite>
	<testsuite name="code.gitea.io/gitea/contrib/pr" tests="0" failures="0" errors="0" id="5" hostname="arch" time="0.000" timestamp="2022-11-13T11:18:25+02:00"></testsuite>
	<testsuite name="code.gitea.io/gitea/integrations" tests="1" failures="0" errors="1" id="6" hostname="arch" time="0.140" timestamp="2022-11-13T11:18:25+02:00">
		<testcase name="Failure" classname="code.gitea.io/gitea/integrations" time="0.000">
			<error message="Runtime error"><![CDATA[Environment variable $GITEA_CONF not set]]></error>
		</testcase>
	</testsuite>
	<testsuite name="code.gitea.io/gitea/integrations/migration-test" tests="1" failures="0" errors="1" id="7" hostname="arch" time="0.185" timestamp="2022-11-13T11:18:25+02:00">
		<testcase name="TestMigrations" classname="code.gitea.io/gitea/integrations/migration-test" time="0.000">
			<error message="No test result found"><![CDATA[=== TestMigrations (integrations/migration-test/migration_test.go:322)
	Environment variable $GITEA_CONF not set]]></error>
		</testcase>
	</testsuite>
	<testsuite name="code.gitea.io/gitea/models" tests="1" failures="0" errors="1" id="8" hostname="arch" time="0.126" timestamp="2022-11-13T11:18:25+02:00">
		<testcase name="Failure" classname="code.gitea.io/gitea/models" time="0.000">
			<error message="Runtime error"><![CDATA[Error creating test engine: sql: unknown driver "sqlite3" (forgotten import?)]]></error>
		</testcase>
	</testsuite>
	<testsuite name="code.gitea.io/gitea/models/admin" tests="1" failures="0" errors="1" id="9" hostname="arch" time="0.159" timestamp="2022-11-13T11:18:25+02:00">
		<testcase name="Failure" classname="code.gitea.io/gitea/models/admin" time="0.000">
			<error message="Runtime error"><![CDATA[Error creating test engine: sql: unknown driver "sqlite3" (forgotten import?)]]></error>
		</testcase>
	</testsuite>
	<testsuite name="code.gitea.io/gitea/models/appstate" tests="0" failures="0" errors="0" id="10" hostname="arch" time="0.000" timestamp="2022-11-13T11:18:25+02:00"></testsuite>
	<testsuite name="code.gitea.io/gitea/models/asymkey" tests="1" failures="0" errors="1" id="11" hostname="arch" time="0.212" timestamp="2022-11-13T11:18:25+02:00">
		<testcase name="Failure" classname="code.gitea.io/gitea/models/asymkey" time="0.000">
			<error message="Runtime error"><![CDATA[Error creating test engine: sql: unknown driver "sqlite3" (forgotten import?)]]></error>
		</testcase>
	</testsuite>
	<testsuite name="code.gitea.io/gitea/models/auth" tests="1" failures="0" errors="1" id="12" hostname="arch" time="0.107" timestamp="2022-11-13T11:18:25+02:00">
		<testcase name="Failure" classname="code.gitea.io/gitea/models/auth" time="0.000">
			<error message="Runtime error"><![CDATA[Error creating test engine: sql: unknown driver "sqlite3" (forgotten import?)]]></error>
		</testcase>
	</testsuite>
	<testsuite name="code.gitea.io/gitea/models/avatars" tests="2" failures="0" errors="0" id="13" hostname="arch" time="0.000" timestamp="2022-11-13T11:18:25+02:00">
		<testcase name="TestHashEmail" classname="code.gitea.io/gitea/models/avatars" time="0.000"></testcase>
		<testcase name="TestSizedAvatarLink" classname="code.gitea.io/gitea/models/avatars" time="0.000"></testcase>
	</testsuite>
	<testsuite name="code.gitea.io/gitea/models/db" tests="1" failures="0" errors="1" id="14" hostname="arch" time="0.193" timestamp="2022-11-13T11:18:25+02:00">
		<testcase name="Failure" classname="code.gitea.io/gitea/models/db" time="0.000">
			<error message="Runtime error"><![CDATA[Error creating test engine: sql: unknown driver "sqlite3" (forgotten import?)]]></error>
		</testcase>
	</testsuite>
	<testsuite name="code.gitea.io/gitea/models/db/install" tests="0" failures="0" errors="0" id="15" hostname="arch" time="0.000" timestamp="2022-11-13T11:18:25+02:00"></testsuite>
	<testsuite name="code.gitea.io/gitea/models/db/paginator" tests="1" failures="0" errors="1" id="16" hostname="arch" time="0.142" timestamp="2022-11-13T11:18:25+02:00">
		<testcase name="Failure" classname="code.gitea.io/gitea/models/db/paginator" time="0.000">
			<error message="Runtime error"><![CDATA[Error creating test engine: sql: unknown driver "sqlite3" (forgotten import?)]]></error>
		</testcase>
	</testsuite>
	<testsuite name="code.gitea.io/gitea/models/foreignreference" tests="0" failures="0" errors="0" id="17" hostname="arch" time="0.000" timestamp="2022-11-13T11:18:25+02:00"></testsuite>
	<testsuite name="code.gitea.io/gitea/models/git" tests="1" failures="0" errors="1" id="18" hostname="arch" time="0.106" timestamp="2022-11-13T11:18:25+02:00">
		<testcase name="Failure" classname="code.gitea.io/gitea/models/git" time="0.000">
			<error message="Runtime error"><![CDATA[Error creating test engine: sql: unknown driver "sqlite3" (forgotten import?)]]></error>
		</testcase>
	</testsuite>
	<testsuite name="code.gitea.io/gitea/models/issues" tests="1" failures="0" errors="1" id="19" hostname="arch" time="0.150" timestamp="2022-11-13T11:18:25+02:00">
		<testcase name="Failure" classname="code.gitea.io/gitea/models/issues" time="0.000">
			<error message="Runtime error"><![CDATA[Error creating test engine: sql: unknown driver "sqlite3" (forgotten import?)]]></error>
		</testcase>
	</testsuite>
	<testsuite name="code.gitea.io/gitea/models/migrations" tests="10" failures="10" errors="0" id="20" hostname="arch" time="1.633" timestamp="2022-11-13T11:18:25+02:00">
		<testcase name="Test_dropTableColumns" classname="code.gitea.io/gitea/models/migrations" time="0.110">
			<failure message="Failed"><![CDATA[=== Test_dropTableColumns (/home/catalin/UTM/iii_an/v_sem/idweb/lab_3/gitea/models/migrations/migrations_test.go:286)
2022/11/13 11:18:09 ...dules/setting/log.go:335:newLogService() [I] Gitea Log Mode: Console(Console:info)
2022/11/13 11:18:09 ...dules/setting/log.go:249:generateNamedLogger() [I] Router Log: Console(console:info)
2022/11/13 11:18:09 modules/git/git.go:134:checkInit() [W] git module has been initialized already, duplicate init should be fixed
    migrations_test.go:286: 
        	Error Trace:	migrations_test.go:237
        	            				migrations_test.go:286
        	Error:      	Received unexpected error:
        	            	failed to connect to database: Unknown database type: 
        	Test:       	Test_dropTableColumns]]></failure>
		</testcase>
		<testcase name="Test_removeInvalidLabels" classname="code.gitea.io/gitea/models/migrations" time="0.130">
			<failure message="Failed"><![CDATA[=== Test_removeInvalidLabels (/home/catalin/UTM/iii_an/v_sem/idweb/lab_3/gitea/models/migrations/v176_test.go:49)
2022/11/13 11:18:09 modules/git/git.go:134:checkInit() [W] git module has been initialized already, duplicate init should be fixed
    v176_test.go:49: 
        	Error Trace:	migrations_test.go:237
        	            				v176_test.go:49
        	Error:      	Received unexpected error:
        	            	failed to connect to database: Unknown database type: 
        	Test:       	Test_removeInvalidLabels]]></failure>
		</testcase>
		<testcase name="Test_deleteOrphanedIssueLabels" classname="code.gitea.io/gitea/models/migrations" time="0.280">
			<failure message="Failed"><![CDATA[=== Test_deleteOrphanedIssueLabels (/home/catalin/UTM/iii_an/v_sem/idweb/lab_3/gitea/models/migrations/v177_test.go:37)
2022/11/13 11:18:09 modules/git/git.go:134:checkInit() [W] git module has been initialized already, duplicate init should be fixed
    v177_test.go:37: 
        	Error Trace:	migrations_test.go:237
        	            				v177_test.go:37
        	Error:      	Received unexpected error:
        	            	failed to connect to database: Unknown database type: 
        	Test:       	Test_deleteOrphanedIssueLabels]]></failure>
		</testcase>
		<testcase name="Test_addPrimaryEmail2EmailAddress" classname="code.gitea.io/gitea/models/migrations" time="0.200">
			<failure message="Failed"><![CDATA[=== Test_addPrimaryEmail2EmailAddress (/home/catalin/UTM/iii_an/v_sem/idweb/lab_3/gitea/models/migrations/v181_test.go:22)
2022/11/13 11:18:10 modules/git/git.go:134:checkInit() [W] git module has been initialized already, duplicate init should be fixed
    v181_test.go:22: 
        	Error Trace:	migrations_test.go:237
        	            				v181_test.go:22
        	Error:      	Received unexpected error:
        	            	failed to connect to database: Unknown database type: 
        	Test:       	Test_addPrimaryEmail2EmailAddress]]></failure>
		</testcase>
		<testcase name="Test_addIssueResourceIndexTable" classname="code.gitea.io/gitea/models/migrations" time="0.120">
			<failure message="Failed"><![CDATA[=== Test_addIssueResourceIndexTable (/home/catalin/UTM/iii_an/v_sem/idweb/lab_3/gitea/models/migrations/v182_test.go:22)
2022/11/13 11:18:10 modules/git/git.go:134:checkInit() [W] git module has been initialized already, duplicate init should be fixed
    v182_test.go:22: 
        	Error Trace:	migrations_test.go:237
        	            				v182_test.go:22
        	Error:      	Received unexpected error:
        	            	failed to connect to database: Unknown database type: 
        	Test:       	Test_addIssueResourceIndexTable]]></failure>
		</testcase>
		<testcase name="Test_unwrapLDAPSourceCfg" classname="code.gitea.io/gitea/models/migrations" time="0.070">
			<failure message="Failed"><![CDATA[=== Test_unwrapLDAPSourceCfg (/home/catalin/UTM/iii_an/v_sem/idweb/lab_3/gitea/models/migrations/v189_test.go:30)
2022/11/13 11:18:10 modules/git/git.go:134:checkInit() [W] git module has been initialized already, duplicate init should be fixed
    v189_test.go:30: 
        	Error Trace:	migrations_test.go:237
        	            				v189_test.go:30
        	Error:      	Received unexpected error:
        	            	failed to connect to database: Unknown database type: 
        	Test:       	Test_unwrapLDAPSourceCfg]]></failure>
		</testcase>
		<testcase name="Test_addRepoIDForAttachment" classname="code.gitea.io/gitea/models/migrations" time="0.080">
			<failure message="Failed"><![CDATA[=== Test_addRepoIDForAttachment (/home/catalin/UTM/iii_an/v_sem/idweb/lab_3/gitea/models/migrations/v193_test.go:34)
2022/11/13 11:18:10 modules/git/git.go:134:checkInit() [W] git module has been initialized already, duplicate init should be fixed
    v193_test.go:34: 
        	Error Trace:	migrations_test.go:237
        	            				v193_test.go:34
        	Error:      	Received unexpected error:
        	            	failed to connect to database: Unknown database type: 
        	Test:       	Test_addRepoIDForAttachment]]></failure>
		</testcase>
		<testcase name="Test_addTableCommitStatusIndex" classname="code.gitea.io/gitea/models/migrations" time="0.120">
			<failure message="Failed"><![CDATA[=== Test_addTableCommitStatusIndex (/home/catalin/UTM/iii_an/v_sem/idweb/lab_3/gitea/models/migrations/v195_test.go:23)
2022/11/13 11:18:10 modules/git/git.go:134:checkInit() [W] git module has been initialized already, duplicate init should be fixed
    v195_test.go:23: 
        	Error Trace:	migrations_test.go:237
        	            				v195_test.go:23
        	Error:      	Received unexpected error:
        	            	failed to connect to database: Unknown database type: 
        	Test:       	Test_addTableCommitStatusIndex]]></failure>
		</testcase>
		<testcase name="Test_remigrateU2FCredentials" classname="code.gitea.io/gitea/models/migrations" time="0.130">
			<failure message="Failed"><![CDATA[=== Test_remigrateU2FCredentials (/home/catalin/UTM/iii_an/v_sem/idweb/lab_3/gitea/models/migrations/v210_test.go:47)
2022/11/13 11:18:10 modules/git/git.go:134:checkInit() [W] git module has been initialized already, duplicate init should be fixed
    v210_test.go:47: 
        	Error Trace:	migrations_test.go:237
        	            				v210_test.go:47
        	Error:      	Received unexpected error:
        	            	failed to connect to database: Unknown database type: 
        	Test:       	Test_remigrateU2FCredentials]]></failure>
		</testcase>
		<testcase name="Test_storeWebauthnCredentialIDAsBytes" classname="code.gitea.io/gitea/models/migrations" time="0.120">
			<failure message="Failed"><![CDATA[=== Test_storeWebauthnCredentialIDAsBytes (/home/catalin/UTM/iii_an/v_sem/idweb/lab_3/gitea/models/migrations/v221_test.go:40)
2022/11/13 11:18:10 modules/git/git.go:134:checkInit() [W] git module has been initialized already, duplicate init should be fixed
    v221_test.go:40: 
        	Error Trace:	migrations_test.go:237
        	            				v221_test.go:40
        	Error:      	Received unexpected error:
        	            	failed to connect to database: Unknown database type: 
        	Test:       	Test_storeWebauthnCredentialIDAsBytes]]></failure>
		</testcase>
		<system-out><![CDATA[Environment variable $GITEA_CONF not set - defaulting to /home/catalin/UTM/iii_an/v_sem/idweb/lab_3/gitea/integrations/sqlite.ini
2022/11/13 11:18:09 ...dules/setting/log.go:288:newLogService() [I] Gitea v]]></system-out>
	</testsuite>
	<testsuite name="code.gitea.io/gitea/models/organization" tests="1" failures="0" errors="1" id="21" hostname="arch" time="0.199" timestamp="2022-11-13T11:18:25+02:00">
		<testcase name="Failure" classname="code.gitea.io/gitea/models/organization" time="0.000">
			<error message="Runtime error"><![CDATA[Error creating test engine: sql: unknown driver "sqlite3" (forgotten import?)]]></error>
		</testcase>
	</testsuite>
	<testsuite name="code.gitea.io/gitea/models/packages" tests="1" failures="0" errors="1" id="22" hostname="arch" time="0.131" timestamp="2022-11-13T11:18:25+02:00">
		<testcase name="Failure" classname="code.gitea.io/gitea/models/packages" time="0.000">
			<error message="Runtime error"><![CDATA[Error creating test engine: sql: unknown driver "sqlite3" (forgotten import?)]]></error>
		</testcase>
	</testsuite>
	<testsuite name="code.gitea.io/gitea/models/packages/conan" tests="0" failures="0" errors="0" id="23" hostname="arch" time="0.000" timestamp="2022-11-13T11:18:25+02:00"></testsuite>
	<testsuite name="code.gitea.io/gitea/models/packages/container" tests="0" failures="0" errors="0" id="24" hostname="arch" time="0.000" timestamp="2022-11-13T11:18:25+02:00"></testsuite>
	<testsuite name="code.gitea.io/gitea/models/perm" tests="0" failures="0" errors="0" id="25" hostname="arch" time="0.000" timestamp="2022-11-13T11:18:25+02:00"></testsuite>
	<testsuite name="code.gitea.io/gitea/models/perm/access" tests="1" failures="0" errors="1" id="26" hostname="arch" time="0.132" timestamp="2022-11-13T11:18:25+02:00">
		<testcase name="Failure" classname="code.gitea.io/gitea/models/perm/access" time="0.000">
			<error message="Runtime error"><![CDATA[Error creating test engine: sql: unknown driver "sqlite3" (forgotten import?)]]></error>
		</testcase>
	</testsuite>
	<testsuite name="code.gitea.io/gitea/models/project" tests="1" failures="0" errors="1" id="27" hostname="arch" time="0.112" timestamp="2022-11-13T11:18:25+02:00">
		<testcase name="Failure" classname="code.gitea.io/gitea/models/project" time="0.000">
			<error message="Runtime error"><![CDATA[Error creating test engine: sql: unknown driver "sqlite3" (forgotten import?)]]></error>
		</testcase>
	</testsuite>
	<testsuite name="code.gitea.io/gitea/models/pull" tests="0" failures="0" errors="0" id="28" hostname="arch" time="0.000" timestamp="2022-11-13T11:18:25+02:00"></testsuite>
	<testsuite name="code.gitea.io/gitea/models/repo" tests="1" failures="0" errors="1" id="29" hostname="arch" time="0.185" timestamp="2022-11-13T11:18:25+02:00">
		<testcase name="Failure" classname="code.gitea.io/gitea/models/repo" time="0.000">
			<error message="Runtime error"><![CDATA[Error creating test engine: sql: unknown driver "sqlite3" (forgotten import?)]]></error>
		</testcase>
	</testsuite>
	<testsuite name="code.gitea.io/gitea/models/unit" tests="0" failures="0" errors="0" id="30" hostname="arch" time="0.000" timestamp="2022-11-13T11:18:25+02:00"></testsuite>
	<testsuite name="code.gitea.io/gitea/models/unittest" tests="0" failures="0" errors="0" id="31" hostname="arch" time="0.000" timestamp="2022-11-13T11:18:25+02:00"></testsuite>
	<testsuite name="code.gitea.io/gitea/models/user" tests="1" failures="0" errors="1" id="32" hostname="arch" time="0.159" timestamp="2022-11-13T11:18:25+02:00">
		<testcase name="Failure" classname="code.gitea.io/gitea/models/user" time="0.000">
			<error message="Runtime error"><![CDATA[Error creating test engine: sql: unknown driver "sqlite3" (forgotten import?)]]></error>
		</testcase>
	</testsuite>
	<testsuite name="code.gitea.io/gitea/models/webhook" tests="1" failures="0" errors="1" id="33" hostname="arch" time="0.166" timestamp="2022-11-13T11:18:25+02:00">
		<testcase name="Failure" classname="code.gitea.io/gitea/models/webhook" time="0.000">
			<error message="Runtime error"><![CDATA[Error creating test engine: sql: unknown driver "sqlite3" (forgotten import?)]]></error>
		</testcase>
	</testsuite>
	<testsuite name="code.gitea.io/gitea/modules/activitypub" tests="2" failures="0" errors="0" id="34" hostname="arch" time="0.840" timestamp="2022-11-13T11:18:25+02:00">
		<testcase name="TestKeygen" classname="code.gitea.io/gitea/modules/activitypub" time="0.630"></testcase>
		<testcase name="TestSignUsingKeys" classname="code.gitea.io/gitea/modules/activitypub" time="0.210"></testcase>
	</testsuite>
	<testsuite name="code.gitea.io/gitea/modules/analyze" tests="21" failures="0" errors="0" id="35" hostname="arch" time="0.000" timestamp="2022-11-13T11:18:25+02:00">
		<testcase name="TestIsVendor" classname="code.gitea.io/gitea/modules/analyze" time="0.000"></testcase>
		<testcase name="TestIsVendor/cache/" classname="code.gitea.io/gitea/modules/analyze" time="0.000"></testcase>
		<testcase name="TestIsVendor/random/cache/" classname="code.gitea.io/gitea/modules/analyze" time="0.000"></testcase>
		<testcase name="TestIsVendor/cache" classname="code.gitea.io/gitea/modules/analyze" time="0.000"></testcase>
		<testcase name="TestIsVendor/dependencies/" classname="code.gitea.io/gitea/modules/analyze" time="0.000"></testcase>
		<testcase name="TestIsVendor/Dependencies/" classname="code.gitea.io/gitea/modules/analyze" time="0.000"></testcase>
		<testcase name="TestIsVendor/dependency/" classname="code.gitea.io/gitea/modules/analyze" time="0.000"></testcase>
		<testcase name="TestIsVendor/dist/" classname="code.gitea.io/gitea/modules/analyze" time="0.000"></testcase>
		<testcase name="TestIsVendor/dist" classname="code.gitea.io/gitea/modules/analyze" time="0.000"></testcase>
		<testcase name="TestIsVendor/random/dist/" classname="code.gitea.io/gitea/modules/analyze" time="0.000"></testcase>
		<testcase name="TestIsVendor/random/dist" classname="code.gitea.io/gitea/modules/analyze" time="0.000"></testcase>
		<testcase name="TestIsVendor/deps/" classname="code.gitea.io/gitea/modules/analyze" time="0.000"></testcase>
		<testcase name="TestIsVendor/configure" classname="code.gitea.io/gitea/modules/analyze" time="0.000"></testcase>
		<testcase name="TestIsVendor/a/configure" classname="code.gitea.io/gitea/modules/analyze" time="0.000"></testcase>
		<testcase name="TestIsVendor/config.guess" classname="code.gitea.io/gitea/modules/analyze" time="0.000"></testcase>
		<testcase name="TestIsVendor/config.guess/" classname="code.gitea.io/gitea/modules/analyze" time="0.000"></testcase>
		<testcase name="TestIsVendor/.vscode/" classname="code.gitea.io/gitea/modules/analyze" time="0.000"></testcase>
		<testcase name="TestIsVendor/doc/_build/" classname="code.gitea.io/gitea/modules/analyze" time="0.000"></testcase>
		<testcase name="TestIsVendor/a/docs/_build/" classname="code.gitea.io/gitea/modules/analyze" time="0.000"></testcase>
		<testcase name="TestIsVendor/a/dasdocs/_build-vsdoc.js" classname="code.gitea.io/gitea/modules/analyze" time="0.000"></testcase>
		<testcase name="TestIsVendor/a/dasdocs/_build-vsdoc.j" classname="code.gitea.io/gitea/modules/analyze" time="0.000"></testcase>
	</testsuite>
	<testsuite name="code.gitea.io/gitea/modules/appstate" tests="1" failures="0" errors="1" id="36" hostname="arch" time="0.115" timestamp="2022-11-13T11:18:25+02:00">
		<testcase name="Failure" classname="code.gitea.io/gitea/modules/appstate" time="0.000">
			<error message="Runtime error"><![CDATA[Error creating test engine: sql: unknown driver "sqlite3" (forgotten import?)]]></error>
		</testcase>
	</testsuite>
	<testsuite name="code.gitea.io/gitea/modules/auth/openid" tests="1" failures="0" errors="0" id="37" hostname="arch" time="1.000" timestamp="2022-11-13T11:18:25+02:00">
		<testcase name="TestTimedDiscoveryCache" classname="code.gitea.io/gitea/modules/auth/openid" time="1.000"></testcase>
	</testsuite>
	<testsuite name="code.gitea.io/gitea/modules/auth/pam" tests="0" failures="0" errors="0" id="38" hostname="arch" time="0.000" timestamp="2022-11-13T11:18:25+02:00"></testsuite>
	<testsuite name="code.gitea.io/gitea/modules/auth/webauthn" tests="1" failures="0" errors="0" id="39" hostname="arch" time="0.000" timestamp="2022-11-13T11:18:25+02:00">
		<testcase name="TestInit" classname="code.gitea.io/gitea/modules/auth/webauthn" time="0.000"></testcase>
	</testsuite>
	<testsuite name="code.gitea.io/gitea/modules/avatar" tests="6" failures="0" errors="0" id="40" hostname="arch" time="0.020" timestamp="2022-11-13T11:18:25+02:00">
		<testcase name="Test_RandomImageSize" classname="code.gitea.io/gitea/modules/avatar" time="0.000"></testcase>
		<testcase name="Test_RandomImage" classname="code.gitea.io/gitea/modules/avatar" time="0.000"></testcase>
		<testcase name="Test_PrepareWithPNG" classname="code.gitea.io/gitea/modules/avatar" time="0.010"></testcase>
		<testcase name="Test_PrepareWithJPEG" classname="code.gitea.io/gitea/modules/avatar" time="0.010"></testcase>
		<testcase name="Test_PrepareWithInvalidImage" classname="code.gitea.io/gitea/modules/avatar" time="0.000"></testcase>
		<testcase name="Test_PrepareWithInvalidImageSize" classname="code.gitea.io/gitea/modules/avatar" time="0.000"></testcase>
	</testsuite>
	<testsuite name="code.gitea.io/gitea/modules/avatar/identicon" tests="0" failures="0" errors="0" id="41" hostname="arch" time="0.000" timestamp="2022-11-13T11:18:25+02:00"></testsuite>
	<testsuite name="code.gitea.io/gitea/modules/base" tests="20" failures="0" errors="0" id="42" hostname="arch" time="0.000" timestamp="2022-11-13T11:18:25+02:00">
		<testcase name="TestNaturalSortLess" classname="code.gitea.io/gitea/modules/base" time="0.000"></testcase>
		<testcase name="TestEncodeMD5" classname="code.gitea.io/gitea/modules/base" time="0.000"></testcase>
		<testcase name="TestEncodeSha1" classname="code.gitea.io/gitea/modules/base" time="0.000"></testcase>
		<testcase name="TestEncodeSha256" classname="code.gitea.io/gitea/modules/base" time="0.000"></testcase>
		<testcase name="TestShortSha" classname="code.gitea.io/gitea/modules/base" time="0.000"></testcase>
		<testcase name="TestBasicAuthDecode" classname="code.gitea.io/gitea/modules/base" time="0.000"></testcase>
		<testcase name="TestBasicAuthEncode" classname="code.gitea.io/gitea/modules/base" time="0.000"></testcase>
		<testcase name="TestVerifyTimeLimitCode" classname="code.gitea.io/gitea/modules/base" time="0.000"></testcase>
		<testcase name="TestFileSize" classname="code.gitea.io/gitea/modules/base" time="0.000"></testcase>
		<testcase name="TestPrettyNumber" classname="code.gitea.io/gitea/modules/base" time="0.000"></testcase>
		<testcase name="TestSubtract" classname="code.gitea.io/gitea/modules/base" time="0.000"></testcase>
		<testcase name="TestEllipsisString" classname="code.gitea.io/gitea/modules/base" time="0.000"></testcase>
		<testcase name="TestTruncateString" classname="code.gitea.io/gitea/modules/base" time="0.000"></testcase>
		<testcase name="TestStringsToInt64s" classname="code.gitea.io/gitea/modules/base" time="0.000"></testcase>
		<testcase name="TestInt64sToStrings" classname="code.gitea.io/gitea/modules/base" time="0.000"></testcase>
		<testcase name="TestInt64sToMap" classname="code.gitea.io/gitea/modules/base" time="0.000"></testcase>
		<testcase name="TestInt64sContains" classname="code.gitea.io/gitea/modules/base" time="0.000"></testcase>
		<testcase name="TestIsLetter" classname="code.gitea.io/gitea/modules/base" time="0.000"></testcase>
		<testcase name="TestSetupGiteaRoot" classname="code.gitea.io/gitea/modules/base" time="0.000"></testcase>
		<testcase name="TestFormatNumberSI" classname="code.gitea.io/gitea/modules/base" time="0.000"></testcase>
	</testsuite>
	<testsuite name="code.gitea.io/gitea/modules/cache" tests="5" failures="0" errors="0" id="43" hostname="arch" time="0.000" timestamp="2022-11-13T11:18:25+02:00">
		<testcase name="TestNewContext" classname="code.gitea.io/gitea/modules/cache" time="0.000"></testcase>
		<testcase name="TestGetCache" classname="code.gitea.io/gitea/modules/cache" time="0.000"></testcase>
		<testcase name="TestGetString" classname="code.gitea.io/gitea/modules/cache" time="0.000"></testcase>
		<testcase name="TestGetInt" classname="code.gitea.io/gitea/modules/cache" time="0.000"></testcase>
		<testcase name="TestGetInt64" classname="code.gitea.io/gitea/modules/cache" time="0.000"></testcase>
	</testsuite>
	<testsuite name="code.gitea.io/gitea/modules/charset" tests="71" failures="0" errors="0" id="44" hostname="arch" time="0.210" timestamp="2022-11-13T11:18:25+02:00">
		<testcase name="TestRemoveBOMIfPresent" classname="code.gitea.io/gitea/modules/charset" time="0.000"></testcase>
		<testcase name="TestToUTF8WithErr" classname="code.gitea.io/gitea/modules/charset" time="0.000"></testcase>
		<testcase name="TestToUTF8WithFallback" classname="code.gitea.io/gitea/modules/charset" time="0.000"></testcase>
		<testcase name="TestToUTF8" classname="code.gitea.io/gitea/modules/charset" time="0.000"></testcase>
		<testcase name="TestToUTF8DropErrors" classname="code.gitea.io/gitea/modules/charset" time="0.000"></testcase>
		<testcase name="TestDetectEncoding" classname="code.gitea.io/gitea/modules/charset" time="0.000"></testcase>
		<testcase name="TestToUTF8WithFallbackReader" classname="code.gitea.io/gitea/modules/charset" time="0.210"></testcase>
		<testcase name="TestEscapeControlString" classname="code.gitea.io/gitea/modules/charset" time="0.000"></testcase>
		<testcase name="TestEscapeControlString/&lt;empty&gt;" classname="code.gitea.io/gitea/modules/charset" time="0.000"></testcase>
		<testcase name="TestEscapeControlString/single_line_western" classname="code.gitea.io/gitea/modules/charset" time="0.000"></testcase>
		<testcase name="TestEscapeControlString/multi_line_western" classname="code.gitea.io/gitea/modules/charset" time="0.000"></testcase>
		<testcase name="TestEscapeControlString/multi_line_western_non-breaking_space" classname="code.gitea.io/gitea/modules/charset" time="0.000"></testcase>
		<testcase name="TestEscapeControlString/mixed_scripts:_western_+_japanese" classname="code.gitea.io/gitea/modules/charset" time="0.000"></testcase>
		<testcase name="TestEscapeControlString/japanese" classname="code.gitea.io/gitea/modules/charset" time="0.000"></testcase>
		<testcase name="TestEscapeControlString/hebrew" classname="code.gitea.io/gitea/modules/charset" time="0.000"></testcase>
		<testcase name="TestEscapeControlString/more_hebrew" classname="code.gitea.io/gitea/modules/charset" time="0.000"></testcase>
		<testcase name="TestEscapeControlString/Mixed_RTL+LTR" classname="code.gitea.io/gitea/modules/charset" time="0.000"></testcase>
		<testcase name="TestEscapeControlString/Mixed_RTL+LTR+BIDI" classname="code.gitea.io/gitea/modules/charset" time="0.000"></testcase>
		<testcase name="TestEscapeControlString/Accented_characters" classname="code.gitea.io/gitea/modules/charset" time="0.000"></testcase>
		<testcase name="TestEscapeControlString/Program" classname="code.gitea.io/gitea/modules/charset" time="0.000"></testcase>
		<testcase name="TestEscapeControlString/CVE_testcase" classname="code.gitea.io/gitea/modules/charset" time="0.000"></testcase>
		<testcase name="TestEscapeControlString/Mixed_testcase_with_fail" classname="code.gitea.io/gitea/modules/charset" time="0.000"></testcase>
		<testcase name="TestEscapeControlString/UTF_BOM" classname="code.gitea.io/gitea/modules/charset" time="0.000"></testcase>
		<testcase name="TestEscapeControlBytes" classname="code.gitea.io/gitea/modules/charset" time="0.000"></testcase>
		<testcase name="TestEscapeControlBytes/&lt;empty&gt;" classname="code.gitea.io/gitea/modules/charset" time="0.000"></testcase>
		<testcase name="TestEscapeControlBytes/single_line_western" classname="code.gitea.io/gitea/modules/charset" time="0.000"></testcase>
		<testcase name="TestEscapeControlBytes/multi_line_western" classname="code.gitea.io/gitea/modules/charset" time="0.000"></testcase>
		<testcase name="TestEscapeControlBytes/multi_line_western_non-breaking_space" classname="code.gitea.io/gitea/modules/charset" time="0.000"></testcase>
		<testcase name="TestEscapeControlBytes/mixed_scripts:_western_+_japanese" classname="code.gitea.io/gitea/modules/charset" time="0.000"></testcase>
		<testcase name="TestEscapeControlBytes/japanese" classname="code.gitea.io/gitea/modules/charset" time="0.000"></testcase>
		<testcase name="TestEscapeControlBytes/hebrew" classname="code.gitea.io/gitea/modules/charset" time="0.000"></testcase>
		<testcase name="TestEscapeControlBytes/more_hebrew" classname="code.gitea.io/gitea/modules/charset" time="0.000"></testcase>
		<testcase name="TestEscapeControlBytes/Mixed_RTL+LTR" classname="code.gitea.io/gitea/modules/charset" time="0.000"></testcase>
		<testcase name="TestEscapeControlBytes/Mixed_RTL+LTR+BIDI" classname="code.gitea.io/gitea/modules/charset" time="0.000"></testcase>
		<testcase name="TestEscapeControlBytes/Accented_characters" classname="code.gitea.io/gitea/modules/charset" time="0.000"></testcase>
		<testcase name="TestEscapeControlBytes/Program" classname="code.gitea.io/gitea/modules/charset" time="0.000"></testcase>
		<testcase name="TestEscapeControlBytes/CVE_testcase" classname="code.gitea.io/gitea/modules/charset" time="0.000"></testcase>
		<testcase name="TestEscapeControlBytes/Mixed_testcase_with_fail" classname="code.gitea.io/gitea/modules/charset" time="0.000"></testcase>
		<testcase name="TestEscapeControlBytes/UTF_BOM" classname="code.gitea.io/gitea/modules/charset" time="0.000"></testcase>
		<testcase name="TestEscapeControlReader" classname="code.gitea.io/gitea/modules/charset" time="0.000"></testcase>
		<testcase name="TestEscapeControlReader/&lt;empty&gt;_(+Control)" classname="code.gitea.io/gitea/modules/charset" time="0.000"></testcase>
		<testcase name="TestEscapeControlReader/single_line_western_(+Control)" classname="code.gitea.io/gitea/modules/charset" time="0.000"></testcase>
		<testcase name="TestEscapeControlReader/multi_line_western_(+Control)" classname="code.gitea.io/gitea/modules/charset" time="0.000"></testcase>
		<testcase name="TestEscapeControlReader/multi_line_western_non-breaking_space_(+Control)" classname="code.gitea.io/gitea/modules/charset" time="0.000"></testcase>
		<testcase name="TestEscapeControlReader/mixed_scripts:_western_+_japanese_(+Control)" classname="code.gitea.io/gitea/modules/charset" time="0.000"></testcase>
		<testcase name="TestEscapeControlReader/japanese_(+Control)" classname="code.gitea.io/gitea/modules/charset" time="0.000"></testcase>
		<testcase name="TestEscapeControlReader/hebrew_(+Control)" classname="code.gitea.io/gitea/modules/charset" time="0.000"></testcase>
		<testcase name="TestEscapeControlReader/more_hebrew_(+Control)" classname="code.gitea.io/gitea/modules/charset" time="0.000"></testcase>
		<testcase name="TestEscapeControlReader/Mixed_RTL+LTR_(+Control)" classname="code.gitea.io/gitea/modules/charset" time="0.000"></testcase>
		<testcase name="TestEscapeControlReader/Mixed_RTL+LTR+BIDI_(+Control)" classname="code.gitea.io/gitea/modules/charset" time="0.000"></testcase>
		<testcase name="TestEscapeControlReader/Accented_characters_(+Control)" classname="code.gitea.io/gitea/modules/charset" time="0.000"></testcase>
		<testcase name="TestEscapeControlReader/Program_(+Control)" classname="code.gitea.io/gitea/modules/charset" time="0.000"></testcase>
		<testcase name="TestEscapeControlReader/CVE_testcase_(+Control)" classname="code.gitea.io/gitea/modules/charset" time="0.000"></testcase>
		<testcase name="TestEscapeControlReader/Mixed_testcase_with_fail_(+Control)" classname="code.gitea.io/gitea/modules/charset" time="0.000"></testcase>
		<testcase name="TestEscapeControlReader/UTF_BOM_(+Control)" classname="code.gitea.io/gitea/modules/charset" time="0.000"></testcase>
		<testcase name="TestEscapeControlReader/&lt;empty&gt;_(+Mark)" classname="code.gitea.io/gitea/modules/charset" time="0.000"></testcase>
		<testcase name="TestEscapeControlReader/single_line_western_(+Mark)" classname="code.gitea.io/gitea/modules/charset" time="0.000"></testcase>
		<testcase name="TestEscapeControlReader/multi_line_western_(+Mark)" classname="code.gitea.io/gitea/modules/charset" time="0.000"></testcase>
		<testcase name="TestEscapeControlReader/multi_line_western_non-breaking_space_(+Mark)" classname="code.gitea.io/gitea/modules/charset" time="0.000"></testcase>
		<testcase name="TestEscapeControlReader/mixed_scripts:_western_+_japanese_(+Mark)" classname="code.gitea.io/gitea/modules/charset" time="0.000"></testcase>
		<testcase name="TestEscapeControlReader/japanese_(+Mark)" classname="code.gitea.io/gitea/modules/charset" time="0.000"></testcase>
		<testcase name="TestEscapeControlReader/hebrew_(+Mark)" classname="code.gitea.io/gitea/modules/charset" time="0.000"></testcase>
		<testcase name="TestEscapeControlReader/more_hebrew_(+Mark)" classname="code.gitea.io/gitea/modules/charset" time="0.000"></testcase>
		<testcase name="TestEscapeControlReader/Mixed_RTL+LTR_(+Mark)" classname="code.gitea.io/gitea/modules/charset" time="0.000"></testcase>
		<testcase name="TestEscapeControlReader/Mixed_RTL+LTR+BIDI_(+Mark)" classname="code.gitea.io/gitea/modules/charset" time="0.000"></testcase>
		<testcase name="TestEscapeControlReader/Accented_characters_(+Mark)" classname="code.gitea.io/gitea/modules/charset" time="0.000"></testcase>
		<testcase name="TestEscapeControlReader/Program_(+Mark)" classname="code.gitea.io/gitea/modules/charset" time="0.000"></testcase>
		<testcase name="TestEscapeControlReader/CVE_testcase_(+Mark)" classname="code.gitea.io/gitea/modules/charset" time="0.000"></testcase>
		<testcase name="TestEscapeControlReader/Mixed_testcase_with_fail_(+Mark)" classname="code.gitea.io/gitea/modules/charset" time="0.000"></testcase>
		<testcase name="TestEscapeControlReader/UTF_BOM_(+Mark)" classname="code.gitea.io/gitea/modules/charset" time="0.000"></testcase>
		<testcase name="TestEscapeControlReader_panic" classname="code.gitea.io/gitea/modules/charset" time="0.000"></testcase>
	</testsuite>
	<testsuite name="code.gitea.io/gitea/modules/container" tests="0" failures="0" errors="0" id="45" hostname="arch" time="0.000" timestamp="2022-11-13T11:18:25+02:00"></testsuite>
	<testsuite name="code.gitea.io/gitea/modules/context" tests="9" failures="0" errors="0" id="46" hostname="arch" time="0.000" timestamp="2022-11-13T11:18:25+02:00">
		<testcase name="TestGenAPILinks" classname="code.gitea.io/gitea/modules/context" time="0.000"></testcase>
		<testcase name="Test_ValidToken" classname="code.gitea.io/gitea/modules/context" time="0.000"></testcase>
		<testcase name="Test_ValidToken/Validate_token" classname="code.gitea.io/gitea/modules/context" time="0.000"></testcase>
		<testcase name="Test_SeparatorReplacement" classname="code.gitea.io/gitea/modules/context" time="0.000"></testcase>
		<testcase name="Test_SeparatorReplacement/Test_two_separator_replacements" classname="code.gitea.io/gitea/modules/context" time="0.000"></testcase>
		<testcase name="Test_InvalidToken" classname="code.gitea.io/gitea/modules/context" time="0.000"></testcase>
		<testcase name="Test_InvalidToken/Test_invalid_tokens" classname="code.gitea.io/gitea/modules/context" time="0.000"></testcase>
		<testcase name="Test_ValidateBadData" classname="code.gitea.io/gitea/modules/context" time="0.000"></testcase>
		<testcase name="Test_ValidateBadData/Validate_bad_data" classname="code.gitea.io/gitea/modules/context" time="0.000"></testcase>
	</testsuite>
	<testsuite name="code.gitea.io/gitea/modules/convert" tests="7" failures="0" errors="0" id="47" hostname="arch" time="0.120" timestamp="2022-11-13T11:18:25+02:00">
		<testcase name="TestToCommitMeta" classname="code.gitea.io/gitea/modules/convert" time="0.030"></testcase>
		<testcase name="TestLabel_ToLabel" classname="code.gitea.io/gitea/modules/convert" time="0.030"></testcase>
		<testcase name="TestMilestone_APIFormat" classname="code.gitea.io/gitea/modules/convert" time="0.000"></testcase>
		<testcase name="TestPullRequest_APIFormat" classname="code.gitea.io/gitea/modules/convert" time="0.040"></testcase>
		<testcase name="TestUser_ToUser" classname="code.gitea.io/gitea/modules/convert" time="0.020"></testcase>
		<testcase name="TestToCorrectPageSize" classname="code.gitea.io/gitea/modules/convert" time="0.000"></testcase>
		<testcase name="TestToGitServiceType" classname="code.gitea.io/gitea/modules/convert" time="0.000"></testcase>
		<system-out><![CDATA[2022/11/13 08:39:53 ...s/storage/storage.go:176:initAttachments() [I] Initialising Attachment storage with type: 
2022/11/13 08:39:53 ...les/storage/local.go:46:NewLocalStorage() [I] Creating new Local Storage at /tmp/appdata3542546363/attachments
2022/11/13 08:39:53 ...s/storage/storage.go:170:initAvatars() [I] Initialising Avatar storage with type: 
2022/11/13 08:39:53 ...les/storage/local.go:46:NewLocalStorage() [I] Creating new Local Storage at /tmp/appdata3542546363/avatars
2022/11/13 08:39:53 ...s/storage/storage.go:188:initRepoAvatars() [I] Initialising Repository Avatar storage with type: 
2022/11/13 08:39:53 ...les/storage/local.go:46:NewLocalStorage() [I] Creating new Local Storage at /tmp/appdata3542546363/repo-avatars
2022/11/13 08:39:53 ...s/storage/storage.go:182:initLFS() [I] Initialising LFS storage with type: 
2022/11/13 08:39:53 ...les/storage/local.go:46:NewLocalStorage() [I] Creating new Local Storage at /tmp/appdata3542546363/lfs
2022/11/13 08:39:53 ...s/storage/storage.go:194:initRepoArchives() [I] Initialising Repository Archive storage with type: 
2022/11/13 08:39:53 ...les/storage/local.go:46:NewLocalStorage() [I] Creating new Local Storage at /tmp/appdata3542546363/repo-archive
2022/11/13 08:39:53 ...s/storage/storage.go:200:initPackages() [I] Initialising Packages storage with type: 
2022/11/13 08:39:53 ...les/storage/local.go:46:NewLocalStorage() [I] Creating new Local Storage at /tmp/appdata3542546363/packages]]></system-out>
	</testsuite>
	<testsuite name="code.gitea.io/gitea/modules/csv" tests="9" failures="0" errors="0" id="48" hostname="arch" time="0.010" timestamp="2022-11-13T11:18:25+02:00">
		<testcase name="TestCreateReader" classname="code.gitea.io/gitea/modules/csv" time="0.000"></testcase>
		<testcase name="TestCreateReaderAndDetermineDelimiter" classname="code.gitea.io/gitea/modules/csv" time="0.000"></testcase>
		<testcase name="TestDetermineDelimiterShortBufferError" classname="code.gitea.io/gitea/modules/csv" time="0.000"></testcase>
		<testcase name="TestDetermineDelimiterReadAllError" classname="code.gitea.io/gitea/modules/csv" time="0.000"></testcase>
		<testcase name="TestDetermineDelimiter" classname="code.gitea.io/gitea/modules/csv" time="0.000"></testcase>
		<testcase name="TestRemoveQuotedString" classname="code.gitea.io/gitea/modules/csv" time="0.000"></testcase>
		<testcase name="TestGuessDelimiter" classname="code.gitea.io/gitea/modules/csv" time="0.010"></testcase>
		<testcase name="TestGuessFromBeforeAfterQuotes" classname="code.gitea.io/gitea/modules/csv" time="0.000"></testcase>
		<testcase name="TestFormatError" classname="code.gitea.io/gitea/modules/csv" time="0.000"></testcase>
	</testsuite>
	<testsuite name="code.gitea.io/gitea/modules/doctor" tests="21" failures="0" errors="0" id="49" hostname="arch" time="0.000" timestamp="2022-11-13T11:18:25+02:00">
		<testcase name="Test_fixUnitConfig_16961" classname="code.gitea.io/gitea/modules/doctor" time="0.000"></testcase>
		<testcase name="Test_fixUnitConfig_16961/empty" classname="code.gitea.io/gitea/modules/doctor" time="0.000"></testcase>
		<testcase name="Test_fixUnitConfig_16961/normal:_{}" classname="code.gitea.io/gitea/modules/doctor" time="0.000"></testcase>
		<testcase name="Test_fixUnitConfig_16961/broken_but_fixable:_&amp;{}" classname="code.gitea.io/gitea/modules/doctor" time="0.000"></testcase>
		<testcase name="Test_fixUnitConfig_16961/broken_but_unfixable:_&amp;{asdasd}" classname="code.gitea.io/gitea/modules/doctor" time="0.000"></testcase>
		<testcase name="Test_fixExternalWikiConfig_16961" classname="code.gitea.io/gitea/modules/doctor" time="0.000"></testcase>
		<testcase name="Test_fixExternalWikiConfig_16961/normal:_{&#34;ExternalWikiURL&#34;:&#34;http://someurl&#34;}" classname="code.gitea.io/gitea/modules/doctor" time="0.000"></testcase>
		<testcase name="Test_fixExternalWikiConfig_16961/broken:_&amp;{http://someurl}" classname="code.gitea.io/gitea/modules/doctor" time="0.000"></testcase>
		<testcase name="Test_fixExternalWikiConfig_16961/broken_but_unfixable:_http://someurl" classname="code.gitea.io/gitea/modules/doctor" time="0.000"></testcase>
		<testcase name="Test_fixExternalTrackerConfig_16961" classname="code.gitea.io/gitea/modules/doctor" time="0.000"></testcase>
		<testcase name="Test_fixExternalTrackerConfig_16961/normal" classname="code.gitea.io/gitea/modules/doctor" time="0.000"></testcase>
		<testcase name="Test_fixExternalTrackerConfig_16961/broken" classname="code.gitea.io/gitea/modules/doctor" time="0.000"></testcase>
		<testcase name="Test_fixExternalTrackerConfig_16961/broken_-_too_many_fields" classname="code.gitea.io/gitea/modules/doctor" time="0.000"></testcase>
		<testcase name="Test_fixExternalTrackerConfig_16961/broken_-_wrong_format" classname="code.gitea.io/gitea/modules/doctor" time="0.000"></testcase>
		<testcase name="Test_fixPullRequestsConfig_16961" classname="code.gitea.io/gitea/modules/doctor" time="0.000"></testcase>
		<testcase name="Test_fixPullRequestsConfig_16961/normal" classname="code.gitea.io/gitea/modules/doctor" time="0.000"></testcase>
		<testcase name="Test_fixPullRequestsConfig_16961/broken_-_1.14" classname="code.gitea.io/gitea/modules/doctor" time="0.000"></testcase>
		<testcase name="Test_fixPullRequestsConfig_16961/broken_-_1.15" classname="code.gitea.io/gitea/modules/doctor" time="0.000"></testcase>
		<testcase name="Test_fixIssuesConfig_16961" classname="code.gitea.io/gitea/modules/doctor" time="0.000"></testcase>
		<testcase name="Test_fixIssuesConfig_16961/normal" classname="code.gitea.io/gitea/modules/doctor" time="0.000"></testcase>
		<testcase name="Test_fixIssuesConfig_16961/broken" classname="code.gitea.io/gitea/modules/doctor" time="0.000"></testcase>
	</testsuite>
	<testsuite name="code.gitea.io/gitea/modules/emoji" tests="7" failures="0" errors="0" id="50" hostname="arch" time="0.010" timestamp="2022-11-13T11:18:25+02:00">
		<testcase name="TestDumpInfo" classname="code.gitea.io/gitea/modules/emoji" time="0.000">
			<system-out><![CDATA[    emoji_test.go:16: codes: 0
    emoji_test.go:17: aliases: 0]]></system-out>
		</testcase>
		<testcase name="TestLookup" classname="code.gitea.io/gitea/modules/emoji" time="0.000"></testcase>
		<testcase name="TestReplacers" classname="code.gitea.io/gitea/modules/emoji" time="0.010"></testcase>
		<testcase name="TestFindEmojiSubmatchIndex" classname="code.gitea.io/gitea/modules/emoji" time="0.000"></testcase>
		<testcase name="TestFromAlias_Idweb_1" classname="code.gitea.io/gitea/modules/emoji" time="0.000"></testcase>
		<testcase name="TestFromAlias_Idweb_2" classname="code.gitea.io/gitea/modules/emoji" time="0.000"></testcase>
		<testcase name="TestFromAlias_Idweb_3" classname="code.gitea.io/gitea/modules/emoji" time="0.000"></testcase>
	</testsuite>
	<testsuite name="code.gitea.io/gitea/modules/eventsource" tests="4" failures="0" errors="0" id="51" hostname="arch" time="0.000" timestamp="2022-11-13T11:18:25+02:00">
		<testcase name="Test_wrapNewlines" classname="code.gitea.io/gitea/modules/eventsource" time="0.000"></testcase>
		<testcase name="Test_wrapNewlines/check_no_new_lines" classname="code.gitea.io/gitea/modules/eventsource" time="0.000"></testcase>
		<testcase name="Test_wrapNewlines/check_simple_newline" classname="code.gitea.io/gitea/modules/eventsource" time="0.000"></testcase>
		<testcase name="Test_wrapNewlines/check_pathological_newlines" classname="code.gitea.io/gitea/modules/eventsource" time="0.000"></testcase>
	</testsuite>
	<testsuite name="code.gitea.io/gitea/modules/generate" tests="0" failures="0" errors="0" id="52" hostname="arch" time="0.000" timestamp="2022-11-13T11:18:25+02:00"></testsuite>
	<testsuite name="code.gitea.io/gitea/modules/git" tests="50" failures="1" errors="0" id="53" hostname="arch" time="1.606" timestamp="2022-11-13T11:18:25+02:00">
		<testcase name="TestReadingBlameOutput" classname="code.gitea.io/gitea/modules/git" time="0.000"></testcase>
		<testcase name="TestBlob_Data" classname="code.gitea.io/gitea/modules/git" time="0.010">
			<system-out><![CDATA[2022/11/13 11:18:12 ...dules/git/command.go:179:Run() [D] /home/catalin/UTM/iii_an/v_sem/idweb/lab_3/gitea/modules/git/tests/repos/repo1_bare: /usr/bin/git -c protocol.version=2 -c uploadpack.allowfilter=true -c uploadpack.allowAnySHA1InWant=true -c credential.helper= rev-parse
2022/11/13 11:18:12 ...dules/git/command.go:179:Run() [D] /home/catalin/UTM/iii_an/v_sem/idweb/lab_3/gitea/modules/git/tests/repos/repo1_bare: /usr/bin/git -c protocol.version=2 -c uploadpack.allowfilter=true -c uploadpack.allowAnySHA1InWant=true -c credential.helper= cat-file --batch
2022/11/13 11:18:12 ...dules/git/command.go:179:Run() [D] /home/catalin/UTM/iii_an/v_sem/idweb/lab_3/gitea/modules/git/tests/repos/repo1_bare: /usr/bin/git -c protocol.version=2 -c uploadpack.allowfilter=true -c uploadpack.allowAnySHA1InWant=true -c credential.helper= cat-file --batch-check]]></system-out>
		</testcase>
		<testcase name="TestRunWithContextStd" classname="code.gitea.io/gitea/modules/git" time="0.010">
			<system-out><![CDATA[2022/11/13 11:18:12 ...dules/git/command.go:177:Run() [D] /usr/bin/git -c protocol.version=2 -c uploadpack.allowfilter=true -c uploadpack.allowAnySHA1InWant=true -c credential.helper= --version
2022/11/13 11:18:12 ...dules/git/command.go:177:Run() [D] /usr/bin/git -c protocol.version=2 -c uploadpack.allowfilter=true -c uploadpack.allowAnySHA1InWant=true -c credential.helper= --no-such-arg
2022/11/13 11:18:12 ...dules/git/command.go:166:Run() [E] git command is broken: /usr/bin/git -c protocol.version=2 -c uploadpack.allowfilter=true -c uploadpack.allowAnySHA1InWant=true -c credential.helper=, broken args: -test
2022/11/13 11:18:12 ...dules/git/command.go:166:Run() [E] git command is broken: /usr/bin/git -c protocol.version=2 -c uploadpack.allowfilter=true -c uploadpack.allowAnySHA1InWant=true -c credential.helper=, broken args: --test
2022/11/13 11:18:12 ...dules/git/command.go:177:Run() [D] /usr/bin/git -c protocol.version=2 -c uploadpack.allowfilter=true -c uploadpack.allowAnySHA1InWant=true -c credential.helper= version]]></system-out>
		</testcase>
		<testcase name="TestEntries_GetCommitsInfo" classname="code.gitea.io/gitea/modules/git" time="0.130">
			<system-out><![CDATA[2022/11/13 11:18:12 ...dules/git/command.go:179:Run() [D] /home/catalin/UTM/iii_an/v_sem/idweb/lab_3/gitea/modules/git/tests/repos/repo1_bare: /usr/bin/git -c protocol.version=2 -c uploadpack.allowfilter=true -c uploadpack.allowAnySHA1InWant=true -c credential.helper= rev-parse
2022/11/13 11:18:12 ...dules/git/command.go:179:Run() [D] /home/catalin/UTM/iii_an/v_sem/idweb/lab_3/gitea/modules/git/tests/repos/repo1_bare: /usr/bin/git -c protocol.version=2 -c uploadpack.allowfilter=true -c uploadpack.allowAnySHA1InWant=true -c credential.helper= cat-file --batch-check
2022/11/13 11:18:12 ...dules/git/command.go:179:Run() [D] /home/catalin/UTM/iii_an/v_sem/idweb/lab_3/gitea/modules/git/tests/repos/repo1_bare: /usr/bin/git -c protocol.version=2 -c uploadpack.allowfilter=true -c uploadpack.allowAnySHA1InWant=true -c credential.helper= cat-file --batch
2022/11/13 11:18:12 ...dules/git/command.go:179:Run() [D] /home/catalin/UTM/iii_an/v_sem/idweb/lab_3/gitea/modules/git/tests/repos/repo1_bare: /usr/bin/git -c protocol.version=2 -c uploadpack.allowfilter=true -c uploadpack.allowAnySHA1InWant=true -c credential.helper= log --name-status -c --format=commit%x00%H %P%x00 --parents --no-renames -t -z 8d92fc957a4d7cfd98bc375f0b7bb189a0d6c9f2 -- file1.txt file2.txt
2022/11/13 11:18:12 ...dules/git/command.go:179:Run() [D] /home/catalin/UTM/iii_an/v_sem/idweb/lab_3/gitea/modules/git/tests/repos/repo1_bare: /usr/bin/git -c protocol.version=2 -c uploadpack.allowfilter=true -c uploadpack.allowAnySHA1InWant=true -c credential.helper= log --name-status -c --format=commit%x00%H %P%x00 --parents --no-renames -t -z 8d92fc957a4d7cfd98bc375f0b7bb189a0d6c9f2 -- file1.txt
2022/11/13 11:18:12 ...dules/git/command.go:179:Run() [D] /home/catalin/UTM/iii_an/v_sem/idweb/lab_3/gitea/modules/git/tests/repos/repo1_bare: /usr/bin/git -c protocol.version=2 -c uploadpack.allowfilter=true -c uploadpack.allowAnySHA1InWant=true -c credential.helper= log --name-status -c --format=commit%x00%H %P%x00 --parents --no-renames -t -z 2839944139e0de9737a044f78b0e4b40d989a9e3 -- branch1.txt file1.txt
2022/11/13 11:18:12 ...dules/git/command.go:179:Run() [D] /home/catalin/UTM/iii_an/v_sem/idweb/lab_3/gitea/modules/git/tests/repos/repo1_bare: /usr/bin/git -c protocol.version=2 -c uploadpack.allowfilter=true -c uploadpack.allowAnySHA1InWant=true -c credential.helper= log --name-status -c --format=commit%x00%H %P%x00 --parents --no-renames -t -z 2839944139e0de9737a044f78b0e4b40d989a9e3 -- branch1.txt
2022/11/13 11:18:12 ...dules/git/command.go:179:Run() [D] /home/catalin/UTM/iii_an/v_sem/idweb/lab_3/gitea/modules/git/tests/repos/repo1_bare: /usr/bin/git -c protocol.version=2 -c uploadpack.allowfilter=true -c uploadpack.allowAnySHA1InWant=true -c credential.helper= log --name-status -c --format=commit%x00%H %P%x00 --parents --no-renames -t -z 5c80b0245c1c6f8343fa418ec374b13b5d4ee658 -- branch2 branch2/branch2.txt
2022/11/13 11:18:12 ...dules/git/command.go:179:Run() [D] /home/catalin/UTM/iii_an/v_sem/idweb/lab_3/gitea/modules/git/tests/repos/repo1_bare: /usr/bin/git -c protocol.version=2 -c uploadpack.allowfilter=true -c uploadpack.allowAnySHA1InWant=true -c credential.helper= log --name-status -c --format=commit%x00%H %P%x00 --parents --no-renames -t -z feaf4ba6bc635fec442f46ddd4512416ec43c2c2 -- file1.txt file2.txt foo
2022/11/13 11:18:12 ...dules/git/command.go:179:Run() [D] /home/catalin/UTM/iii_an/v_sem/idweb/lab_3/gitea/modules/git/tests/repos/repo1_bare: /usr/bin/git -c protocol.version=2 -c uploadpack.allowfilter=true -c uploadpack.allowAnySHA1InWant=true -c credential.helper= log --name-status -c --format=commit%x00%H %P%x00 --parents --no-renames -t -z 37991dec2c8e592043f47155ce4808d4580f9123 -- file1.txt file2.txt
2022/11/13 11:18:12 ...dules/git/command.go:179:Run() [D] /home/catalin/UTM/iii_an/v_sem/idweb/lab_3/gitea/modules/git/tests/repos/repo1_bare: /usr/bin/git -c protocol.version=2 -c uploadpack.allowfilter=true -c uploadpack.allowAnySHA1InWant=true -c credential.helper= log --name-status -c --format=commit%x00%H %P%x00 --parents --no-renames -t -z 8d92fc957a4d7cfd98bc375f0b7bb189a0d6c9f2 -- file1.txt
2022/11/13 11:18:12 ...dules/git/command.go:177:Run() [D] /usr/bin/git -c protocol.version=2 -c uploadpack.allowfilter=true -c uploadpack.allowAnySHA1InWant=true -c credential.helper= clone --quiet -- tests/repos/repo1_bare /tmp/repo1_TestEntries_GetCommitsInfo2218667659
2022/11/13 11:18:12 ...dules/git/command.go:179:Run() [D] /tmp/repo1_TestEntries_GetCommitsInfo2218667659: /usr/bin/git -c protocol.version=2 -c uploadpack.allowfilter=true -c uploadpack.allowAnySHA1InWant=true -c credential.helper= rev-parse
2022/11/13 11:18:12 ...dules/git/command.go:179:Run() [D] /tmp/repo1_TestEntries_GetCommitsInfo2218667659: /usr/bin/git -c protocol.version=2 -c uploadpack.allowfilter=true -c uploadpack.allowAnySHA1InWant=true -c credential.helper= cat-file --batch-check
2022/11/13 11:18:12 ...dules/git/command.go:179:Run() [D] /tmp/repo1_TestEntries_GetCommitsInfo2218667659: /usr/bin/git -c protocol.version=2 -c uploadpack.allowfilter=true -c uploadpack.allowAnySHA1InWant=true -c credential.helper= cat-file --batch
2022/11/13 11:18:12 ...dules/git/command.go:179:Run() [D] /tmp/repo1_TestEntries_GetCommitsInfo2218667659: /usr/bin/git -c protocol.version=2 -c uploadpack.allowfilter=true -c uploadpack.allowAnySHA1InWant=true -c credential.helper= log --name-status -c --format=commit%x00%H %P%x00 --parents --no-renames -t -z 8d92fc957a4d7cfd98bc375f0b7bb189a0d6c9f2 -- file1.txt file2.txt
2022/11/13 11:18:12 ...dules/git/command.go:179:Run() [D] /tmp/repo1_TestEntries_GetCommitsInfo2218667659: /usr/bin/git -c protocol.version=2 -c uploadpack.allowfilter=true -c uploadpack.allowAnySHA1InWant=true -c credential.helper= log --name-status -c --format=commit%x00%H %P%x00 --parents --no-renames -t -z 8d92fc957a4d7cfd98bc375f0b7bb189a0d6c9f2 -- file1.txt
2022/11/13 11:18:12 ...dules/git/command.go:179:Run() [D] /tmp/repo1_TestEntries_GetCommitsInfo2218667659: /usr/bin/git -c protocol.version=2 -c uploadpack.allowfilter=true -c uploadpack.allowAnySHA1InWant=true -c credential.helper= log --name-status -c --format=commit%x00%H %P%x00 --parents --no-renames -t -z 2839944139e0de9737a044f78b0e4b40d989a9e3 -- branch1.txt file1.txt
2022/11/13 11:18:12 ...dules/git/command.go:179:Run() [D] /tmp/repo1_TestEntries_GetCommitsInfo2218667659: /usr/bin/git -c protocol.version=2 -c uploadpack.allowfilter=true -c uploadpack.allowAnySHA1InWant=true -c credential.helper= log --name-status -c --format=commit%x00%H %P%x00 --parents --no-renames -t -z 2839944139e0de9737a044f78b0e4b40d989a9e3 -- branch1.txt
2022/11/13 11:18:12 ...dules/git/command.go:179:Run() [D] /tmp/repo1_TestEntries_GetCommitsInfo2218667659: /usr/bin/git -c protocol.version=2 -c uploadpack.allowfilter=true -c uploadpack.allowAnySHA1InWant=true -c credential.helper= log --name-status -c --format=commit%x00%H %P%x00 --parents --no-renames -t -z 5c80b0245c1c6f8343fa418ec374b13b5d4ee658 -- branch2 branch2/branch2.txt
2022/11/13 11:18:12 ...dules/git/command.go:179:Run() [D] /tmp/repo1_TestEntries_GetCommitsInfo2218667659: /usr/bin/git -c protocol.version=2 -c uploadpack.allowfilter=true -c uploadpack.allowAnySHA1InWant=true -c credential.helper= log --name-status -c --format=commit%x00%H %P%x00 --parents --no-renames -t -z feaf4ba6bc635fec442f46ddd4512416ec43c2c2 -- file1.txt file2.txt foo
2022/11/13 11:18:12 ...dules/git/command.go:179:Run() [D] /tmp/repo1_TestEntries_GetCommitsInfo2218667659: /usr/bin/git -c protocol.version=2 -c uploadpack.allowfilter=true -c uploadpack.allowAnySHA1InWant=true -c credential.helper= log --name-status -c --format=commit%x00%H %P%x00 --parents --no-renames -t -z 37991dec2c8e592043f47155ce4808d4580f9123 -- file1.txt file2.txt
2022/11/13 11:18:12 ...dules/git/command.go:179:Run() [D] /tmp/repo1_TestEntries_GetCommitsInfo2218667659: /usr/bin/git -c protocol.version=2 -c uploadpack.allowfilter=true -c uploadpack.allowAnySHA1InWant=true -c credential.helper= log --name-status -c --format=commit%x00%H %P%x00 --parents --no-renames -t -z 8d92fc957a4d7cfd98bc375f0b7bb189a0d6c9f2 -- file1.txt]]></system-out>
		</testcase>
		<testcase name="TestCommitsCount" classname="code.gitea.io/gitea/modules/git" time="0.000">
			<system-out><![CDATA[2022/11/13 11:18:12 ...dules/git/command.go:179:Run() [D] tests/repos/repo1_bare: /usr/bin/git -c protocol.version=2 -c uploadpack.allowfilter=true -c uploadpack.allowAnySHA1InWant=true -c credential.helper= rev-list --count 8006ff9adbf0cb94da7dad9e537e53817f9fa5c0]]></system-out>
		</testcase>
		<testcase name="TestGetFullCommitID" classname="code.gitea.io/gitea/modules/git" time="0.000">
			<system-out><![CDATA[2022/11/13 11:18:12 ...dules/git/command.go:179:Run() [D] tests/repos/repo1_bare: /usr/bin/git -c protocol.version=2 -c uploadpack.allowfilter=true -c uploadpack.allowAnySHA1InWant=true -c credential.helper= rev-parse 8006ff9a]]></system-out>
		</testcase>
		<testcase name="TestGetFullCommitIDError" classname="code.gitea.io/gitea/modules/git" time="0.000">
			<system-out><![CDATA[2022/11/13 11:18:12 ...dules/git/command.go:179:Run() [D] tests/repos/repo1_bare: /usr/bin/git -c protocol.version=2 -c uploadpack.allowfilter=true -c uploadpack.allowAnySHA1InWant=true -c credential.helper= rev-parse unknown]]></system-out>
		</testcase>
		<testcase name="TestCommitFromReader" classname="code.gitea.io/gitea/modules/git" time="0.000">
			<system-out><![CDATA[2022/11/13 11:18:12 ...dules/git/command.go:179:Run() [D] /home/catalin/UTM/iii_an/v_sem/idweb/lab_3/gitea/modules/git/tests/repos/repo1_bare: /usr/bin/git -c protocol.version=2 -c uploadpack.allowfilter=true -c uploadpack.allowAnySHA1InWant=true -c credential.helper= rev-parse
2022/11/13 11:18:12 ...dules/git/command.go:179:Run() [D] /home/catalin/UTM/iii_an/v_sem/idweb/lab_3/gitea/modules/git/tests/repos/repo1_bare: /usr/bin/git -c protocol.version=2 -c uploadpack.allowfilter=true -c uploadpack.allowAnySHA1InWant=true -c credential.helper= cat-file --batch-check
2022/11/13 11:18:12 ...dules/git/command.go:179:Run() [D] /home/catalin/UTM/iii_an/v_sem/idweb/lab_3/gitea/modules/git/tests/repos/repo1_bare: /usr/bin/git -c protocol.version=2 -c uploadpack.allowfilter=true -c uploadpack.allowAnySHA1InWant=true -c credential.helper= cat-file --batch]]></system-out>
		</testcase>
		<testcase name="TestHasPreviousCommit" classname="code.gitea.io/gitea/modules/git" time="0.040">
			<system-out><![CDATA[2022/11/13 11:18:12 ...dules/git/command.go:179:Run() [D] /home/catalin/UTM/iii_an/v_sem/idweb/lab_3/gitea/modules/git/tests/repos/repo1_bare: /usr/bin/git -c protocol.version=2 -c uploadpack.allowfilter=true -c uploadpack.allowAnySHA1InWant=true -c credential.helper= rev-parse
2022/11/13 11:18:12 ...dules/git/command.go:179:Run() [D] /home/catalin/UTM/iii_an/v_sem/idweb/lab_3/gitea/modules/git/tests/repos/repo1_bare: /usr/bin/git -c protocol.version=2 -c uploadpack.allowfilter=true -c uploadpack.allowAnySHA1InWant=true -c credential.helper= cat-file --batch-check
2022/11/13 11:18:12 ...dules/git/command.go:179:Run() [D] /home/catalin/UTM/iii_an/v_sem/idweb/lab_3/gitea/modules/git/tests/repos/repo1_bare: /usr/bin/git -c protocol.version=2 -c uploadpack.allowfilter=true -c uploadpack.allowAnySHA1InWant=true -c credential.helper= cat-file --batch
2022/11/13 11:18:12 ...dules/git/command.go:179:Run() [D] /home/catalin/UTM/iii_an/v_sem/idweb/lab_3/gitea/modules/git/tests/repos/repo1_bare: /usr/bin/git -c protocol.version=2 -c uploadpack.allowfilter=true -c uploadpack.allowAnySHA1InWant=true -c credential.helper= merge-base --is-ancestor 8d92fc957a4d7cfd98bc375f0b7bb189a0d6c9f2 8006ff9adbf0cb94da7dad9e537e53817f9fa5c0
2022/11/13 11:18:12 ...dules/git/command.go:179:Run() [D] /home/catalin/UTM/iii_an/v_sem/idweb/lab_3/gitea/modules/git/tests/repos/repo1_bare: /usr/bin/git -c protocol.version=2 -c uploadpack.allowfilter=true -c uploadpack.allowAnySHA1InWant=true -c credential.helper= merge-base --is-ancestor 2839944139e0de9737a044f78b0e4b40d989a9e3 8006ff9adbf0cb94da7dad9e537e53817f9fa5c0]]></system-out>
		</testcase>
		<testcase name="TestParseCommitFileStatus" classname="code.gitea.io/gitea/modules/git" time="0.000"></testcase>
		<testcase name="TestCutDiffAroundLineIssue17875" classname="code.gitea.io/gitea/modules/git" time="0.000"></testcase>
		<testcase name="TestCutDiffAroundLine" classname="code.gitea.io/gitea/modules/git" time="0.000"></testcase>
		<testcase name="TestParseDiffHunkString" classname="code.gitea.io/gitea/modules/git" time="0.000"></testcase>
		<testcase name="TestGitConfig" classname="code.gitea.io/gitea/modules/git" time="0.060">
			<failure message="Failed"><![CDATA[2022/11/13 11:18:12 ...dules/git/command.go:177:Run() [D] /usr/bin/git -c protocol.version=2 -c uploadpack.allowfilter=true -c uploadpack.allowAnySHA1InWant=true -c credential.helper= config --get test.key-a
    git_test.go:60: 
        	Error Trace:	git_test.go:60
        	Error:      	Should be true
        	Test:       	TestGitConfig
2022/11/13 11:18:12 ...dules/git/command.go:177:Run() [D] /usr/bin/git -c protocol.version=2 -c uploadpack.allowfilter=true -c uploadpack.allowAnySHA1InWant=true -c credential.helper= config --get test.key-a
2022/11/13 11:18:12 ...dules/git/command.go:177:Run() [D] /usr/bin/git -c protocol.version=2 -c uploadpack.allowfilter=true -c uploadpack.allowAnySHA1InWant=true -c credential.helper= config --get test.key-a
    git_test.go:66: 
        	Error Trace:	git_test.go:66
        	Error:      	Should be true
        	Test:       	TestGitConfig
2022/11/13 11:18:12 ...dules/git/command.go:177:Run() [D] /usr/bin/git -c protocol.version=2 -c uploadpack.allowfilter=true -c uploadpack.allowAnySHA1InWant=true -c credential.helper= config --get test.key-b val-b
2022/11/13 11:18:12 ...dules/git/command.go:177:Run() [D] /usr/bin/git -c protocol.version=2 -c uploadpack.allowfilter=true -c uploadpack.allowAnySHA1InWant=true -c credential.helper= config --global --add test.key-b val-b
    git_test.go:69: 
        	Error Trace:	git_test.go:69
        	Error:      	Should be true
        	Test:       	TestGitConfig
2022/11/13 11:18:12 ...dules/git/command.go:177:Run() [D] /usr/bin/git -c protocol.version=2 -c uploadpack.allowfilter=true -c uploadpack.allowAnySHA1InWant=true -c credential.helper= config --get test.key-b val-2b
2022/11/13 11:18:12 ...dules/git/command.go:177:Run() [D] /usr/bin/git -c protocol.version=2 -c uploadpack.allowfilter=true -c uploadpack.allowAnySHA1InWant=true -c credential.helper= config --global --add test.key-b val-2b
    git_test.go:72: 
        	Error Trace:	git_test.go:72
        	Error:      	Should be true
        	Test:       	TestGitConfig
    git_test.go:73: 
        	Error Trace:	git_test.go:73
        	Error:      	Should be true
        	Test:       	TestGitConfig
2022/11/13 11:18:12 ...dules/git/command.go:177:Run() [D] /usr/bin/git -c protocol.version=2 -c uploadpack.allowfilter=true -c uploadpack.allowAnySHA1InWant=true -c credential.helper= config --get test.key-b
2022/11/13 11:18:12 ...dules/git/command.go:177:Run() [D] /usr/bin/git -c protocol.version=2 -c uploadpack.allowfilter=true -c uploadpack.allowAnySHA1InWant=true -c credential.helper= config --global --unset-all test.key-b val-b
    git_test.go:77: 
        	Error Trace:	git_test.go:77
        	Error:      	Should be true
        	Test:       	TestGitConfig
2022/11/13 11:18:12 ...dules/git/command.go:177:Run() [D] /usr/bin/git -c protocol.version=2 -c uploadpack.allowfilter=true -c uploadpack.allowAnySHA1InWant=true -c credential.helper= config --get test.key-b
2022/11/13 11:18:12 ...dules/git/command.go:177:Run() [D] /usr/bin/git -c protocol.version=2 -c uploadpack.allowfilter=true -c uploadpack.allowAnySHA1InWant=true -c credential.helper= config --global --unset-all test.key-b val-2b
2022/11/13 11:18:12 ...dules/git/command.go:177:Run() [D] /usr/bin/git -c protocol.version=2 -c uploadpack.allowfilter=true -c uploadpack.allowAnySHA1InWant=true -c credential.helper= config --get test.key-x
2022/11/13 11:18:12 ...dules/git/command.go:177:Run() [D] /usr/bin/git -c protocol.version=2 -c uploadpack.allowfilter=true -c uploadpack.allowAnySHA1InWant=true -c credential.helper= config --global test.key-x *
    git_test.go:83: 
        	Error Trace:	git_test.go:83
        	Error:      	Should be true
        	Test:       	TestGitConfig
2022/11/13 11:18:12 ...dules/git/command.go:177:Run() [D] /usr/bin/git -c protocol.version=2 -c uploadpack.allowfilter=true -c uploadpack.allowAnySHA1InWant=true -c credential.helper= config --get test.key-x
2022/11/13 11:18:12 ...dules/git/command.go:177:Run() [D] /usr/bin/git -c protocol.version=2 -c uploadpack.allowfilter=true -c uploadpack.allowAnySHA1InWant=true -c credential.helper= config --get test.key-x
2022/11/13 11:18:12 ...dules/git/command.go:177:Run() [D] /usr/bin/git -c protocol.version=2 -c uploadpack.allowfilter=true -c uploadpack.allowAnySHA1InWant=true -c credential.helper= config --global --unset-all test.key-x \*]]></failure>
		</testcase>
		<testcase name="TestGetNotes" classname="code.gitea.io/gitea/modules/git" time="0.040">
			<system-out><![CDATA[2022/11/13 11:18:12 ...dules/git/command.go:179:Run() [D] /home/catalin/UTM/iii_an/v_sem/idweb/lab_3/gitea/modules/git/tests/repos/repo1_bare: /usr/bin/git -c protocol.version=2 -c uploadpack.allowfilter=true -c uploadpack.allowAnySHA1InWant=true -c credential.helper= rev-parse
2022/11/13 11:18:12 ...git/notes_nogogit.go:20:GetNote() [T] Searching for git note corresponding to the commit "95bb4d39648ee7e325106df01a621c530863a653" in the repository "/home/catalin/UTM/iii_an/v_sem/idweb/lab_3/gitea/modules/git/tests/repos/repo1_bare"
2022/11/13 11:18:12 ...dules/git/command.go:179:Run() [D] /home/catalin/UTM/iii_an/v_sem/idweb/lab_3/gitea/modules/git/tests/repos/repo1_bare: /usr/bin/git -c protocol.version=2 -c uploadpack.allowfilter=true -c uploadpack.allowAnySHA1InWant=true -c credential.helper= cat-file --batch
2022/11/13 11:18:12 ...dules/git/command.go:179:Run() [D] /home/catalin/UTM/iii_an/v_sem/idweb/lab_3/gitea/modules/git/tests/repos/repo1_bare: /usr/bin/git -c protocol.version=2 -c uploadpack.allowfilter=true -c uploadpack.allowAnySHA1InWant=true -c credential.helper= cat-file --batch-check
2022/11/13 11:18:12 ...git/notes_nogogit.go:33:GetNote() [T] Found tree with ID "28345b214c5967bd9cdd98cc7f88f2f1ac574e02" while searching for git note corresponding to the commit "95bb4d39648ee7e325106df01a621c530863a653"
2022/11/13 11:18:12 ...dules/git/command.go:179:Run() [D] /home/catalin/UTM/iii_an/v_sem/idweb/lab_3/gitea/modules/git/tests/repos/repo1_bare: /usr/bin/git -c protocol.version=2 -c uploadpack.allowfilter=true -c uploadpack.allowAnySHA1InWant=true -c credential.helper= log --name-status -c --format=commit%x00%H %P%x00 --parents --no-renames -t -z ca6b5ddf303169a72d2a2971acde4f6eea194e5c -- 95bb4d39648ee7e325106df01a621c530863a653]]></system-out>
		</testcase>
		<testcase name="TestGetNestedNotes" classname="code.gitea.io/gitea/modules/git" time="0.040">
			<system-out><![CDATA[2022/11/13 11:18:13 ...dules/git/command.go:179:Run() [D] /home/catalin/UTM/iii_an/v_sem/idweb/lab_3/gitea/modules/git/tests/repos/repo3_notes: /usr/bin/git -c protocol.version=2 -c uploadpack.allowfilter=true -c uploadpack.allowAnySHA1InWant=true -c credential.helper= rev-parse
2022/11/13 11:18:13 ...git/notes_nogogit.go:20:GetNote() [T] Searching for git note corresponding to the commit "3e668dbfac39cbc80a9ff9c61eb565d944453ba4" in the repository "/home/catalin/UTM/iii_an/v_sem/idweb/lab_3/gitea/modules/git/tests/repos/repo3_notes"
2022/11/13 11:18:13 ...dules/git/command.go:179:Run() [D] /home/catalin/UTM/iii_an/v_sem/idweb/lab_3/gitea/modules/git/tests/repos/repo3_notes: /usr/bin/git -c protocol.version=2 -c uploadpack.allowfilter=true -c uploadpack.allowAnySHA1InWant=true -c credential.helper= cat-file --batch
2022/11/13 11:18:13 ...dules/git/command.go:179:Run() [D] /home/catalin/UTM/iii_an/v_sem/idweb/lab_3/gitea/modules/git/tests/repos/repo3_notes: /usr/bin/git -c protocol.version=2 -c uploadpack.allowfilter=true -c uploadpack.allowAnySHA1InWant=true -c credential.helper= cat-file --batch-check
2022/11/13 11:18:13 ...git/notes_nogogit.go:33:GetNote() [T] Found tree with ID "fec9fe57e9864fe537f02f825e377c4a8a65ad2e" while searching for git note corresponding to the commit "3e668dbfac39cbc80a9ff9c61eb565d944453ba4"
2022/11/13 11:18:13 ...dules/git/command.go:179:Run() [D] /home/catalin/UTM/iii_an/v_sem/idweb/lab_3/gitea/modules/git/tests/repos/repo3_notes: /usr/bin/git -c protocol.version=2 -c uploadpack.allowfilter=true -c uploadpack.allowAnySHA1InWant=true -c credential.helper= log --name-status -c --format=commit%x00%H %P%x00 --parents --no-renames -t -z 654c8b6b63c08bf37f638d3f521626b7fbbd4d37 -- 3e/66 3e/66/8dbfac39cbc80a9ff9c61eb565d944453ba4
2022/11/13 11:18:13 ...git/notes_nogogit.go:20:GetNote() [T] Searching for git note corresponding to the commit "ba0a96fa63532d6c5087ecef070b0250ed72fa47" in the repository "/home/catalin/UTM/iii_an/v_sem/idweb/lab_3/gitea/modules/git/tests/repos/repo3_notes"
2022/11/13 11:18:13 ...git/notes_nogogit.go:33:GetNote() [T] Found tree with ID "fec9fe57e9864fe537f02f825e377c4a8a65ad2e" while searching for git note corresponding to the commit "ba0a96fa63532d6c5087ecef070b0250ed72fa47"
2022/11/13 11:18:13 ...dules/git/command.go:179:Run() [D] /home/catalin/UTM/iii_an/v_sem/idweb/lab_3/gitea/modules/git/tests/repos/repo3_notes: /usr/bin/git -c protocol.version=2 -c uploadpack.allowfilter=true -c uploadpack.allowAnySHA1InWant=true -c credential.helper= log --name-status -c --format=commit%x00%H %P%x00 --parents --no-renames -t -z 654c8b6b63c08bf37f638d3f521626b7fbbd4d37 -- ba0a96fa63532d6c5087ecef070b0250ed72fa47]]></system-out>
		</testcase>
		<testcase name="TestGetNonExistentNotes" classname="code.gitea.io/gitea/modules/git" time="0.010">
			<system-out><![CDATA[2022/11/13 11:18:13 ...dules/git/command.go:179:Run() [D] /home/catalin/UTM/iii_an/v_sem/idweb/lab_3/gitea/modules/git/tests/repos/repo1_bare: /usr/bin/git -c protocol.version=2 -c uploadpack.allowfilter=true -c uploadpack.allowAnySHA1InWant=true -c credential.helper= rev-parse
2022/11/13 11:18:13 ...git/notes_nogogit.go:20:GetNote() [T] Searching for git note corresponding to the commit "non_existent_sha" in the repository "/home/catalin/UTM/iii_an/v_sem/idweb/lab_3/gitea/modules/git/tests/repos/repo1_bare"
2022/11/13 11:18:13 ...dules/git/command.go:179:Run() [D] /home/catalin/UTM/iii_an/v_sem/idweb/lab_3/gitea/modules/git/tests/repos/repo1_bare: /usr/bin/git -c protocol.version=2 -c uploadpack.allowfilter=true -c uploadpack.allowAnySHA1InWant=true -c credential.helper= cat-file --batch
2022/11/13 11:18:13 ...dules/git/command.go:179:Run() [D] /home/catalin/UTM/iii_an/v_sem/idweb/lab_3/gitea/modules/git/tests/repos/repo1_bare: /usr/bin/git -c protocol.version=2 -c uploadpack.allowfilter=true -c uploadpack.allowAnySHA1InWant=true -c credential.helper= cat-file --batch-check
2022/11/13 11:18:13 ...git/notes_nogogit.go:33:GetNote() [T] Found tree with ID "28345b214c5967bd9cdd98cc7f88f2f1ac574e02" while searching for git note corresponding to the commit "non_existent_sha"]]></system-out>
		</testcase>
		<testcase name="TestParseTreeEntries" classname="code.gitea.io/gitea/modules/git" time="0.000"></testcase>
		<testcase name="Test_nulSeparatedAttributeWriter_ReadAttribute" classname="code.gitea.io/gitea/modules/git" time="0.200"></testcase>
		<testcase name="Test_lineSeparatedAttributeWriter_ReadAttribute" classname="code.gitea.io/gitea/modules/git" time="0.200"></testcase>
		<testcase name="TestRepository_GetBlob_Found" classname="code.gitea.io/gitea/modules/git" time="0.010">
			<system-out><![CDATA[2022/11/13 11:18:13 ...dules/git/command.go:179:Run() [D] /home/catalin/UTM/iii_an/v_sem/idweb/lab_3/gitea/modules/git/tests/repos/repo1_bare: /usr/bin/git -c protocol.version=2 -c uploadpack.allowfilter=true -c uploadpack.allowAnySHA1InWant=true -c credential.helper= rev-parse
2022/11/13 11:18:13 ...dules/git/command.go:179:Run() [D] /home/catalin/UTM/iii_an/v_sem/idweb/lab_3/gitea/modules/git/tests/repos/repo1_bare: /usr/bin/git -c protocol.version=2 -c uploadpack.allowfilter=true -c uploadpack.allowAnySHA1InWant=true -c credential.helper= cat-file --batch-check
2022/11/13 11:18:13 ...dules/git/command.go:179:Run() [D] /home/catalin/UTM/iii_an/v_sem/idweb/lab_3/gitea/modules/git/tests/repos/repo1_bare: /usr/bin/git -c protocol.version=2 -c uploadpack.allowfilter=true -c uploadpack.allowAnySHA1InWant=true -c credential.helper= cat-file --batch]]></system-out>
		</testcase>
		<testcase name="TestRepository_GetBlob_NotExist" classname="code.gitea.io/gitea/modules/git" time="0.000">
			<system-out><![CDATA[2022/11/13 11:18:13 ...dules/git/command.go:179:Run() [D] /home/catalin/UTM/iii_an/v_sem/idweb/lab_3/gitea/modules/git/tests/repos/repo1_bare: /usr/bin/git -c protocol.version=2 -c uploadpack.allowfilter=true -c uploadpack.allowAnySHA1InWant=true -c credential.helper= rev-parse
2022/11/13 11:18:13 ...dules/git/command.go:179:Run() [D] /home/catalin/UTM/iii_an/v_sem/idweb/lab_3/gitea/modules/git/tests/repos/repo1_bare: /usr/bin/git -c protocol.version=2 -c uploadpack.allowfilter=true -c uploadpack.allowAnySHA1InWant=true -c credential.helper= cat-file --batch-check
2022/11/13 11:18:13 ...dules/git/command.go:179:Run() [D] /home/catalin/UTM/iii_an/v_sem/idweb/lab_3/gitea/modules/git/tests/repos/repo1_bare: /usr/bin/git -c protocol.version=2 -c uploadpack.allowfilter=true -c uploadpack.allowAnySHA1InWant=true -c credential.helper= cat-file --batch]]></system-out>
		</testcase>
		<testcase name="TestRepository_GetBlob_NoId" classname="code.gitea.io/gitea/modules/git" time="0.010">
			<system-out><![CDATA[2022/11/13 11:18:13 ...dules/git/command.go:179:Run() [D] /home/catalin/UTM/iii_an/v_sem/idweb/lab_3/gitea/modules/git/tests/repos/repo1_bare: /usr/bin/git -c protocol.version=2 -c uploadpack.allowfilter=true -c uploadpack.allowAnySHA1InWant=true -c credential.helper= rev-parse
2022/11/13 11:18:13 ...dules/git/command.go:179:Run() [D] /home/catalin/UTM/iii_an/v_sem/idweb/lab_3/gitea/modules/git/tests/repos/repo1_bare: /usr/bin/git -c protocol.version=2 -c uploadpack.allowfilter=true -c uploadpack.allowAnySHA1InWant=true -c credential.helper= cat-file --batch-check
2022/11/13 11:18:13 ...dules/git/command.go:179:Run() [D] /home/catalin/UTM/iii_an/v_sem/idweb/lab_3/gitea/modules/git/tests/repos/repo1_bare: /usr/bin/git -c protocol.version=2 -c uploadpack.allowfilter=true -c uploadpack.allowAnySHA1InWant=true -c credential.helper= cat-file --batch]]></system-out>
		</testcase>
		<testcase name="TestRepository_GetBranches" classname="code.gitea.io/gitea/modules/git" time="0.010">
			<system-out><![CDATA[2022/11/13 11:18:13 ...dules/git/command.go:179:Run() [D] /home/catalin/UTM/iii_an/v_sem/idweb/lab_3/gitea/modules/git/tests/repos/repo1_bare: /usr/bin/git -c protocol.version=2 -c uploadpack.allowfilter=true -c uploadpack.allowAnySHA1InWant=true -c credential.helper= rev-parse
2022/11/13 11:18:13 ...dules/git/command.go:179:Run() [D] /home/catalin/UTM/iii_an/v_sem/idweb/lab_3/gitea/modules/git/tests/repos/repo1_bare: /usr/bin/git -c protocol.version=2 -c uploadpack.allowfilter=true -c uploadpack.allowAnySHA1InWant=true -c credential.helper= show-ref --heads
2022/11/13 11:18:13 ...dules/git/command.go:179:Run() [D] /home/catalin/UTM/iii_an/v_sem/idweb/lab_3/gitea/modules/git/tests/repos/repo1_bare: /usr/bin/git -c protocol.version=2 -c uploadpack.allowfilter=true -c uploadpack.allowAnySHA1InWant=true -c credential.helper= cat-file --batch
2022/11/13 11:18:13 ...dules/git/command.go:179:Run() [D] /home/catalin/UTM/iii_an/v_sem/idweb/lab_3/gitea/modules/git/tests/repos/repo1_bare: /usr/bin/git -c protocol.version=2 -c uploadpack.allowfilter=true -c uploadpack.allowAnySHA1InWant=true -c credential.helper= cat-file --batch-check
2022/11/13 11:18:13 ...dules/git/command.go:179:Run() [D] /home/catalin/UTM/iii_an/v_sem/idweb/lab_3/gitea/modules/git/tests/repos/repo1_bare: /usr/bin/git -c protocol.version=2 -c uploadpack.allowfilter=true -c uploadpack.allowAnySHA1InWant=true -c credential.helper= show-ref --heads
2022/11/13 11:18:13 ...dules/git/command.go:179:Run() [D] /home/catalin/UTM/iii_an/v_sem/idweb/lab_3/gitea/modules/git/tests/repos/repo1_bare: /usr/bin/git -c protocol.version=2 -c uploadpack.allowfilter=true -c uploadpack.allowAnySHA1InWant=true -c credential.helper= show-ref --heads]]></system-out>
		</testcase>
		<testcase name="TestGetRefsBySha" classname="code.gitea.io/gitea/modules/git" time="0.030">
			<system-out><![CDATA[2022/11/13 11:18:13 ...dules/git/command.go:179:Run() [D] /home/catalin/UTM/iii_an/v_sem/idweb/lab_3/gitea/modules/git/tests/repos/repo5_pulls: /usr/bin/git -c protocol.version=2 -c uploadpack.allowfilter=true -c uploadpack.allowAnySHA1InWant=true -c credential.helper= rev-parse
2022/11/13 11:18:13 ...dules/git/command.go:179:Run() [D] /home/catalin/UTM/iii_an/v_sem/idweb/lab_3/gitea/modules/git/tests/repos/repo5_pulls: /usr/bin/git -c protocol.version=2 -c uploadpack.allowfilter=true -c uploadpack.allowAnySHA1InWant=true -c credential.helper= show-ref
2022/11/13 11:18:13 ...dules/git/command.go:179:Run() [D] /home/catalin/UTM/iii_an/v_sem/idweb/lab_3/gitea/modules/git/tests/repos/repo5_pulls: /usr/bin/git -c protocol.version=2 -c uploadpack.allowfilter=true -c uploadpack.allowAnySHA1InWant=true -c credential.helper= cat-file --batch
2022/11/13 11:18:13 ...dules/git/command.go:179:Run() [D] /home/catalin/UTM/iii_an/v_sem/idweb/lab_3/gitea/modules/git/tests/repos/repo5_pulls: /usr/bin/git -c protocol.version=2 -c uploadpack.allowfilter=true -c uploadpack.allowAnySHA1InWant=true -c credential.helper= cat-file --batch-check
2022/11/13 11:18:13 ...dules/git/command.go:179:Run() [D] /home/catalin/UTM/iii_an/v_sem/idweb/lab_3/gitea/modules/git/tests/repos/repo5_pulls: /usr/bin/git -c protocol.version=2 -c uploadpack.allowfilter=true -c uploadpack.allowAnySHA1InWant=true -c credential.helper= show-ref
2022/11/13 11:18:13 ...dules/git/command.go:179:Run() [D] /home/catalin/UTM/iii_an/v_sem/idweb/lab_3/gitea/modules/git/tests/repos/repo5_pulls: /usr/bin/git -c protocol.version=2 -c uploadpack.allowfilter=true -c uploadpack.allowAnySHA1InWant=true -c credential.helper= show-ref
2022/11/13 11:18:13 ...dules/git/command.go:179:Run() [D] /home/catalin/UTM/iii_an/v_sem/idweb/lab_3/gitea/modules/git/tests/repos/repo5_pulls: /usr/bin/git -c protocol.version=2 -c uploadpack.allowfilter=true -c uploadpack.allowAnySHA1InWant=true -c credential.helper= show-ref]]></system-out>
		</testcase>
		<testcase name="TestRepository_GetCommitBranches" classname="code.gitea.io/gitea/modules/git" time="0.040">
			<system-out><![CDATA[2022/11/13 11:18:13 ...dules/git/command.go:179:Run() [D] /home/catalin/UTM/iii_an/v_sem/idweb/lab_3/gitea/modules/git/tests/repos/repo1_bare: /usr/bin/git -c protocol.version=2 -c uploadpack.allowfilter=true -c uploadpack.allowAnySHA1InWant=true -c credential.helper= rev-parse
2022/11/13 11:18:13 ...dules/git/command.go:179:Run() [D] /home/catalin/UTM/iii_an/v_sem/idweb/lab_3/gitea/modules/git/tests/repos/repo1_bare: /usr/bin/git -c protocol.version=2 -c uploadpack.allowfilter=true -c uploadpack.allowAnySHA1InWant=true -c credential.helper= cat-file --batch-check
2022/11/13 11:18:13 ...dules/git/command.go:179:Run() [D] /home/catalin/UTM/iii_an/v_sem/idweb/lab_3/gitea/modules/git/tests/repos/repo1_bare: /usr/bin/git -c protocol.version=2 -c uploadpack.allowfilter=true -c uploadpack.allowAnySHA1InWant=true -c credential.helper= cat-file --batch
2022/11/13 11:18:13 ...dules/git/command.go:179:Run() [D] /home/catalin/UTM/iii_an/v_sem/idweb/lab_3/gitea/modules/git/tests/repos/repo1_bare: /usr/bin/git -c protocol.version=2 -c uploadpack.allowfilter=true -c uploadpack.allowAnySHA1InWant=true -c credential.helper= for-each-ref --count=2 --format=%(refname:strip=2) --contains 2839944139e0de9737a044f78b0e4b40d989a9e3 refs/heads/
2022/11/13 11:18:13 ...dules/git/command.go:179:Run() [D] /home/catalin/UTM/iii_an/v_sem/idweb/lab_3/gitea/modules/git/tests/repos/repo1_bare: /usr/bin/git -c protocol.version=2 -c uploadpack.allowfilter=true -c uploadpack.allowAnySHA1InWant=true -c credential.helper= for-each-ref --count=2 --format=%(refname:strip=2) --contains 5c80b0245c1c6f8343fa418ec374b13b5d4ee658 refs/heads/
2022/11/13 11:18:13 ...dules/git/command.go:179:Run() [D] /home/catalin/UTM/iii_an/v_sem/idweb/lab_3/gitea/modules/git/tests/repos/repo1_bare: /usr/bin/git -c protocol.version=2 -c uploadpack.allowfilter=true -c uploadpack.allowAnySHA1InWant=true -c credential.helper= for-each-ref --count=2 --format=%(refname:strip=2) --contains 37991dec2c8e592043f47155ce4808d4580f9123 refs/heads/
2022/11/13 11:18:13 ...dules/git/command.go:179:Run() [D] /home/catalin/UTM/iii_an/v_sem/idweb/lab_3/gitea/modules/git/tests/repos/repo1_bare: /usr/bin/git -c protocol.version=2 -c uploadpack.allowfilter=true -c uploadpack.allowAnySHA1InWant=true -c credential.helper= for-each-ref --count=2 --format=%(refname:strip=2) --contains 95bb4d39648ee7e325106df01a621c530863a653 refs/heads/
2022/11/13 11:18:13 ...dules/git/command.go:179:Run() [D] /home/catalin/UTM/iii_an/v_sem/idweb/lab_3/gitea/modules/git/tests/repos/repo1_bare: /usr/bin/git -c protocol.version=2 -c uploadpack.allowfilter=true -c uploadpack.allowAnySHA1InWant=true -c credential.helper= for-each-ref --count=2 --format=%(refname:strip=2) --contains 8d92fc957a4d7cfd98bc375f0b7bb189a0d6c9f2 refs/heads/
2022/11/13 11:18:13 ...dules/git/command.go:179:Run() [D] /home/catalin/UTM/iii_an/v_sem/idweb/lab_3/gitea/modules/git/tests/repos/repo1_bare: /usr/bin/git -c protocol.version=2 -c uploadpack.allowfilter=true -c uploadpack.allowAnySHA1InWant=true -c credential.helper= for-each-ref --count=2 --format=%(refname:strip=2) --contains feaf4ba6bc635fec442f46ddd4512416ec43c2c2 refs/heads/]]></system-out>
		</testcase>
		<testcase name="TestGetTagCommitWithSignature" classname="code.gitea.io/gitea/modules/git" time="0.030">
			<system-out><![CDATA[2022/11/13 11:18:13 ...dules/git/command.go:179:Run() [D] /home/catalin/UTM/iii_an/v_sem/idweb/lab_3/gitea/modules/git/tests/repos/repo1_bare: /usr/bin/git -c protocol.version=2 -c uploadpack.allowfilter=true -c uploadpack.allowAnySHA1InWant=true -c credential.helper= rev-parse
2022/11/13 11:18:13 ...dules/git/command.go:179:Run() [D] /home/catalin/UTM/iii_an/v_sem/idweb/lab_3/gitea/modules/git/tests/repos/repo1_bare: /usr/bin/git -c protocol.version=2 -c uploadpack.allowfilter=true -c uploadpack.allowAnySHA1InWant=true -c credential.helper= cat-file --batch-check
2022/11/13 11:18:13 ...dules/git/command.go:179:Run() [D] /home/catalin/UTM/iii_an/v_sem/idweb/lab_3/gitea/modules/git/tests/repos/repo1_bare: /usr/bin/git -c protocol.version=2 -c uploadpack.allowfilter=true -c uploadpack.allowAnySHA1InWant=true -c credential.helper= cat-file --batch]]></system-out>
		</testcase>
		<testcase name="TestGetCommitWithBadCommitID" classname="code.gitea.io/gitea/modules/git" time="0.010">
			<system-out><![CDATA[2022/11/13 11:18:13 ...dules/git/command.go:179:Run() [D] /home/catalin/UTM/iii_an/v_sem/idweb/lab_3/gitea/modules/git/tests/repos/repo1_bare: /usr/bin/git -c protocol.version=2 -c uploadpack.allowfilter=true -c uploadpack.allowAnySHA1InWant=true -c credential.helper= rev-parse
2022/11/13 11:18:13 ...dules/git/command.go:179:Run() [D] /home/catalin/UTM/iii_an/v_sem/idweb/lab_3/gitea/modules/git/tests/repos/repo1_bare: /usr/bin/git -c protocol.version=2 -c uploadpack.allowfilter=true -c uploadpack.allowAnySHA1InWant=true -c credential.helper= cat-file --batch
2022/11/13 11:18:13 ...dules/git/command.go:179:Run() [D] /home/catalin/UTM/iii_an/v_sem/idweb/lab_3/gitea/modules/git/tests/repos/repo1_bare: /usr/bin/git -c protocol.version=2 -c uploadpack.allowfilter=true -c uploadpack.allowAnySHA1InWant=true -c credential.helper= cat-file --batch-check]]></system-out>
		</testcase>
		<testcase name="TestIsCommitInBranch" classname="code.gitea.io/gitea/modules/git" time="0.030">
			<system-out><![CDATA[2022/11/13 11:18:13 ...dules/git/command.go:179:Run() [D] /home/catalin/UTM/iii_an/v_sem/idweb/lab_3/gitea/modules/git/tests/repos/repo1_bare: /usr/bin/git -c protocol.version=2 -c uploadpack.allowfilter=true -c uploadpack.allowAnySHA1InWant=true -c credential.helper= rev-parse
2022/11/13 11:18:13 ...dules/git/command.go:179:Run() [D] /home/catalin/UTM/iii_an/v_sem/idweb/lab_3/gitea/modules/git/tests/repos/repo1_bare: /usr/bin/git -c protocol.version=2 -c uploadpack.allowfilter=true -c uploadpack.allowAnySHA1InWant=true -c credential.helper= branch --contains 2839944139e0de9737a044f78b0e4b40d989a9e3 branch1
2022/11/13 11:18:13 ...dules/git/command.go:179:Run() [D] /home/catalin/UTM/iii_an/v_sem/idweb/lab_3/gitea/modules/git/tests/repos/repo1_bare: /usr/bin/git -c protocol.version=2 -c uploadpack.allowfilter=true -c uploadpack.allowAnySHA1InWant=true -c credential.helper= cat-file --batch
2022/11/13 11:18:13 ...dules/git/command.go:179:Run() [D] /home/catalin/UTM/iii_an/v_sem/idweb/lab_3/gitea/modules/git/tests/repos/repo1_bare: /usr/bin/git -c protocol.version=2 -c uploadpack.allowfilter=true -c uploadpack.allowAnySHA1InWant=true -c credential.helper= cat-file --batch-check
2022/11/13 11:18:13 ...dules/git/command.go:179:Run() [D] /home/catalin/UTM/iii_an/v_sem/idweb/lab_3/gitea/modules/git/tests/repos/repo1_bare: /usr/bin/git -c protocol.version=2 -c uploadpack.allowfilter=true -c uploadpack.allowAnySHA1InWant=true -c credential.helper= branch --contains 2839944139e0de9737a044f78b0e4b40d989a9e3 branch2]]></system-out>
		</testcase>
		<testcase name="TestRepository_CommitsBetweenIDs" classname="code.gitea.io/gitea/modules/git" time="0.040">
			<system-out><![CDATA[2022/11/13 11:18:13 ...dules/git/command.go:179:Run() [D] /home/catalin/UTM/iii_an/v_sem/idweb/lab_3/gitea/modules/git/tests/repos/repo4_commitsbetween: /usr/bin/git -c protocol.version=2 -c uploadpack.allowfilter=true -c uploadpack.allowAnySHA1InWant=true -c credential.helper= rev-parse
2022/11/13 11:18:13 ...dules/git/command.go:179:Run() [D] /home/catalin/UTM/iii_an/v_sem/idweb/lab_3/gitea/modules/git/tests/repos/repo4_commitsbetween: /usr/bin/git -c protocol.version=2 -c uploadpack.allowfilter=true -c uploadpack.allowAnySHA1InWant=true -c credential.helper= cat-file --batch-check
2022/11/13 11:18:13 ...dules/git/command.go:179:Run() [D] /home/catalin/UTM/iii_an/v_sem/idweb/lab_3/gitea/modules/git/tests/repos/repo4_commitsbetween: /usr/bin/git -c protocol.version=2 -c uploadpack.allowfilter=true -c uploadpack.allowAnySHA1InWant=true -c credential.helper= cat-file --batch
2022/11/13 11:18:13 ...dules/git/command.go:179:Run() [D] /home/catalin/UTM/iii_an/v_sem/idweb/lab_3/gitea/modules/git/tests/repos/repo4_commitsbetween: /usr/bin/git -c protocol.version=2 -c uploadpack.allowfilter=true -c uploadpack.allowAnySHA1InWant=true -c credential.helper= rev-list fdc1b615bdcff0f0658b216df0c9209e5ecb7c78..78a445db1eac62fe15e624e1137965969addf344
2022/11/13 11:18:13 ...dules/git/command.go:179:Run() [D] /home/catalin/UTM/iii_an/v_sem/idweb/lab_3/gitea/modules/git/tests/repos/repo4_commitsbetween: /usr/bin/git -c protocol.version=2 -c uploadpack.allowfilter=true -c uploadpack.allowAnySHA1InWant=true -c credential.helper= rev-list 78a445db1eac62fe15e624e1137965969addf344..fdc1b615bdcff0f0658b216df0c9209e5ecb7c78
2022/11/13 11:18:13 ...dules/git/command.go:179:Run() [D] /home/catalin/UTM/iii_an/v_sem/idweb/lab_3/gitea/modules/git/tests/repos/repo4_commitsbetween: /usr/bin/git -c protocol.version=2 -c uploadpack.allowfilter=true -c uploadpack.allowAnySHA1InWant=true -c credential.helper= rev-list 78a445db1eac62fe15e624e1137965969addf344..a78e5638b66ccfe7e1b4689d3d5684e42c97d7ca]]></system-out>
		</testcase>
		<testcase name="TestGetFormatPatch" classname="code.gitea.io/gitea/modules/git" time="0.040">
			<system-out><![CDATA[2022/11/13 11:18:13 ...dules/git/command.go:177:Run() [D] /usr/bin/git -c protocol.version=2 -c uploadpack.allowfilter=true -c uploadpack.allowAnySHA1InWant=true -c credential.helper= clone --quiet -- tests/repos/repo1_bare /tmp/repo1_TestGetFormatPatch1671082051
2022/11/13 11:18:13 ...dules/git/command.go:179:Run() [D] /tmp/repo1_TestGetFormatPatch1671082051: /usr/bin/git -c protocol.version=2 -c uploadpack.allowfilter=true -c uploadpack.allowAnySHA1InWant=true -c credential.helper= rev-parse
2022/11/13 11:18:13 ...dules/git/command.go:179:Run() [D] /tmp/repo1_TestGetFormatPatch1671082051: /usr/bin/git -c protocol.version=2 -c uploadpack.allowfilter=true -c uploadpack.allowAnySHA1InWant=true -c credential.helper= format-patch --binary --stdout 8d92fc95^...8d92fc95
2022/11/13 11:18:13 ...dules/git/command.go:179:Run() [D] /tmp/repo1_TestGetFormatPatch1671082051: /usr/bin/git -c protocol.version=2 -c uploadpack.allowfilter=true -c uploadpack.allowAnySHA1InWant=true -c credential.helper= cat-file --batch
2022/11/13 11:18:13 ...dules/git/command.go:179:Run() [D] /tmp/repo1_TestGetFormatPatch1671082051: /usr/bin/git -c protocol.version=2 -c uploadpack.allowfilter=true -c uploadpack.allowAnySHA1InWant=true -c credential.helper= cat-file --batch-check]]></system-out>
		</testcase>
		<testcase name="TestReadPatch" classname="code.gitea.io/gitea/modules/git" time="0.010">
			<system-out><![CDATA[2022/11/13 11:18:13 ...dules/git/command.go:179:Run() [D] /home/catalin/UTM/iii_an/v_sem/idweb/lab_3/gitea/modules/git/tests/repos/repo1_bare: /usr/bin/git -c protocol.version=2 -c uploadpack.allowfilter=true -c uploadpack.allowAnySHA1InWant=true -c credential.helper= rev-parse
2022/11/13 11:18:13 ...dules/git/command.go:179:Run() [D] /home/catalin/UTM/iii_an/v_sem/idweb/lab_3/gitea/modules/git/tests/repos/repo1_bare: /usr/bin/git -c protocol.version=2 -c uploadpack.allowfilter=true -c uploadpack.allowAnySHA1InWant=true -c credential.helper= cat-file --batch]]></system-out>
		</testcase>
		<testcase name="TestReadWritePullHead" classname="code.gitea.io/gitea/modules/git" time="0.050">
			<system-out><![CDATA[2022/11/13 11:18:13 ...dules/git/command.go:177:Run() [D] /usr/bin/git -c protocol.version=2 -c uploadpack.allowfilter=true -c uploadpack.allowAnySHA1InWant=true -c credential.helper= clone --quiet -- tests/repos/repo1_bare /tmp/TestReadWritePullHead1629325608
2022/11/13 11:18:13 ...dules/git/command.go:179:Run() [D] /tmp/TestReadWritePullHead1629325608: /usr/bin/git -c protocol.version=2 -c uploadpack.allowfilter=true -c uploadpack.allowAnySHA1InWant=true -c credential.helper= rev-parse
2022/11/13 11:18:13 ...dules/git/command.go:179:Run() [D] /tmp/TestReadWritePullHead1629325608: /usr/bin/git -c protocol.version=2 -c uploadpack.allowfilter=true -c uploadpack.allowAnySHA1InWant=true -c credential.helper= cat-file --batch-check
2022/11/13 11:18:13 ...dules/git/command.go:179:Run() [D] /tmp/TestReadWritePullHead1629325608: /usr/bin/git -c protocol.version=2 -c uploadpack.allowfilter=true -c uploadpack.allowAnySHA1InWant=true -c credential.helper= cat-file --batch
2022/11/13 11:18:13 ...dules/git/command.go:179:Run() [D] /tmp/TestReadWritePullHead1629325608: /usr/bin/git -c protocol.version=2 -c uploadpack.allowfilter=true -c uploadpack.allowAnySHA1InWant=true -c credential.helper= update-ref refs/pull/1/head feaf4ba6bc635fec442f46ddd4512416ec43c2c2
2022/11/13 11:18:13 ...dules/git/command.go:179:Run() [D] /tmp/TestReadWritePullHead1629325608: /usr/bin/git -c protocol.version=2 -c uploadpack.allowfilter=true -c uploadpack.allowAnySHA1InWant=true -c credential.helper= update-ref --no-deref -d refs/pull/1/head]]></system-out>
		</testcase>
		<testcase name="TestRepository_GetLanguageStats" classname="code.gitea.io/gitea/modules/git" time="0.020">
			<system-out><![CDATA[2022/11/13 11:18:13 ...dules/git/command.go:179:Run() [D] /home/catalin/UTM/iii_an/v_sem/idweb/lab_3/gitea/modules/git/tests/repos/language_stats_repo: /usr/bin/git -c protocol.version=2 -c uploadpack.allowfilter=true -c uploadpack.allowAnySHA1InWant=true -c credential.helper= rev-parse
2022/11/13 11:18:13 ...dules/git/command.go:179:Run() [D] /home/catalin/UTM/iii_an/v_sem/idweb/lab_3/gitea/modules/git/tests/repos/language_stats_repo: /usr/bin/git -c protocol.version=2 -c uploadpack.allowfilter=true -c uploadpack.allowAnySHA1InWant=true -c credential.helper= cat-file --batch
2022/11/13 11:18:13 ...dules/git/command.go:179:Run() [D] /home/catalin/UTM/iii_an/v_sem/idweb/lab_3/gitea/modules/git/tests/repos/language_stats_repo: /usr/bin/git -c protocol.version=2 -c uploadpack.allowfilter=true -c uploadpack.allowAnySHA1InWant=true -c credential.helper= cat-file --batch-check
2022/11/13 11:18:13 ...dules/git/command.go:179:Run() [D] /home/catalin/UTM/iii_an/v_sem/idweb/lab_3/gitea/modules/git/tests/repos/language_stats_repo: /usr/bin/git -c protocol.version=2 -c uploadpack.allowfilter=true -c uploadpack.allowAnySHA1InWant=true -c credential.helper= ls-tree -t -l -r 8eb563dc106e3dfd3ad0fa81f7a0c5e2604f80cd
2022/11/13 11:18:13 ...dules/git/command.go:179:Run() [D] /home/catalin/UTM/iii_an/v_sem/idweb/lab_3/gitea/modules/git/tests/repos/language_stats_repo: /usr/bin/git -c protocol.version=2 -c uploadpack.allowfilter=true -c uploadpack.allowAnySHA1InWant=true -c credential.helper= read-tree 8fee858da5796dfb37704761701bb8e800ad9ef3
2022/11/13 11:18:13 ...dules/git/command.go:179:Run() [D] /home/catalin/UTM/iii_an/v_sem/idweb/lab_3/gitea/modules/git/tests/repos/language_stats_repo: /usr/bin/git -c protocol.version=2 -c uploadpack.allowfilter=true -c uploadpack.allowAnySHA1InWant=true -c credential.helper= check-attr --stdin -z --cached linguist-vendored linguist-generated linguist-language gitlab-language --]]></system-out>
		</testcase>
		<testcase name="TestRepository_GetRefs" classname="code.gitea.io/gitea/modules/git" time="0.020">
			<system-out><![CDATA[2022/11/13 11:18:13 ...dules/git/command.go:179:Run() [D] /home/catalin/UTM/iii_an/v_sem/idweb/lab_3/gitea/modules/git/tests/repos/repo1_bare: /usr/bin/git -c protocol.version=2 -c uploadpack.allowfilter=true -c uploadpack.allowAnySHA1InWant=true -c credential.helper= rev-parse
2022/11/13 11:18:13 ...dules/git/command.go:179:Run() [D] /home/catalin/UTM/iii_an/v_sem/idweb/lab_3/gitea/modules/git/tests/repos/repo1_bare: /usr/bin/git -c protocol.version=2 -c uploadpack.allowfilter=true -c uploadpack.allowAnySHA1InWant=true -c credential.helper= for-each-ref
2022/11/13 11:18:13 ...dules/git/command.go:179:Run() [D] /home/catalin/UTM/iii_an/v_sem/idweb/lab_3/gitea/modules/git/tests/repos/repo1_bare: /usr/bin/git -c protocol.version=2 -c uploadpack.allowfilter=true -c uploadpack.allowAnySHA1InWant=true -c credential.helper= cat-file --batch
2022/11/13 11:18:13 ...dules/git/command.go:179:Run() [D] /home/catalin/UTM/iii_an/v_sem/idweb/lab_3/gitea/modules/git/tests/repos/repo1_bare: /usr/bin/git -c protocol.version=2 -c uploadpack.allowfilter=true -c uploadpack.allowAnySHA1InWant=true -c credential.helper= cat-file --batch-check]]></system-out>
		</testcase>
		<testcase name="TestRepository_GetRefsFiltered" classname="code.gitea.io/gitea/modules/git" time="0.030">
			<system-out><![CDATA[2022/11/13 11:18:13 ...dules/git/command.go:179:Run() [D] /home/catalin/UTM/iii_an/v_sem/idweb/lab_3/gitea/modules/git/tests/repos/repo1_bare: /usr/bin/git -c protocol.version=2 -c uploadpack.allowfilter=true -c uploadpack.allowAnySHA1InWant=true -c credential.helper= rev-parse
2022/11/13 11:18:13 ...dules/git/command.go:179:Run() [D] /home/catalin/UTM/iii_an/v_sem/idweb/lab_3/gitea/modules/git/tests/repos/repo1_bare: /usr/bin/git -c protocol.version=2 -c uploadpack.allowfilter=true -c uploadpack.allowAnySHA1InWant=true -c credential.helper= for-each-ref
2022/11/13 11:18:13 ...dules/git/command.go:179:Run() [D] /home/catalin/UTM/iii_an/v_sem/idweb/lab_3/gitea/modules/git/tests/repos/repo1_bare: /usr/bin/git -c protocol.version=2 -c uploadpack.allowfilter=true -c uploadpack.allowAnySHA1InWant=true -c credential.helper= cat-file --batch
2022/11/13 11:18:13 ...dules/git/command.go:179:Run() [D] /home/catalin/UTM/iii_an/v_sem/idweb/lab_3/gitea/modules/git/tests/repos/repo1_bare: /usr/bin/git -c protocol.version=2 -c uploadpack.allowfilter=true -c uploadpack.allowAnySHA1InWant=true -c credential.helper= cat-file --batch-check]]></system-out>
		</testcase>
		<testcase name="TestRepository_GetCodeActivityStats" classname="code.gitea.io/gitea/modules/git" time="0.020">
			<system-out><![CDATA[2022/11/13 11:18:13 ...dules/git/command.go:179:Run() [D] /home/catalin/UTM/iii_an/v_sem/idweb/lab_3/gitea/modules/git/tests/repos/repo1_bare: /usr/bin/git -c protocol.version=2 -c uploadpack.allowfilter=true -c uploadpack.allowAnySHA1InWant=true -c credential.helper= rev-parse
2022/11/13 11:18:13 ...dules/git/command.go:179:Run() [D] /home/catalin/UTM/iii_an/v_sem/idweb/lab_3/gitea/modules/git/tests/repos/repo1_bare: /usr/bin/git -c protocol.version=2 -c uploadpack.allowfilter=true -c uploadpack.allowAnySHA1InWant=true -c credential.helper= rev-list --count --no-merges --branches=* --date=iso --since='2016-01-01T00:00:00Z'
2022/11/13 11:18:13 ...dules/git/command.go:179:Run() [D] /home/catalin/UTM/iii_an/v_sem/idweb/lab_3/gitea/modules/git/tests/repos/repo1_bare: /usr/bin/git -c protocol.version=2 -c uploadpack.allowfilter=true -c uploadpack.allowAnySHA1InWant=true -c credential.helper= cat-file --batch
2022/11/13 11:18:13 ...dules/git/command.go:179:Run() [D] /home/catalin/UTM/iii_an/v_sem/idweb/lab_3/gitea/modules/git/tests/repos/repo1_bare: /usr/bin/git -c protocol.version=2 -c uploadpack.allowfilter=true -c uploadpack.allowAnySHA1InWant=true -c credential.helper= cat-file --batch-check
2022/11/13 11:18:13 ...dules/git/command.go:179:Run() [D] /home/catalin/UTM/iii_an/v_sem/idweb/lab_3/gitea/modules/git/tests/repos/repo1_bare: /usr/bin/git -c protocol.version=2 -c uploadpack.allowfilter=true -c uploadpack.allowAnySHA1InWant=true -c credential.helper= log --numstat --no-merges --pretty=format:---%n%h%n%aN%n%aE%n --date=iso --since='2016-01-01T00:00:00Z' --branches=*]]></system-out>
		</testcase>
		<testcase name="TestRepository_GetTags" classname="code.gitea.io/gitea/modules/git" time="0.030">
			<system-out><![CDATA[2022/11/13 11:18:13 ...dules/git/command.go:179:Run() [D] /home/catalin/UTM/iii_an/v_sem/idweb/lab_3/gitea/modules/git/tests/repos/repo1_bare: /usr/bin/git -c protocol.version=2 -c uploadpack.allowfilter=true -c uploadpack.allowAnySHA1InWant=true -c credential.helper= rev-parse
2022/11/13 11:18:13 ...dules/git/command.go:179:Run() [D] /home/catalin/UTM/iii_an/v_sem/idweb/lab_3/gitea/modules/git/tests/repos/repo1_bare: /usr/bin/git -c protocol.version=2 -c uploadpack.allowfilter=true -c uploadpack.allowAnySHA1InWant=true -c credential.helper= for-each-ref --format objecttype %(objecttype)%00refname:short %(refname:short)%00object %(object)%00objectname %(objectname)%00creator %(creator)%00contents %(contents)%00contents:signature %(contents:signature)%00%00 --sort -*creatordate refs/tags
2022/11/13 11:18:13 ...dules/git/command.go:179:Run() [D] /home/catalin/UTM/iii_an/v_sem/idweb/lab_3/gitea/modules/git/tests/repos/repo1_bare: /usr/bin/git -c protocol.version=2 -c uploadpack.allowfilter=true -c uploadpack.allowAnySHA1InWant=true -c credential.helper= cat-file --batch
2022/11/13 11:18:13 ...dules/git/command.go:179:Run() [D] /home/catalin/UTM/iii_an/v_sem/idweb/lab_3/gitea/modules/git/tests/repos/repo1_bare: /usr/bin/git -c protocol.version=2 -c uploadpack.allowfilter=true -c uploadpack.allowAnySHA1InWant=true -c credential.helper= cat-file --batch-check]]></system-out>
		</testcase>
		<testcase name="TestRepository_GetTag" classname="code.gitea.io/gitea/modules/git" time="0.110">
			<system-out><![CDATA[2022/11/13 11:18:13 ...dules/git/command.go:177:Run() [D] /usr/bin/git -c protocol.version=2 -c uploadpack.allowfilter=true -c uploadpack.allowAnySHA1InWant=true -c credential.helper= clone --quiet -- tests/repos/repo1_bare /tmp/TestRepository_GetTag1009165926
2022/11/13 11:18:13 ...dules/git/command.go:179:Run() [D] /tmp/TestRepository_GetTag1009165926: /usr/bin/git -c protocol.version=2 -c uploadpack.allowfilter=true -c uploadpack.allowAnySHA1InWant=true -c credential.helper= rev-parse
2022/11/13 11:18:13 ...dules/git/command.go:179:Run() [D] /tmp/TestRepository_GetTag1009165926: /usr/bin/git -c protocol.version=2 -c uploadpack.allowfilter=true -c uploadpack.allowAnySHA1InWant=true -c credential.helper= tag -- lightweightTag 6fbd69e9823458e6c4a2fc5c0f6bc022b2f2acd1
2022/11/13 11:18:13 ...dules/git/command.go:179:Run() [D] /tmp/TestRepository_GetTag1009165926: /usr/bin/git -c protocol.version=2 -c uploadpack.allowfilter=true -c uploadpack.allowAnySHA1InWant=true -c credential.helper= cat-file --batch
2022/11/13 11:18:13 ...dules/git/command.go:179:Run() [D] /tmp/TestRepository_GetTag1009165926: /usr/bin/git -c protocol.version=2 -c uploadpack.allowfilter=true -c uploadpack.allowAnySHA1InWant=true -c credential.helper= cat-file --batch-check
2022/11/13 11:18:13 ...dules/git/command.go:179:Run() [D] /tmp/TestRepository_GetTag1009165926: /usr/bin/git -c protocol.version=2 -c uploadpack.allowfilter=true -c uploadpack.allowAnySHA1InWant=true -c credential.helper= show-ref --tags -- lightweightTag
2022/11/13 11:18:13 ...dules/git/command.go:179:Run() [D] /tmp/TestRepository_GetTag1009165926: /usr/bin/git -c protocol.version=2 -c uploadpack.allowfilter=true -c uploadpack.allowAnySHA1InWant=true -c credential.helper= tag -a -m my annotated message 
	 - test two line -- annotatedTag 8006ff9adbf0cb94da7dad9e537e53817f9fa5c0
2022/11/13 11:18:13 ...dules/git/command.go:179:Run() [D] /tmp/TestRepository_GetTag1009165926: /usr/bin/git -c protocol.version=2 -c uploadpack.allowfilter=true -c uploadpack.allowAnySHA1InWant=true -c credential.helper= show-ref --tags -- annotatedTag
2022/11/13 11:18:13 ...dules/git/command.go:179:Run() [D] /tmp/TestRepository_GetTag1009165926: /usr/bin/git -c protocol.version=2 -c uploadpack.allowfilter=true -c uploadpack.allowAnySHA1InWant=true -c credential.helper= show-ref --tags -- annotatedTag
2022/11/13 11:18:13 ...dules/git/command.go:179:Run() [D] /tmp/TestRepository_GetTag1009165926: /usr/bin/git -c protocol.version=2 -c uploadpack.allowfilter=true -c uploadpack.allowAnySHA1InWant=true -c credential.helper= tag -- release/lightweightTag 8006ff9adbf0cb94da7dad9e537e53817f9fa5c0
2022/11/13 11:18:13 ...dules/git/command.go:179:Run() [D] /tmp/TestRepository_GetTag1009165926: /usr/bin/git -c protocol.version=2 -c uploadpack.allowfilter=true -c uploadpack.allowAnySHA1InWant=true -c credential.helper= show-ref --tags -- release/lightweightTag
2022/11/13 11:18:13 ...dules/git/command.go:179:Run() [D] /tmp/TestRepository_GetTag1009165926: /usr/bin/git -c protocol.version=2 -c uploadpack.allowfilter=true -c uploadpack.allowAnySHA1InWant=true -c credential.helper= show-ref --tags -- lightweightTag]]></system-out>
		</testcase>
		<testcase name="TestRepository_GetAnnotatedTag" classname="code.gitea.io/gitea/modules/git" time="0.120">
			<system-out><![CDATA[2022/11/13 11:18:13 ...dules/git/command.go:177:Run() [D] /usr/bin/git -c protocol.version=2 -c uploadpack.allowfilter=true -c uploadpack.allowAnySHA1InWant=true -c credential.helper= clone --quiet -- tests/repos/repo1_bare /tmp/TestRepository_GetAnnotatedTag169566435
2022/11/13 11:18:14 ...dules/git/command.go:179:Run() [D] /tmp/TestRepository_GetAnnotatedTag169566435: /usr/bin/git -c protocol.version=2 -c uploadpack.allowfilter=true -c uploadpack.allowAnySHA1InWant=true -c credential.helper= rev-parse
2022/11/13 11:18:14 ...dules/git/command.go:179:Run() [D] /tmp/TestRepository_GetAnnotatedTag169566435: /usr/bin/git -c protocol.version=2 -c uploadpack.allowfilter=true -c uploadpack.allowAnySHA1InWant=true -c credential.helper= tag -- lightweightTag 6fbd69e9823458e6c4a2fc5c0f6bc022b2f2acd1
2022/11/13 11:18:14 ...dules/git/command.go:179:Run() [D] /tmp/TestRepository_GetAnnotatedTag169566435: /usr/bin/git -c protocol.version=2 -c uploadpack.allowfilter=true -c uploadpack.allowAnySHA1InWant=true -c credential.helper= cat-file --batch
2022/11/13 11:18:14 ...dules/git/command.go:179:Run() [D] /tmp/TestRepository_GetAnnotatedTag169566435: /usr/bin/git -c protocol.version=2 -c uploadpack.allowfilter=true -c uploadpack.allowAnySHA1InWant=true -c credential.helper= cat-file --batch-check
2022/11/13 11:18:14 ...dules/git/command.go:179:Run() [D] /tmp/TestRepository_GetAnnotatedTag169566435: /usr/bin/git -c protocol.version=2 -c uploadpack.allowfilter=true -c uploadpack.allowAnySHA1InWant=true -c credential.helper= tag -a -m my annotated message -- annotatedTag 8006ff9adbf0cb94da7dad9e537e53817f9fa5c0
2022/11/13 11:18:14 ...dules/git/command.go:179:Run() [D] /tmp/TestRepository_GetAnnotatedTag169566435: /usr/bin/git -c protocol.version=2 -c uploadpack.allowfilter=true -c uploadpack.allowAnySHA1InWant=true -c credential.helper= show-ref --tags -- annotatedTag
2022/11/13 11:18:14 ...dules/git/command.go:179:Run() [D] /tmp/TestRepository_GetAnnotatedTag169566435: /usr/bin/git -c protocol.version=2 -c uploadpack.allowfilter=true -c uploadpack.allowAnySHA1InWant=true -c credential.helper= show-ref --tags -d]]></system-out>
		</testcase>
		<testcase name="TestRepository_parseTagRef" classname="code.gitea.io/gitea/modules/git" time="0.000"></testcase>
		<testcase name="TestRepository_parseTagRef/lightweight_tag" classname="code.gitea.io/gitea/modules/git" time="0.000"></testcase>
		<testcase name="TestRepository_parseTagRef/annotated_tag" classname="code.gitea.io/gitea/modules/git" time="0.000"></testcase>
		<testcase name="TestRepository_parseTagRef/annotated_tag_with_signature" classname="code.gitea.io/gitea/modules/git" time="0.000"></testcase>
		<testcase name="TestGetLatestCommitTime" classname="code.gitea.io/gitea/modules/git" time="0.010">
			<system-out><![CDATA[2022/11/13 11:18:14 ...dules/git/command.go:179:Run() [D] tests/repos/repo1_bare: /usr/bin/git -c protocol.version=2 -c uploadpack.allowfilter=true -c uploadpack.allowAnySHA1InWant=true -c credential.helper= for-each-ref --sort=-committerdate refs/heads/ --count 1 --format=%(committerdate)]]></system-out>
		</testcase>
		<testcase name="TestRepoIsEmpty" classname="code.gitea.io/gitea/modules/git" time="0.040">
			<system-out><![CDATA[2022/11/13 11:18:14 ...dules/git/command.go:179:Run() [D] /home/catalin/UTM/iii_an/v_sem/idweb/lab_3/gitea/modules/git/tests/repos/repo2_empty: /usr/bin/git -c protocol.version=2 -c uploadpack.allowfilter=true -c uploadpack.allowAnySHA1InWant=true -c credential.helper= rev-parse
2022/11/13 11:18:14 ...dules/git/command.go:179:Run() [D] /home/catalin/UTM/iii_an/v_sem/idweb/lab_3/gitea/modules/git/tests/repos/repo2_empty: /usr/bin/git -c protocol.version=2 -c uploadpack.allowfilter=true -c uploadpack.allowAnySHA1InWant=true -c credential.helper= show-ref --head ^HEAD$
2022/11/13 11:18:14 ...dules/git/command.go:179:Run() [D] /home/catalin/UTM/iii_an/v_sem/idweb/lab_3/gitea/modules/git/tests/repos/repo2_empty: /usr/bin/git -c protocol.version=2 -c uploadpack.allowfilter=true -c uploadpack.allowAnySHA1InWant=true -c credential.helper= cat-file --batch
2022/11/13 11:18:14 ...dules/git/command.go:179:Run() [D] /home/catalin/UTM/iii_an/v_sem/idweb/lab_3/gitea/modules/git/tests/repos/repo2_empty: /usr/bin/git -c protocol.version=2 -c uploadpack.allowfilter=true -c uploadpack.allowAnySHA1InWant=true -c credential.helper= cat-file --batch-check]]></system-out>
		</testcase>
		<testcase name="TestGetRefURL" classname="code.gitea.io/gitea/modules/git" time="0.000"></testcase>
		<testcase name="Test_parseTagData" classname="code.gitea.io/gitea/modules/git" time="0.000"></testcase>
		<testcase name="TestRefEndName" classname="code.gitea.io/gitea/modules/git" time="0.000"></testcase>
		<testcase name="TestRefURL" classname="code.gitea.io/gitea/modules/git" time="0.000"></testcase>
		<system-out><![CDATA[2022/11/13 11:18:12 ...dules/git/command.go:177:Run() [D] /usr/bin/git version
2022/11/13 11:18:12 ...dules/git/command.go:177:Run() [D] /usr/bin/git -c protocol.version=2 -c uploadpack.allowfilter=true -c uploadpack.allowAnySHA1InWant=true -c credential.helper= config --get user.name
2022/11/13 11:18:12 ...dules/git/command.go:177:Run() [D] /usr/bin/git -c protocol.version=2 -c uploadpack.allowfilter=true -c uploadpack.allowAnySHA1InWant=true -c credential.helper= config --get user.email
2022/11/13 11:18:12 ...dules/git/command.go:177:Run() [D] /usr/bin/git -c protocol.version=2 -c uploadpack.allowfilter=true -c uploadpack.allowAnySHA1InWant=true -c credential.helper= config --get core.quotePath
2022/11/13 11:18:12 ...dules/git/command.go:177:Run() [D] /usr/bin/git -c protocol.version=2 -c uploadpack.allowfilter=true -c uploadpack.allowAnySHA1InWant=true -c credential.helper= config --get receive.advertisePushOptions
2022/11/13 11:18:12 ...dules/git/command.go:177:Run() [D] /usr/bin/git -c protocol.version=2 -c uploadpack.allowfilter=true -c uploadpack.allowAnySHA1InWant=true -c credential.helper= config --get core.commitGraph
2022/11/13 11:18:12 ...dules/git/command.go:177:Run() [D] /usr/bin/git -c protocol.version=2 -c uploadpack.allowfilter=true -c uploadpack.allowAnySHA1InWant=true -c credential.helper= config --get gc.writeCommitGraph
2022/11/13 11:18:12 ...dules/git/command.go:177:Run() [D] /usr/bin/git -c protocol.version=2 -c uploadpack.allowfilter=true -c uploadpack.allowAnySHA1InWant=true -c credential.helper= config --get fetch.writeCommitGraph
2022/11/13 11:18:12 ...dules/git/command.go:177:Run() [D] /usr/bin/git -c protocol.version=2 -c uploadpack.allowfilter=true -c uploadpack.allowAnySHA1InWant=true -c credential.helper= config --get receive.procReceiveRefs refs/for
2022/11/13 11:18:12 ...dules/git/command.go:177:Run() [D] /usr/bin/git -c protocol.version=2 -c uploadpack.allowfilter=true -c uploadpack.allowAnySHA1InWant=true -c credential.helper= config --get safe.directory \*
2022/11/13 11:18:12 ...dules/git/command.go:177:Run() [D] /usr/bin/git -c protocol.version=2 -c uploadpack.allowfilter=true -c uploadpack.allowAnySHA1InWant=true -c credential.helper= config --get uploadpack.allowfilter
2022/11/13 11:18:12 ...dules/git/command.go:177:Run() [D] /usr/bin/git -c protocol.version=2 -c uploadpack.allowfilter=true -c uploadpack.allowAnySHA1InWant=true -c credential.helper= config --get uploadpack.allowAnySHA1InWant
2022/11/13 11:18:13 ...dules/git/command.go:179:Run() [D] /home/catalin/UTM/iii_an/v_sem/idweb/lab_3/gitea/modules/git/tests/repos/repo1_bare: /usr/bin/git -c protocol.version=2 -c uploadpack.allowfilter=true -c uploadpack.allowAnySHA1InWant=true -c credential.helper= cat-file --batch-check
Test failed: run test failed, ExitCode=1]]></system-out>
	</testsuite>
	<testsuite name="code.gitea.io/gitea/modules/git/foreachref" tests="14" failures="0" errors="0" id="54" hostname="arch" time="0.000" timestamp="2022-11-13T11:18:25+02:00">
		<testcase name="TestFormat_Flag" classname="code.gitea.io/gitea/modules/git/foreachref" time="0.000"></testcase>
		<testcase name="TestFormat_Flag/references_are_delimited_by_dual_null_chars" classname="code.gitea.io/gitea/modules/git/foreachref" time="0.000"></testcase>
		<testcase name="TestFormat_Flag/a_field_is_a_space-separated_key-value_pair" classname="code.gitea.io/gitea/modules/git/foreachref" time="0.000"></testcase>
		<testcase name="TestFormat_Flag/fields_are_separated_by_a_null_char_field-delimiter" classname="code.gitea.io/gitea/modules/git/foreachref" time="0.000"></testcase>
		<testcase name="TestFormat_Flag/multiple_fields" classname="code.gitea.io/gitea/modules/git/foreachref" time="0.000"></testcase>
		<testcase name="TestParser" classname="code.gitea.io/gitea/modules/git/foreachref" time="0.000"></testcase>
		<testcase name="TestParser/no_references_on_empty_input" classname="code.gitea.io/gitea/modules/git/foreachref" time="0.000"></testcase>
		<testcase name="TestParser/single_field_requested,_single_reference_in_output" classname="code.gitea.io/gitea/modules/git/foreachref" time="0.000"></testcase>
		<testcase name="TestParser/single_field_requested,_multiple_references_in_output" classname="code.gitea.io/gitea/modules/git/foreachref" time="0.000"></testcase>
		<testcase name="TestParser/multiple_fields_requested_for_each_reference" classname="code.gitea.io/gitea/modules/git/foreachref" time="0.000"></testcase>
		<testcase name="TestParser/must_handle_multi-line_fields_such_as_&#39;content&#39;" classname="code.gitea.io/gitea/modules/git/foreachref" time="0.000"></testcase>
		<testcase name="TestParser/must_handle_fields_without_values" classname="code.gitea.io/gitea/modules/git/foreachref" time="0.000"></testcase>
		<testcase name="TestParser/must_fail_when_the_number_of_fields_in_the_input_doesn&#39;t_match_expected_format" classname="code.gitea.io/gitea/modules/git/foreachref" time="0.000"></testcase>
		<testcase name="TestParser/must_fail_input_fields_don&#39;t_match_expected_format" classname="code.gitea.io/gitea/modules/git/foreachref" time="0.000"></testcase>
	</testsuite>
	<testsuite name="code.gitea.io/gitea/modules/git/pipeline" tests="0" failures="0" errors="0" id="55" hostname="arch" time="0.000" timestamp="2022-11-13T11:18:25+02:00"></testsuite>
	<testsuite name="code.gitea.io/gitea/modules/git/url" tests="13" failures="0" errors="0" id="56" hostname="arch" time="0.000" timestamp="2022-11-13T11:18:25+02:00">
		<testcase name="TestParseGitURLs" classname="code.gitea.io/gitea/modules/git/url" time="0.000"></testcase>
		<testcase name="TestParseGitURLs/git@127.0.0.1:go-gitea/gitea.git" classname="code.gitea.io/gitea/modules/git/url" time="0.000"></testcase>
		<testcase name="TestParseGitURLs/git@[fe80:14fc:cec5:c174:d88%2510]:go-gitea/gitea.git" classname="code.gitea.io/gitea/modules/git/url" time="0.000"></testcase>
		<testcase name="TestParseGitURLs/git@[::1]:go-gitea/gitea.git" classname="code.gitea.io/gitea/modules/git/url" time="0.000"></testcase>
		<testcase name="TestParseGitURLs/git@github.com:go-gitea/gitea.git" classname="code.gitea.io/gitea/modules/git/url" time="0.000"></testcase>
		<testcase name="TestParseGitURLs/ssh://git@github.com/go-gitea/gitea.git" classname="code.gitea.io/gitea/modules/git/url" time="0.000"></testcase>
		<testcase name="TestParseGitURLs/ssh://git@[::1]/go-gitea/gitea.git" classname="code.gitea.io/gitea/modules/git/url" time="0.000"></testcase>
		<testcase name="TestParseGitURLs//repositories/go-gitea/gitea.git" classname="code.gitea.io/gitea/modules/git/url" time="0.000"></testcase>
		<testcase name="TestParseGitURLs/file:///repositories/go-gitea/gitea.git" classname="code.gitea.io/gitea/modules/git/url" time="0.000"></testcase>
		<testcase name="TestParseGitURLs/https://github.com/go-gitea/gitea.git" classname="code.gitea.io/gitea/modules/git/url" time="0.000"></testcase>
		<testcase name="TestParseGitURLs/https://git:git@github.com/go-gitea/gitea.git" classname="code.gitea.io/gitea/modules/git/url" time="0.000"></testcase>
		<testcase name="TestParseGitURLs/https://[fe80:14fc:cec5:c174:d88%2510]:20/go-gitea/gitea.git" classname="code.gitea.io/gitea/modules/git/url" time="0.000"></testcase>
		<testcase name="TestParseGitURLs/git://github.com/go-gitea/gitea.git" classname="code.gitea.io/gitea/modules/git/url" time="0.000"></testcase>
	</testsuite>
	<testsuite name="code.gitea.io/gitea/modules/gitgraph" tests="6" failures="0" errors="0" id="57" hostname="arch" time="0.000" timestamp="2022-11-13T11:18:25+02:00">
		<testcase name="TestReleaseUnusedColors" classname="code.gitea.io/gitea/modules/gitgraph" time="0.000"></testcase>
		<testcase name="TestParseGlyphs" classname="code.gitea.io/gitea/modules/gitgraph" time="0.000"></testcase>
		<testcase name="TestCommitStringParsing" classname="code.gitea.io/gitea/modules/gitgraph" time="0.000"></testcase>
		<testcase name="TestCommitStringParsing/normal" classname="code.gitea.io/gitea/modules/gitgraph" time="0.000"></testcase>
		<testcase name="TestCommitStringParsing/extra_pipe" classname="code.gitea.io/gitea/modules/gitgraph" time="0.000"></testcase>
		<testcase name="TestCommitStringParsing/extra_&#39;Data:&#39;" classname="code.gitea.io/gitea/modules/gitgraph" time="0.000"></testcase>
	</testsuite>
	<testsuite name="code.gitea.io/gitea/modules/graceful" tests="0" failures="0" errors="0" id="58" hostname="arch" time="0.000" timestamp="2022-11-13T11:18:25+02:00"></testsuite>
	<testsuite name="code.gitea.io/gitea/modules/hcaptcha" tests="0" failures="0" errors="0" id="59" hostname="arch" time="0.000" timestamp="2022-11-13T11:18:25+02:00"></testsuite>
	<testsuite name="code.gitea.io/gitea/modules/highlight" tests="3" failures="0" errors="0" id="60" hostname="arch" time="0.010" timestamp="2022-11-13T11:18:25+02:00">
		<testcase name="TestFile" classname="code.gitea.io/gitea/modules/highlight" time="0.010"></testcase>
		<testcase name="TestFile/.drone.yml" classname="code.gitea.io/gitea/modules/highlight" time="0.000"></testcase>
		<testcase name="TestFile/.drone.yml_-_trailing_space" classname="code.gitea.io/gitea/modules/highlight" time="0.000"></testcase>
	</testsuite>
	<testsuite name="code.gitea.io/gitea/modules/hostmatcher" tests="1" failures="0" errors="0" id="61" hostname="arch" time="0.000" timestamp="2022-11-13T11:18:25+02:00">
		<testcase name="TestHostOrIPMatchesList" classname="code.gitea.io/gitea/modules/hostmatcher" time="0.000"></testcase>
	</testsuite>
	<testsuite name="code.gitea.io/gitea/modules/httpcache" tests="10" failures="0" errors="0" id="62" hostname="arch" time="0.000" timestamp="2022-11-13T11:18:25+02:00">
		<testcase name="TestHandleFileETagCache" classname="code.gitea.io/gitea/modules/httpcache" time="0.000"></testcase>
		<testcase name="TestHandleFileETagCache/No_If-None-Match" classname="code.gitea.io/gitea/modules/httpcache" time="0.000"></testcase>
		<testcase name="TestHandleFileETagCache/Wrong_If-None-Match" classname="code.gitea.io/gitea/modules/httpcache" time="0.000"></testcase>
		<testcase name="TestHandleFileETagCache/Correct_If-None-Match" classname="code.gitea.io/gitea/modules/httpcache" time="0.000"></testcase>
		<testcase name="TestHandleGenericETagCache" classname="code.gitea.io/gitea/modules/httpcache" time="0.000"></testcase>
		<testcase name="TestHandleGenericETagCache/No_If-None-Match" classname="code.gitea.io/gitea/modules/httpcache" time="0.000"></testcase>
		<testcase name="TestHandleGenericETagCache/Wrong_If-None-Match" classname="code.gitea.io/gitea/modules/httpcache" time="0.000"></testcase>
		<testcase name="TestHandleGenericETagCache/Correct_If-None-Match" classname="code.gitea.io/gitea/modules/httpcache" time="0.000"></testcase>
		<testcase name="TestHandleGenericETagCache/Multiple_Wrong_If-None-Match" classname="code.gitea.io/gitea/modules/httpcache" time="0.000"></testcase>
		<testcase name="TestHandleGenericETagCache/Multiple_Correct_If-None-Match" classname="code.gitea.io/gitea/modules/httpcache" time="0.000"></testcase>
	</testsuite>
	<testsuite name="code.gitea.io/gitea/modules/httplib" tests="0" failures="0" errors="0" id="63" hostname="arch" time="0.000" timestamp="2022-11-13T11:18:25+02:00"></testsuite>
	<testsuite name="code.gitea.io/gitea/modules/indexer/bleve" tests="0" failures="0" errors="0" id="64" hostname="arch" time="0.000" timestamp="2022-11-13T11:18:25+02:00"></testsuite>
	<testsuite name="code.gitea.io/gitea/modules/indexer/code" tests="1" failures="0" errors="1" id="65" hostname="arch" time="0.192" timestamp="2022-11-13T11:18:25+02:00">
		<testcase name="Failure" classname="code.gitea.io/gitea/modules/indexer/code" time="0.000">
			<error message="Runtime error"><![CDATA[Error creating test engine: sql: unknown driver "sqlite3" (forgotten import?)]]></error>
		</testcase>
	</testsuite>
	<testsuite name="code.gitea.io/gitea/modules/indexer/issues" tests="1" failures="0" errors="1" id="66" hostname="arch" time="0.191" timestamp="2022-11-13T11:18:25+02:00">
		<testcase name="Failure" classname="code.gitea.io/gitea/modules/indexer/issues" time="0.000">
			<error message="Runtime error"><![CDATA[Error creating test engine: sql: unknown driver "sqlite3" (forgotten import?)]]></error>
		</testcase>
	</testsuite>
	<testsuite name="code.gitea.io/gitea/modules/indexer/stats" tests="1" failures="0" errors="1" id="67" hostname="arch" time="0.125" timestamp="2022-11-13T11:18:25+02:00">
		<testcase name="Failure" classname="code.gitea.io/gitea/modules/indexer/stats" time="0.000">
			<error message="Runtime error"><![CDATA[Error creating test engine: sql: unknown driver "sqlite3" (forgotten import?)]]></error>
		</testcase>
	</testsuite>
	<testsuite name="code.gitea.io/gitea/modules/json" tests="0" failures="0" errors="0" id="68" hostname="arch" time="0.000" timestamp="2022-11-13T11:18:25+02:00"></testsuite>
	<testsuite name="code.gitea.io/gitea/modules/lfs" tests="15" failures="0" errors="0" id="69" hostname="arch" time="0.000" timestamp="2022-11-13T11:18:25+02:00">
		<testcase name="TestNewClient" classname="code.gitea.io/gitea/modules/lfs" time="0.000"></testcase>
		<testcase name="TestDetermineEndpoint" classname="code.gitea.io/gitea/modules/lfs" time="0.000"></testcase>
		<testcase name="TestHTTPClientDownload" classname="code.gitea.io/gitea/modules/lfs" time="0.000">
			<system-out><![CDATA[2022/11/13 08:38:50 ...ules/lfs/endpoint.go:71:endpointFromURL() [E] lfs.endpointFromUrl: unknown url
2022/11/13 08:38:50 ...s/lfs/http_client.go:115:batch() [E] Error decoding json: readObjectStart: expect { or n, but found i, error found in #1 byte of ...|invalid jso|..., bigger context ...|invalid json|...]]></system-out>
		</testcase>
		<testcase name="TestHTTPClientUpload" classname="code.gitea.io/gitea/modules/lfs" time="0.000">
			<system-out><![CDATA[2022/11/13 08:38:50 ...s/lfs/http_client.go:115:batch() [E] Error decoding json: readObjectStart: expect { or n, but found i, error found in #1 byte of ...|invalid jso|..., bigger context ...|invalid json|...]]></system-out>
		</testcase>
		<testcase name="TestStringContent" classname="code.gitea.io/gitea/modules/lfs" time="0.000"></testcase>
		<testcase name="TestRelativePath" classname="code.gitea.io/gitea/modules/lfs" time="0.000"></testcase>
		<testcase name="TestIsValid" classname="code.gitea.io/gitea/modules/lfs" time="0.000"></testcase>
		<testcase name="TestGeneratePointer" classname="code.gitea.io/gitea/modules/lfs" time="0.000"></testcase>
		<testcase name="TestReadPointerFromBuffer" classname="code.gitea.io/gitea/modules/lfs" time="0.000"></testcase>
		<testcase name="TestReadPointer" classname="code.gitea.io/gitea/modules/lfs" time="0.000"></testcase>
		<testcase name="TestBasicTransferAdapterName" classname="code.gitea.io/gitea/modules/lfs" time="0.000"></testcase>
		<testcase name="TestBasicTransferAdapter" classname="code.gitea.io/gitea/modules/lfs" time="0.000"></testcase>
		<testcase name="TestBasicTransferAdapter/Download" classname="code.gitea.io/gitea/modules/lfs" time="0.000"></testcase>
		<testcase name="TestBasicTransferAdapter/Upload" classname="code.gitea.io/gitea/modules/lfs" time="0.000"></testcase>
		<testcase name="TestBasicTransferAdapter/Verify" classname="code.gitea.io/gitea/modules/lfs" time="0.000"></testcase>
	</testsuite>
	<testsuite name="code.gitea.io/gitea/modules/log" tests="25" failures="0" errors="0" id="70" hostname="arch" time="0.100" timestamp="2022-11-13T11:18:25+02:00">
		<testcase name="TestBufferLogger" classname="code.gitea.io/gitea/modules/log" time="0.000"></testcase>
		<testcase name="TestBufferLoggerContent" classname="code.gitea.io/gitea/modules/log" time="0.000">
			<system-out><![CDATA[2022/11/13 08:38:50 ...s/log/buffer_test.go:51:TestBufferLoggerContent() [E] A UNIQUE MESSAGE
	/home/catalin/UTM/iii_an/v_sem/idweb/lab_3/gitea/modules/log/buffer_test.go:51 (0x758592)
		TestBufferLoggerContent: Error(msg)
	/usr/lib/go/src/testing/testing.go:1446 (0x4e54ea)
		tRunner: fn(t)
	/usr/lib/go/src/runtime/asm_amd64.s:1594 (0x46b760)
		goexit: BYTE	$0x90	// NOP
	
]]></system-out>
		</testcase>
		<testcase name="TestConnLogger" classname="code.gitea.io/gitea/modules/log" time="0.000"></testcase>
		<testcase name="TestConnLoggerBadConfig" classname="code.gitea.io/gitea/modules/log" time="0.000"></testcase>
		<testcase name="TestConnLoggerCloseBeforeSend" classname="code.gitea.io/gitea/modules/log" time="0.000"></testcase>
		<testcase name="TestConnLoggerFailConnect" classname="code.gitea.io/gitea/modules/log" time="0.000"></testcase>
		<testcase name="TestConnLoggerClose" classname="code.gitea.io/gitea/modules/log" time="0.000"></testcase>
		<testcase name="TestConsoleLoggerBadConfig" classname="code.gitea.io/gitea/modules/log" time="0.000"></testcase>
		<testcase name="TestConsoleLoggerMinimalConfig" classname="code.gitea.io/gitea/modules/log" time="0.000"></testcase>
		<testcase name="TestConsoleLogger" classname="code.gitea.io/gitea/modules/log" time="0.000"></testcase>
		<testcase name="TestFileLoggerFails" classname="code.gitea.io/gitea/modules/log" time="0.000"></testcase>
		<testcase name="TestFileLogger" classname="code.gitea.io/gitea/modules/log" time="0.040">
			<system-out><![CDATA[FileLogger("/tmp/TestFileLogger3995994647/test.log"): rotate: cannot find free log number to rename /tmp/TestFileLogger3995994647/test.log]]></system-out>
		</testcase>
		<testcase name="TestCompressFileLogger" classname="code.gitea.io/gitea/modules/log" time="0.030"></testcase>
		<testcase name="TestCompressOldFile" classname="code.gitea.io/gitea/modules/log" time="0.020"></testcase>
		<testcase name="Test_getGoroutineLabels" classname="code.gitea.io/gitea/modules/log" time="0.000"></testcase>
		<testcase name="TestLevelMarshalUnmarshalJSON" classname="code.gitea.io/gitea/modules/log" time="0.000">
			<system-out><![CDATA[Err: ReadMapCB: object not ended with }, error found in #10 byte of ...|"level":{}|..., bigger context ...|{"level":{}|...]]></system-out>
		</testcase>
		<testcase name="TestNewLoggerUnexported" classname="code.gitea.io/gitea/modules/log" time="0.000"></testcase>
		<testcase name="TestNewLoggger" classname="code.gitea.io/gitea/modules/log" time="0.010"></testcase>
		<testcase name="TestNewLogggerRecreate" classname="code.gitea.io/gitea/modules/log" time="0.000">
			<system-out><![CDATA[2022/11/13 08:38:50 ...ules/log/log_test.go:118:TestNewLogggerRecreate() [I] test: A
	/home/catalin/UTM/iii_an/v_sem/idweb/lab_3/gitea/modules/log/log_test.go:118 (0x761ac7)
		TestNewLogggerRecreate: Log(0, INFO, format, args...)
	/usr/lib/go/src/testing/testing.go:1446 (0x4e54ea)
		tRunner: fn(t)
	/usr/lib/go/src/runtime/asm_amd64.s:1594 (0x46b760)
		goexit: BYTE	$0x90	// NOP
	

2022/11/13 08:38:50 ...ules/log/log_test.go:129:TestNewLogggerRecreate() [I] test: A
	/home/catalin/UTM/iii_an/v_sem/idweb/lab_3/gitea/modules/log/log_test.go:129 (0x761c76)
		TestNewLogggerRecreate: Log(0, INFO, format, args...)
	/usr/lib/go/src/testing/testing.go:1446 (0x4e54ea)
		tRunner: fn(t)
	/usr/lib/go/src/runtime/asm_amd64.s:1594 (0x46b760)
		goexit: BYTE	$0x90	// NOP
	

2022/11/13 08:38:50 ...ules/log/log_test.go:132:func1() [C] Unable to create default logger: failed to create sublogger (console): Unable to parse JSON: struct Decode: expect }, but found \000, error found in #10 byte of ...|el":"info"|..., bigger context ...|{"level":"info"|...
	/home/catalin/UTM/iii_an/v_sem/idweb/lab_3/gitea/modules/log/log_test.go:132 (0x761da4)
		TestNewLogggerRecreate.func1: NewLogger(0, "console", "console", fmt.Sprintf(`{"level":"%s"`, level.String()))
	/home/catalin/.local/share/go/pkg/mod/github.com/stretchr/testify@v1.7.1/assert/assertions.go:1018 (0x74b22b)
		didPanic: f()
	/home/catalin/.local/share/go/pkg/mod/github.com/stretchr/testify@v1.7.1/assert/assertions.go:1032 (0x74b3ee)
		Panics: if funcDidPanic, panicValue, _ := didPanic(f); !funcDidPanic {
	/home/catalin/UTM/iii_an/v_sem/idweb/lab_3/gitea/modules/log/log_test.go:131 (0x761cb1)
		TestNewLogggerRecreate: assert.Panics(t, func() {
	/usr/lib/go/src/testing/testing.go:1446 (0x4e54ea)
		tRunner: fn(t)
	/usr/lib/go/src/runtime/asm_amd64.s:1594 (0x46b760)
		goexit: BYTE	$0x90	// NOP
	
]]></system-out>
		</testcase>
		<testcase name="TestNewNamedLogger" classname="code.gitea.io/gitea/modules/log" time="0.000"></testcase>
		<testcase name="TestSMTPLogger" classname="code.gitea.io/gitea/modules/log" time="0.000"></testcase>
		<testcase name="TestBaseLogger" classname="code.gitea.io/gitea/modules/log" time="0.000"></testcase>
		<testcase name="TestBaseLoggerDated" classname="code.gitea.io/gitea/modules/log" time="0.000"></testcase>
		<testcase name="TestBaseLoggerMultiLineNoFlagsRegexp" classname="code.gitea.io/gitea/modules/log" time="0.000"></testcase>
		<testcase name="TestBrokenRegexp" classname="code.gitea.io/gitea/modules/log" time="0.000"></testcase>
	</testsuite>
	<testsuite name="code.gitea.io/gitea/modules/markup" tests="26" failures="0" errors="0" id="71" hostname="arch" time="1.200" timestamp="2022-11-13T11:18:25+02:00">
		<testcase name="TestCamoHandleLink" classname="code.gitea.io/gitea/modules/markup" time="0.000"></testcase>
		<testcase name="TestRender_IssueIndexPattern" classname="code.gitea.io/gitea/modules/markup" time="0.000"></testcase>
		<testcase name="TestRender_IssueIndexPattern2" classname="code.gitea.io/gitea/modules/markup" time="0.010"></testcase>
		<testcase name="TestRender_IssueIndexPattern3" classname="code.gitea.io/gitea/modules/markup" time="0.000"></testcase>
		<testcase name="TestRender_IssueIndexPattern4" classname="code.gitea.io/gitea/modules/markup" time="0.000"></testcase>
		<testcase name="TestRender_IssueIndexPattern5" classname="code.gitea.io/gitea/modules/markup" time="0.000"></testcase>
		<testcase name="TestRender_AutoLink" classname="code.gitea.io/gitea/modules/markup" time="0.000"></testcase>
		<testcase name="TestRender_FullIssueURLs" classname="code.gitea.io/gitea/modules/markup" time="0.000"></testcase>
		<testcase name="TestRegExp_sha1CurrentPattern" classname="code.gitea.io/gitea/modules/markup" time="0.000"></testcase>
		<testcase name="TestRegExp_anySHA1Pattern" classname="code.gitea.io/gitea/modules/markup" time="0.000"></testcase>
		<testcase name="TestRegExp_shortLinkPattern" classname="code.gitea.io/gitea/modules/markup" time="0.000"></testcase>
		<testcase name="Test_Sanitizer" classname="code.gitea.io/gitea/modules/markup" time="0.000"></testcase>
		<testcase name="TestSanitizeNonEscape" classname="code.gitea.io/gitea/modules/markup" time="0.000"></testcase>
		<testcase name="TestRender_Commits" classname="code.gitea.io/gitea/modules/markup" time="0.130"></testcase>
		<testcase name="TestRender_CrossReferences" classname="code.gitea.io/gitea/modules/markup" time="0.000"></testcase>
		<testcase name="TestMisc_IsSameDomain" classname="code.gitea.io/gitea/modules/markup" time="0.000"></testcase>
		<testcase name="TestRender_links" classname="code.gitea.io/gitea/modules/markup" time="0.010"></testcase>
		<testcase name="TestRender_email" classname="code.gitea.io/gitea/modules/markup" time="0.000"></testcase>
		<testcase name="TestRender_emoji" classname="code.gitea.io/gitea/modules/markup" time="1.050"></testcase>
		<testcase name="TestRender_ShortLinks" classname="code.gitea.io/gitea/modules/markup" time="0.000"></testcase>
		<testcase name="TestRender_RelativeImages" classname="code.gitea.io/gitea/modules/markup" time="0.000"></testcase>
		<testcase name="Test_ParseClusterFuzz" classname="code.gitea.io/gitea/modules/markup" time="0.000"></testcase>
		<testcase name="TestIssue16020" classname="code.gitea.io/gitea/modules/markup" time="0.000"></testcase>
		<testcase name="TestFuzz" classname="code.gitea.io/gitea/modules/markup" time="0.000"></testcase>
		<testcase name="TestIssue18471" classname="code.gitea.io/gitea/modules/markup" time="0.000"></testcase>
		<testcase name="TestMisc_IsReadmeFile" classname="code.gitea.io/gitea/modules/markup" time="0.000"></testcase>
	</testsuite>
	<testsuite name="code.gitea.io/gitea/modules/markup/common" tests="0" failures="0" errors="0" id="72" hostname="arch" time="0.000" timestamp="2022-11-13T11:18:25+02:00"></testsuite>
	<testsuite name="code.gitea.io/gitea/modules/markup/console" tests="1" failures="0" errors="0" id="73" hostname="arch" time="0.000" timestamp="2022-11-13T11:18:25+02:00">
		<testcase name="TestRenderConsole" classname="code.gitea.io/gitea/modules/markup/console" time="0.000"></testcase>
	</testsuite>
	<testsuite name="code.gitea.io/gitea/modules/markup/csv" tests="1" failures="0" errors="0" id="74" hostname="arch" time="0.000" timestamp="2022-11-13T11:18:25+02:00">
		<testcase name="TestRenderCSV" classname="code.gitea.io/gitea/modules/markup/csv" time="0.000"></testcase>
	</testsuite>
	<testsuite name="code.gitea.io/gitea/modules/markup/external" tests="0" failures="0" errors="0" id="75" hostname="arch" time="0.000" timestamp="2022-11-13T11:18:25+02:00"></testsuite>
	<testsuite name="code.gitea.io/gitea/modules/markup/markdown" tests="14" failures="0" errors="0" id="76" hostname="arch" time="0.080" timestamp="2022-11-13T11:18:25+02:00">
		<testcase name="TestExtractMetadata" classname="code.gitea.io/gitea/modules/markup/markdown" time="0.000"></testcase>
		<testcase name="TestExtractMetadata/ValidFrontAndBody" classname="code.gitea.io/gitea/modules/markup/markdown" time="0.000"></testcase>
		<testcase name="TestExtractMetadata/NoFirstSeparator" classname="code.gitea.io/gitea/modules/markup/markdown" time="0.000"></testcase>
		<testcase name="TestExtractMetadata/NoLastSeparator" classname="code.gitea.io/gitea/modules/markup/markdown" time="0.000"></testcase>
		<testcase name="TestExtractMetadata/NoBody" classname="code.gitea.io/gitea/modules/markup/markdown" time="0.000"></testcase>
		<testcase name="TestRender_StandardLinks" classname="code.gitea.io/gitea/modules/markup/markdown" time="0.020"></testcase>
		<testcase name="TestMisc_IsMarkdownFile" classname="code.gitea.io/gitea/modules/markup/markdown" time="0.000"></testcase>
		<testcase name="TestRender_Images" classname="code.gitea.io/gitea/modules/markup/markdown" time="0.000"></testcase>
		<testcase name="TestTotal_RenderWiki" classname="code.gitea.io/gitea/modules/markup/markdown" time="0.020"></testcase>
		<testcase name="TestTotal_RenderString" classname="code.gitea.io/gitea/modules/markup/markdown" time="0.040"></testcase>
		<testcase name="TestRender_RenderParagraphs" classname="code.gitea.io/gitea/modules/markup/markdown" time="0.000"></testcase>
		<testcase name="TestMarkdownRenderRaw" classname="code.gitea.io/gitea/modules/markup/markdown" time="0.000">
			<system-out><![CDATA[2022/11/13 08:38:54 ...own/markdown_test.go:405:TestMarkdownRenderRaw() [I] Test markdown render error with fuzzy data: 2a202d0a0920605b0a0920605b, the following errors can be recovered
2022/11/13 08:38:54 ...own/markdown_test.go:405:TestMarkdownRenderRaw() [I] Test markdown render error with fuzzy data: 2d202d0d09600d0960, the following errors can be recovered
2022/11/13 08:38:54 ...markdown/markdown.go:157:func2() [W] Unable to render markdown due to panic in goldmark: runtime error: slice bounds out of range [:10] with capacity 9
2022/11/13 08:38:54 ...own/markdown_test.go:405:TestMarkdownRenderRaw() [I] Test markdown render error with fuzzy data: 7b636c6173733d357d0a3d, the following errors can be recovered]]></system-out>
		</testcase>
		<testcase name="TestRenderSiblingImages_Issue12925" classname="code.gitea.io/gitea/modules/markup/markdown" time="0.000"></testcase>
		<testcase name="TestRenderEmojiInLinks_Issue12331" classname="code.gitea.io/gitea/modules/markup/markdown" time="0.000"></testcase>
	</testsuite>
	<testsuite name="code.gitea.io/gitea/modules/markup/mdstripper" tests="1" failures="0" errors="0" id="77" hostname="arch" time="0.000" timestamp="2022-11-13T11:18:25+02:00">
		<testcase name="TestMarkdownStripper" classname="code.gitea.io/gitea/modules/markup/mdstripper" time="0.000"></testcase>
	</testsuite>
	<testsuite name="code.gitea.io/gitea/modules/markup/orgmode" tests="3" failures="0" errors="0" id="78" hostname="arch" time="0.000" timestamp="2022-11-13T11:18:25+02:00">
		<testcase name="TestRender_StandardLinks" classname="code.gitea.io/gitea/modules/markup/orgmode" time="0.000"></testcase>
		<testcase name="TestRender_Images" classname="code.gitea.io/gitea/modules/markup/orgmode" time="0.000"></testcase>
		<testcase name="TestRender_Source" classname="code.gitea.io/gitea/modules/markup/orgmode" time="0.000"></testcase>
	</testsuite>
	<testsuite name="code.gitea.io/gitea/modules/metrics" tests="0" failures="0" errors="0" id="79" hostname="arch" time="0.000" timestamp="2022-11-13T11:18:25+02:00"></testsuite>
	<testsuite name="code.gitea.io/gitea/modules/migration" tests="3" failures="0" errors="0" id="80" hostname="arch" time="0.010" timestamp="2022-11-13T11:18:25+02:00">
		<testcase name="TestMigrationJSON_IssueOK" classname="code.gitea.io/gitea/modules/migration" time="0.010"></testcase>
		<testcase name="TestMigrationJSON_IssueFail" classname="code.gitea.io/gitea/modules/migration" time="0.000"></testcase>
		<testcase name="TestMigrationJSON_MilestoneOK" classname="code.gitea.io/gitea/modules/migration" time="0.000">
			<system-out><![CDATA[2022/11/13 08:38:53 ...ation/file_format.go:79:validate() [E] migration validation with issue.json failed for
	[
	  {
	      "number": 1
	  }
	]
	]]></system-out>
		</testcase>
	</testsuite>
	<testsuite name="code.gitea.io/gitea/modules/nosql" tests="11" failures="0" errors="0" id="81" hostname="arch" time="0.000" timestamp="2022-11-13T11:18:25+02:00">
		<testcase name="TestRedisUsernameOpt" classname="code.gitea.io/gitea/modules/nosql" time="0.000"></testcase>
		<testcase name="TestRedisPasswordOpt" classname="code.gitea.io/gitea/modules/nosql" time="0.000"></testcase>
		<testcase name="TestSkipVerifyOpt" classname="code.gitea.io/gitea/modules/nosql" time="0.000"></testcase>
		<testcase name="TestInsecureSkipVerifyOpt" classname="code.gitea.io/gitea/modules/nosql" time="0.000"></testcase>
		<testcase name="TestRedisSentinelUsernameOpt" classname="code.gitea.io/gitea/modules/nosql" time="0.000"></testcase>
		<testcase name="TestRedisSentinelPasswordOpt" classname="code.gitea.io/gitea/modules/nosql" time="0.000"></testcase>
		<testcase name="TestRedisDatabaseIndexTcp" classname="code.gitea.io/gitea/modules/nosql" time="0.000"></testcase>
		<testcase name="TestRedisDatabaseIndexUnix" classname="code.gitea.io/gitea/modules/nosql" time="0.000"></testcase>
		<testcase name="TestToRedisURI" classname="code.gitea.io/gitea/modules/nosql" time="0.000"></testcase>
		<testcase name="TestToRedisURI/old_default" classname="code.gitea.io/gitea/modules/nosql" time="0.000"></testcase>
		<testcase name="TestToRedisURI/old_macaron_session_default" classname="code.gitea.io/gitea/modules/nosql" time="0.000"></testcase>
	</testsuite>
	<testsuite name="code.gitea.io/gitea/modules/notification" tests="0" failures="0" errors="0" id="82" hostname="arch" time="0.000" timestamp="2022-11-13T11:18:25+02:00"></testsuite>
	<testsuite name="code.gitea.io/gitea/modules/notification/action" tests="1" failures="0" errors="1" id="83" hostname="arch" time="0.174" timestamp="2022-11-13T11:18:25+02:00">
		<testcase name="Failure" classname="code.gitea.io/gitea/modules/notification/action" time="0.000">
			<error message="Runtime error"><![CDATA[Error creating test engine: sql: unknown driver "sqlite3" (forgotten import?)]]></error>
		</testcase>
	</testsuite>
	<testsuite name="code.gitea.io/gitea/modules/notification/base" tests="0" failures="0" errors="0" id="84" hostname="arch" time="0.000" timestamp="2022-11-13T11:18:25+02:00"></testsuite>
	<testsuite name="code.gitea.io/gitea/modules/notification/indexer" tests="0" failures="0" errors="0" id="85" hostname="arch" time="0.000" timestamp="2022-11-13T11:18:25+02:00"></testsuite>
	<testsuite name="code.gitea.io/gitea/modules/notification/mail" tests="0" failures="0" errors="0" id="86" hostname="arch" time="0.000" timestamp="2022-11-13T11:18:25+02:00"></testsuite>
	<testsuite name="code.gitea.io/gitea/modules/notification/ui" tests="0" failures="0" errors="0" id="87" hostname="arch" time="0.000" timestamp="2022-11-13T11:18:25+02:00"></testsuite>
	<testsuite name="code.gitea.io/gitea/modules/notification/webhook" tests="0" failures="0" errors="0" id="88" hostname="arch" time="0.000" timestamp="2022-11-13T11:18:25+02:00"></testsuite>
	<testsuite name="code.gitea.io/gitea/modules/options" tests="0" failures="0" errors="0" id="89" hostname="arch" time="0.000" timestamp="2022-11-13T11:18:25+02:00"></testsuite>
	<testsuite name="code.gitea.io/gitea/modules/packages" tests="4" failures="0" errors="0" id="90" hostname="arch" time="0.000" timestamp="2022-11-13T11:18:25+02:00">
		<testcase name="TestHashedBuffer" classname="code.gitea.io/gitea/modules/packages" time="0.000"></testcase>
		<testcase name="TestMultiHasherSums" classname="code.gitea.io/gitea/modules/packages" time="0.000"></testcase>
		<testcase name="TestMultiHasherSums/Sums" classname="code.gitea.io/gitea/modules/packages" time="0.000"></testcase>
		<testcase name="TestMultiHasherSums/State" classname="code.gitea.io/gitea/modules/packages" time="0.000"></testcase>
	</testsuite>
	<testsuite name="code.gitea.io/gitea/modules/packages/composer" tests="10" failures="0" errors="0" id="91" hostname="arch" time="0.000" timestamp="2022-11-13T11:18:25+02:00">
		<testcase name="TestLicenseUnmarshal" classname="code.gitea.io/gitea/modules/packages/composer" time="0.000"></testcase>
		<testcase name="TestParsePackage" classname="code.gitea.io/gitea/modules/packages/composer" time="0.000"></testcase>
		<testcase name="TestParsePackage/MissingComposerFile" classname="code.gitea.io/gitea/modules/packages/composer" time="0.000"></testcase>
		<testcase name="TestParsePackage/MissingComposerFileInRoot" classname="code.gitea.io/gitea/modules/packages/composer" time="0.000"></testcase>
		<testcase name="TestParsePackage/InvalidComposerFile" classname="code.gitea.io/gitea/modules/packages/composer" time="0.000"></testcase>
		<testcase name="TestParsePackage/Valid" classname="code.gitea.io/gitea/modules/packages/composer" time="0.000"></testcase>
		<testcase name="TestParseComposerFile" classname="code.gitea.io/gitea/modules/packages/composer" time="0.000"></testcase>
		<testcase name="TestParseComposerFile/InvalidPackageName" classname="code.gitea.io/gitea/modules/packages/composer" time="0.000"></testcase>
		<testcase name="TestParseComposerFile/InvalidPackageVersion" classname="code.gitea.io/gitea/modules/packages/composer" time="0.000"></testcase>
		<testcase name="TestParseComposerFile/Valid" classname="code.gitea.io/gitea/modules/packages/composer" time="0.000"></testcase>
	</testsuite>
	<testsuite name="code.gitea.io/gitea/modules/packages/conan" tests="9" failures="0" errors="0" id="92" hostname="arch" time="0.000" timestamp="2022-11-13T11:18:25+02:00">
		<testcase name="TestParseConanfile" classname="code.gitea.io/gitea/modules/packages/conan" time="0.000"></testcase>
		<testcase name="TestParseConaninfo" classname="code.gitea.io/gitea/modules/packages/conan" time="0.000"></testcase>
		<testcase name="TestNewRecipeReference" classname="code.gitea.io/gitea/modules/packages/conan" time="0.000"></testcase>
		<testcase name="TestRecipeReferenceRevisionOrDefault" classname="code.gitea.io/gitea/modules/packages/conan" time="0.000"></testcase>
		<testcase name="TestRecipeReferenceString" classname="code.gitea.io/gitea/modules/packages/conan" time="0.000"></testcase>
		<testcase name="TestRecipeReferenceLinkName" classname="code.gitea.io/gitea/modules/packages/conan" time="0.000"></testcase>
		<testcase name="TestNewPackageReference" classname="code.gitea.io/gitea/modules/packages/conan" time="0.000"></testcase>
		<testcase name="TestPackageReferenceRevisionOrDefault" classname="code.gitea.io/gitea/modules/packages/conan" time="0.000"></testcase>
		<testcase name="TestPackageReferenceLinkName" classname="code.gitea.io/gitea/modules/packages/conan" time="0.000"></testcase>
	</testsuite>
	<testsuite name="code.gitea.io/gitea/modules/packages/container" tests="1" failures="0" errors="0" id="93" hostname="arch" time="0.000" timestamp="2022-11-13T11:18:25+02:00">
		<testcase name="TestParseImageConfig" classname="code.gitea.io/gitea/modules/packages/container" time="0.000"></testcase>
	</testsuite>
	<testsuite name="code.gitea.io/gitea/modules/packages/container/helm" tests="0" failures="0" errors="0" id="94" hostname="arch" time="0.000" timestamp="2022-11-13T11:18:25+02:00"></testsuite>
	<testsuite name="code.gitea.io/gitea/modules/packages/container/oci" tests="0" failures="0" errors="0" id="95" hostname="arch" time="0.000" timestamp="2022-11-13T11:18:25+02:00"></testsuite>
	<testsuite name="code.gitea.io/gitea/modules/packages/helm" tests="0" failures="0" errors="0" id="96" hostname="arch" time="0.000" timestamp="2022-11-13T11:18:25+02:00"></testsuite>
	<testsuite name="code.gitea.io/gitea/modules/packages/maven" tests="3" failures="0" errors="0" id="97" hostname="arch" time="0.000" timestamp="2022-11-13T11:18:25+02:00">
		<testcase name="TestParsePackageMetaData" classname="code.gitea.io/gitea/modules/packages/maven" time="0.000"></testcase>
		<testcase name="TestParsePackageMetaData/InvalidFile" classname="code.gitea.io/gitea/modules/packages/maven" time="0.000"></testcase>
		<testcase name="TestParsePackageMetaData/Valid" classname="code.gitea.io/gitea/modules/packages/maven" time="0.000"></testcase>
	</testsuite>
	<testsuite name="code.gitea.io/gitea/modules/packages/npm" tests="11" failures="0" errors="0" id="98" hostname="arch" time="0.000" timestamp="2022-11-13T11:18:25+02:00">
		<testcase name="TestParsePackage" classname="code.gitea.io/gitea/modules/packages/npm" time="0.000"></testcase>
		<testcase name="TestParsePackage/InvalidUpload" classname="code.gitea.io/gitea/modules/packages/npm" time="0.000"></testcase>
		<testcase name="TestParsePackage/InvalidUploadNoData" classname="code.gitea.io/gitea/modules/packages/npm" time="0.000"></testcase>
		<testcase name="TestParsePackage/InvalidPackageName" classname="code.gitea.io/gitea/modules/packages/npm" time="0.000"></testcase>
		<testcase name="TestParsePackage/ValidPackageName" classname="code.gitea.io/gitea/modules/packages/npm" time="0.000"></testcase>
		<testcase name="TestParsePackage/InvalidPackageVersion" classname="code.gitea.io/gitea/modules/packages/npm" time="0.000"></testcase>
		<testcase name="TestParsePackage/InvalidAttachment" classname="code.gitea.io/gitea/modules/packages/npm" time="0.000"></testcase>
		<testcase name="TestParsePackage/InvalidData" classname="code.gitea.io/gitea/modules/packages/npm" time="0.000"></testcase>
		<testcase name="TestParsePackage/InvalidIntegrity" classname="code.gitea.io/gitea/modules/packages/npm" time="0.000"></testcase>
		<testcase name="TestParsePackage/InvalidIntegrity2" classname="code.gitea.io/gitea/modules/packages/npm" time="0.000"></testcase>
		<testcase name="TestParsePackage/Valid" classname="code.gitea.io/gitea/modules/packages/npm" time="0.000"></testcase>
	</testsuite>
	<testsuite name="code.gitea.io/gitea/modules/packages/nuget" tests="18" failures="0" errors="0" id="99" hostname="arch" time="0.000" timestamp="2022-11-13T11:18:25+02:00">
		<testcase name="TestParsePackageMetaData" classname="code.gitea.io/gitea/modules/packages/nuget" time="0.000"></testcase>
		<testcase name="TestParsePackageMetaData/MissingNuspecFile" classname="code.gitea.io/gitea/modules/packages/nuget" time="0.000"></testcase>
		<testcase name="TestParsePackageMetaData/MissingNuspecFileInRoot" classname="code.gitea.io/gitea/modules/packages/nuget" time="0.000"></testcase>
		<testcase name="TestParsePackageMetaData/InvalidNuspecFile" classname="code.gitea.io/gitea/modules/packages/nuget" time="0.000"></testcase>
		<testcase name="TestParsePackageMetaData/InvalidPackageId" classname="code.gitea.io/gitea/modules/packages/nuget" time="0.000"></testcase>
		<testcase name="TestParsePackageMetaData/InvalidPackageVersion" classname="code.gitea.io/gitea/modules/packages/nuget" time="0.000"></testcase>
		<testcase name="TestParsePackageMetaData/Valid" classname="code.gitea.io/gitea/modules/packages/nuget" time="0.000"></testcase>
		<testcase name="TestParseNuspecMetaData" classname="code.gitea.io/gitea/modules/packages/nuget" time="0.000"></testcase>
		<testcase name="TestParseNuspecMetaData/Dependency_Package" classname="code.gitea.io/gitea/modules/packages/nuget" time="0.000"></testcase>
		<testcase name="TestParseNuspecMetaData/Symbols_Package" classname="code.gitea.io/gitea/modules/packages/nuget" time="0.000"></testcase>
		<testcase name="TestExtractPortablePdb" classname="code.gitea.io/gitea/modules/packages/nuget" time="0.000"></testcase>
		<testcase name="TestExtractPortablePdb/MissingPdbFiles" classname="code.gitea.io/gitea/modules/packages/nuget" time="0.000"></testcase>
		<testcase name="TestExtractPortablePdb/InvalidFiles" classname="code.gitea.io/gitea/modules/packages/nuget" time="0.000"></testcase>
		<testcase name="TestExtractPortablePdb/Valid" classname="code.gitea.io/gitea/modules/packages/nuget" time="0.000"></testcase>
		<testcase name="TestParseDebugHeaderID" classname="code.gitea.io/gitea/modules/packages/nuget" time="0.000"></testcase>
		<testcase name="TestParseDebugHeaderID/InvalidPdbMagicNumber" classname="code.gitea.io/gitea/modules/packages/nuget" time="0.000"></testcase>
		<testcase name="TestParseDebugHeaderID/MissingPdbStream" classname="code.gitea.io/gitea/modules/packages/nuget" time="0.000"></testcase>
		<testcase name="TestParseDebugHeaderID/Valid" classname="code.gitea.io/gitea/modules/packages/nuget" time="0.000"></testcase>
	</testsuite>
	<testsuite name="code.gitea.io/gitea/modules/packages/pypi" tests="0" failures="0" errors="0" id="100" hostname="arch" time="0.000" timestamp="2022-11-13T11:18:25+02:00"></testsuite>
	<testsuite name="code.gitea.io/gitea/modules/packages/rubygems" tests="5" failures="0" errors="0" id="101" hostname="arch" time="0.000" timestamp="2022-11-13T11:18:25+02:00">
		<testcase name="TestMinimalEncoder" classname="code.gitea.io/gitea/modules/packages/rubygems" time="0.000"></testcase>
		<testcase name="TestParsePackageMetaData" classname="code.gitea.io/gitea/modules/packages/rubygems" time="0.000"></testcase>
		<testcase name="TestParsePackageMetaData/MissingMetadataFile" classname="code.gitea.io/gitea/modules/packages/rubygems" time="0.000"></testcase>
		<testcase name="TestParsePackageMetaData/Valid" classname="code.gitea.io/gitea/modules/packages/rubygems" time="0.000"></testcase>
		<testcase name="TestParseMetadataFile" classname="code.gitea.io/gitea/modules/packages/rubygems" time="0.000"></testcase>
	</testsuite>
	<testsuite name="code.gitea.io/gitea/modules/paginator" tests="8" failures="0" errors="0" id="102" hostname="arch" time="0.000" timestamp="2022-11-13T11:18:25+02:00">
		<testcase name="TestPaginator" classname="code.gitea.io/gitea/modules/paginator" time="0.000"></testcase>
		<testcase name="TestPaginator/Basic_logics" classname="code.gitea.io/gitea/modules/paginator" time="0.000"></testcase>
		<testcase name="TestPaginator/Generate_pages" classname="code.gitea.io/gitea/modules/paginator" time="0.000"></testcase>
		<testcase name="TestPaginator/Only_current_page" classname="code.gitea.io/gitea/modules/paginator" time="0.000"></testcase>
		<testcase name="TestPaginator/Total_page_number_is_less_or_equal" classname="code.gitea.io/gitea/modules/paginator" time="0.000"></testcase>
		<testcase name="TestPaginator/Has_more_previous_pages_" classname="code.gitea.io/gitea/modules/paginator" time="0.000"></testcase>
		<testcase name="TestPaginator/Has_more_next_pages" classname="code.gitea.io/gitea/modules/paginator" time="0.000"></testcase>
		<testcase name="TestPaginator/Has_both_more_previous_and_next_pages" classname="code.gitea.io/gitea/modules/paginator" time="0.000"></testcase>
	</testsuite>
	<testsuite name="code.gitea.io/gitea/modules/password" tests="2" failures="0" errors="0" id="103" hostname="arch" time="0.020" timestamp="2022-11-13T11:18:25+02:00">
		<testcase name="TestComplexity_IsComplexEnough" classname="code.gitea.io/gitea/modules/password" time="0.000"></testcase>
		<testcase name="TestComplexity_Generate" classname="code.gitea.io/gitea/modules/password" time="0.020"></testcase>
	</testsuite>
	<testsuite name="code.gitea.io/gitea/modules/pprof" tests="0" failures="0" errors="0" id="104" hostname="arch" time="0.000" timestamp="2022-11-13T11:18:25+02:00"></testsuite>
	<testsuite name="code.gitea.io/gitea/modules/private" tests="0" failures="0" errors="0" id="105" hostname="arch" time="0.000" timestamp="2022-11-13T11:18:25+02:00"></testsuite>
	<testsuite name="code.gitea.io/gitea/modules/process" tests="6" failures="0" errors="0" id="106" hostname="arch" time="0.530" timestamp="2022-11-13T11:18:25+02:00">
		<testcase name="TestGetManager" classname="code.gitea.io/gitea/modules/process" time="0.000"></testcase>
		<testcase name="TestManager_AddContext" classname="code.gitea.io/gitea/modules/process" time="0.000"></testcase>
		<testcase name="TestManager_Cancel" classname="code.gitea.io/gitea/modules/process" time="0.000"></testcase>
		<testcase name="TestManager_Remove" classname="code.gitea.io/gitea/modules/process" time="0.000"></testcase>
		<testcase name="TestExecTimeoutNever" classname="code.gitea.io/gitea/modules/process" time="0.050"></testcase>
		<testcase name="TestExecTimeoutAlways" classname="code.gitea.io/gitea/modules/process" time="0.480"></testcase>
	</testsuite>
	<testsuite name="code.gitea.io/gitea/modules/proxy" tests="0" failures="0" errors="0" id="107" hostname="arch" time="0.000" timestamp="2022-11-13T11:18:25+02:00"></testsuite>
	<testsuite name="code.gitea.io/gitea/modules/public" tests="3" failures="0" errors="0" id="108" hostname="arch" time="0.000" timestamp="2022-11-13T11:18:25+02:00">
		<testcase name="TestParseAcceptEncoding" classname="code.gitea.io/gitea/modules/public" time="0.000"></testcase>
		<testcase name="TestParseAcceptEncoding/deflate,_gzip;q=1.0,_*;q=0.5" classname="code.gitea.io/gitea/modules/public" time="0.000"></testcase>
		<testcase name="TestParseAcceptEncoding/_gzip,_deflate,_br" classname="code.gitea.io/gitea/modules/public" time="0.000"></testcase>
	</testsuite>
	<testsuite name="code.gitea.io/gitea/modules/queue" tests="10" failures="0" errors="0" id="109" hostname="arch" time="1.120" timestamp="2022-11-13T11:18:25+02:00">
		<testcase name="TestChannelQueue" classname="code.gitea.io/gitea/modules/queue" time="0.000"></testcase>
		<testcase name="TestChannelQueue_Batch" classname="code.gitea.io/gitea/modules/queue" time="0.000"></testcase>
		<testcase name="TestChannelQueue_Pause" classname="code.gitea.io/gitea/modules/queue" time="0.100"></testcase>
		<testcase name="TestPersistableChannelQueue" classname="code.gitea.io/gitea/modules/queue" time="0.010">
			<system-out><![CDATA[2022/11/13 08:38:57 ...ueue_channel_test.go:170:func3() [I] Finally terminating
2022/11/13 08:38:57 ...eue/queue_channel.go:154:func1() [W] ChannelQueue:  Terminated before completed flushing
2022/11/13 08:38:57 ...eue/queue_channel.go:154:func1() [W] ChannelQueue: first-channel Terminated before completed flushing
2022/11/13 08:38:57 ...eue/queue_channel.go:154:func1() [W] ChannelQueue: second-channel Terminated before completed flushing
2022/11/13 08:38:57 ...ueue_disk_channel.go:185:func3() [W] [63709101-9] LevelQueue: second-level shut down before completely flushed]]></system-out>
		</testcase>
		<testcase name="TestPersistableChannelQueue_Pause" classname="code.gitea.io/gitea/modules/queue" time="0.710">
			<system-out><![CDATA[2022/11/13 08:38:58 ...disk_channel_test.go:207:func1() [I] [63709101-11] pausing
2022/11/13 08:38:58 ...eue/queue_channel.go:154:func1() [W] ChannelQueue: first-channel Terminated before completed flushing
2022/11/13 08:38:58 ...disk_channel_test.go:207:func1() [I] [63709102-2] pausing
2022/11/13 08:38:58 ...eue/queue_channel.go:154:func1() [W] ChannelQueue: second-channel Terminated before completed flushing
2022/11/13 08:38:58 ...ueue_disk_channel.go:185:func3() [W] [63709102] LevelQueue: second-level shut down before completely flushed
2022/11/13 08:38:58 ...disk_channel_test.go:264:func3() [I] Finally terminating]]></system-out>
		</testcase>
		<testcase name="TestLevelQueue" classname="code.gitea.io/gitea/modules/queue" time="0.200"></testcase>
		<testcase name="TestToConfig" classname="code.gitea.io/gitea/modules/queue" time="0.000"></testcase>
		<testcase name="TestChannelUniqueQueue" classname="code.gitea.io/gitea/modules/queue" time="0.000"></testcase>
		<testcase name="TestChannelUniqueQueue_Batch" classname="code.gitea.io/gitea/modules/queue" time="0.000"></testcase>
		<testcase name="TestChannelUniqueQueue_Pause" classname="code.gitea.io/gitea/modules/queue" time="0.100"></testcase>
	</testsuite>
	<testsuite name="code.gitea.io/gitea/modules/recaptcha" tests="0" failures="0" errors="0" id="110" hostname="arch" time="0.000" timestamp="2022-11-13T11:18:25+02:00"></testsuite>
	<testsuite name="code.gitea.io/gitea/modules/references" tests="8" failures="0" errors="0" id="111" hostname="arch" time="0.000" timestamp="2022-11-13T11:18:25+02:00">
		<testcase name="TestConvertFullHTMLReferencesToShortRefs" classname="code.gitea.io/gitea/modules/references" time="0.000"></testcase>
		<testcase name="TestFindAllIssueReferences" classname="code.gitea.io/gitea/modules/references" time="0.000"></testcase>
		<testcase name="TestFindAllMentions" classname="code.gitea.io/gitea/modules/references" time="0.000"></testcase>
		<testcase name="TestRegExp_mentionPattern" classname="code.gitea.io/gitea/modules/references" time="0.000"></testcase>
		<testcase name="TestRegExp_issueNumericPattern" classname="code.gitea.io/gitea/modules/references" time="0.000"></testcase>
		<testcase name="TestRegExp_issueAlphanumericPattern" classname="code.gitea.io/gitea/modules/references" time="0.000"></testcase>
		<testcase name="TestCustomizeCloseKeywords" classname="code.gitea.io/gitea/modules/references" time="0.000"></testcase>
		<testcase name="TestParseCloseKeywords" classname="code.gitea.io/gitea/modules/references" time="0.000">
			<system-out><![CDATA[2022/11/13 08:38:56 ...rences/references.go:152:parseKeywords() [I] Invalid keyword: 
2022/11/13 08:38:56 ...rences/references.go:152:parseKeywords() [I] Invalid keyword: 99
2022/11/13 08:38:56 ...rences/references.go:152:parseKeywords() [I] Invalid keyword: #
2022/11/13 08:38:56 ...rences/references.go:152:parseKeywords() [I] Invalid keyword: 
2022/11/13 08:38:56 ...rences/references.go:152:parseKeywords() [I] Invalid keyword: this is
2022/11/13 08:38:56 ...rences/references.go:152:parseKeywords() [I] Invalid keyword: ,$!]]></system-out>
		</testcase>
	</testsuite>
	<testsuite name="code.gitea.io/gitea/modules/regexplru" tests="1" failures="0" errors="0" id="112" hostname="arch" time="0.000" timestamp="2022-11-13T11:18:25+02:00">
		<testcase name="TestRegexpLru" classname="code.gitea.io/gitea/modules/regexplru" time="0.000"></testcase>
	</testsuite>
	<testsuite name="code.gitea.io/gitea/modules/repository" tests="1" failures="0" errors="1" id="113" hostname="arch" time="0.105" timestamp="2022-11-13T11:18:25+02:00">
		<testcase name="Failure" classname="code.gitea.io/gitea/modules/repository" time="0.000">
			<error message="Runtime error"><![CDATA[Error creating test engine: sql: unknown driver "sqlite3" (forgotten import?)]]></error>
		</testcase>
	</testsuite>
	<testsuite name="code.gitea.io/gitea/modules/secret" tests="1" failures="0" errors="0" id="114" hostname="arch" time="0.000" timestamp="2022-11-13T11:18:25+02:00">
		<testcase name="TestEncryptDecrypt" classname="code.gitea.io/gitea/modules/secret" time="0.000"></testcase>
	</testsuite>
	<testsuite name="code.gitea.io/gitea/modules/session" tests="0" failures="0" errors="0" id="115" hostname="arch" time="0.000" timestamp="2022-11-13T11:18:25+02:00"></testsuite>
	<testsuite name="code.gitea.io/gitea/modules/setting" tests="15" failures="0" errors="0" id="116" hostname="arch" time="0.000" timestamp="2022-11-13T11:18:25+02:00">
		<testcase name="Test_GetCronSettings" classname="code.gitea.io/gitea/modules/setting" time="0.000"></testcase>
		<testcase name="Test_parsePostgreSQLHostPort" classname="code.gitea.io/gitea/modules/setting" time="0.000"></testcase>
		<testcase name="Test_getPostgreSQLConnectionString" classname="code.gitea.io/gitea/modules/setting" time="0.000"></testcase>
		<testcase name="Test_newIndexerGlobSettings" classname="code.gitea.io/gitea/modules/setting" time="0.000"></testcase>
		<testcase name="TestMakeAbsoluteAssetURL" classname="code.gitea.io/gitea/modules/setting" time="0.000"></testcase>
		<testcase name="TestMakeManifestData" classname="code.gitea.io/gitea/modules/setting" time="0.000"></testcase>
		<testcase name="Test_getStorageCustomType" classname="code.gitea.io/gitea/modules/setting" time="0.000"></testcase>
		<testcase name="Test_getStorageNameSectionOverridesTypeSection" classname="code.gitea.io/gitea/modules/setting" time="0.000"></testcase>
		<testcase name="Test_getStorageTypeSectionOverridesStorageSection" classname="code.gitea.io/gitea/modules/setting" time="0.000"></testcase>
		<testcase name="Test_getStorageSpecificOverridesStorage" classname="code.gitea.io/gitea/modules/setting" time="0.000"></testcase>
		<testcase name="Test_getStorageGetDefaults" classname="code.gitea.io/gitea/modules/setting" time="0.000"></testcase>
		<testcase name="Test_getStorageMultipleName" classname="code.gitea.io/gitea/modules/setting" time="0.000"></testcase>
		<testcase name="Test_getStorageUseOtherNameAsType" classname="code.gitea.io/gitea/modules/setting" time="0.000"></testcase>
		<testcase name="Test_getStorageInheritStorageType" classname="code.gitea.io/gitea/modules/setting" time="0.000"></testcase>
		<testcase name="Test_getStorageInheritNameSectionType" classname="code.gitea.io/gitea/modules/setting" time="0.000"></testcase>
	</testsuite>
	<testsuite name="code.gitea.io/gitea/modules/ssh" tests="0" failures="0" errors="0" id="117" hostname="arch" time="0.000" timestamp="2022-11-13T11:18:25+02:00"></testsuite>
	<testsuite name="code.gitea.io/gitea/modules/storage" tests="6" failures="0" errors="0" id="118" hostname="arch" time="0.000" timestamp="2022-11-13T11:18:25+02:00">
		<testcase name="TestBuildLocalPath" classname="code.gitea.io/gitea/modules/storage" time="0.000"></testcase>
		<testcase name="TestBuildLocalPath/0/a0eebc99-9c0b-4ef8-bb6d-6bb9bd380a14" classname="code.gitea.io/gitea/modules/storage" time="0.000"></testcase>
		<testcase name="TestBuildLocalPath/../0/a0eebc99-9c0b-4ef8-bb6d-6bb9bd380a14" classname="code.gitea.io/gitea/modules/storage" time="0.000"></testcase>
		<testcase name="TestBuildLocalPath/0\a0eebc99-9c0b-4ef8-bb6d-6bb9bd380a14" classname="code.gitea.io/gitea/modules/storage" time="0.000"></testcase>
		<testcase name="TestBuildLocalPath/a/../0/a0eebc99-9c0b-4ef8-bb6d-6bb9bd380a14" classname="code.gitea.io/gitea/modules/storage" time="0.000"></testcase>
		<testcase name="TestBuildLocalPath/a\..\0/a0eebc99-9c0b-4ef8-bb6d-6bb9bd380a14" classname="code.gitea.io/gitea/modules/storage" time="0.000"></testcase>
	</testsuite>
	<testsuite name="code.gitea.io/gitea/modules/structs" tests="0" failures="0" errors="0" id="119" hostname="arch" time="0.000" timestamp="2022-11-13T11:18:25+02:00"></testsuite>
	<testsuite name="code.gitea.io/gitea/modules/svg" tests="0" failures="0" errors="0" id="120" hostname="arch" time="0.000" timestamp="2022-11-13T11:18:25+02:00"></testsuite>
	<testsuite name="code.gitea.io/gitea/modules/sync" tests="1" failures="0" errors="0" id="121" hostname="arch" time="0.000" timestamp="2022-11-13T11:18:25+02:00">
		<testcase name="Test_StatusTable" classname="code.gitea.io/gitea/modules/sync" time="0.000"></testcase>
	</testsuite>
	<testsuite name="code.gitea.io/gitea/modules/templates" tests="1" failures="0" errors="0" id="122" hostname="arch" time="0.000" timestamp="2022-11-13T11:18:25+02:00">
		<testcase name="TestSubjectBodySeparator" classname="code.gitea.io/gitea/modules/templates" time="0.000"></testcase>
	</testsuite>
	<testsuite name="code.gitea.io/gitea/modules/templates/vars" tests="6" failures="0" errors="0" id="123" hostname="arch" time="0.000" timestamp="2022-11-13T11:18:25+02:00">
		<testcase name="TestExpandVars" classname="code.gitea.io/gitea/modules/templates/vars" time="0.000"></testcase>
		<testcase name="TestExpandVars/{a}" classname="code.gitea.io/gitea/modules/templates/vars" time="0.000"></testcase>
		<testcase name="TestExpandVars/expand_{a},_{b}_and_{c},_with_non-var_{_}_{#}" classname="code.gitea.io/gitea/modules/templates/vars" time="0.000"></testcase>
		<testcase name="TestExpandVars/_{},_{}__{}_" classname="code.gitea.io/gitea/modules/templates/vars" time="0.000"></testcase>
		<testcase name="TestExpandVars/expand_{{a},_{b}_and_{c}" classname="code.gitea.io/gitea/modules/templates/vars" time="0.000"></testcase>
		<testcase name="TestExpandVars/expand_}_{}_and_{" classname="code.gitea.io/gitea/modules/templates/vars" time="0.000"></testcase>
	</testsuite>
	<testsuite name="code.gitea.io/gitea/modules/test" tests="0" failures="0" errors="0" id="124" hostname="arch" time="0.000" timestamp="2022-11-13T11:18:25+02:00"></testsuite>
	<testsuite name="code.gitea.io/gitea/modules/timeutil" tests="74" failures="0" errors="0" id="125" hostname="arch" time="0.010" timestamp="2022-11-13T11:18:25+02:00">
		<testcase name="TestTimeSince" classname="code.gitea.io/gitea/modules/timeutil" time="0.000"></testcase>
		<testcase name="TestTimeSince/1_second" classname="code.gitea.io/gitea/modules/timeutil" time="0.000"></testcase>
		<testcase name="TestTimeSince/2_seconds" classname="code.gitea.io/gitea/modules/timeutil" time="0.000"></testcase>
		<testcase name="TestTimeSince/1_minute" classname="code.gitea.io/gitea/modules/timeutil" time="0.000"></testcase>
		<testcase name="TestTimeSince/2_minutes" classname="code.gitea.io/gitea/modules/timeutil" time="0.000"></testcase>
		<testcase name="TestTimeSince/2_minutes#01" classname="code.gitea.io/gitea/modules/timeutil" time="0.000"></testcase>
		<testcase name="TestTimeSince/1_hour" classname="code.gitea.io/gitea/modules/timeutil" time="0.000"></testcase>
		<testcase name="TestTimeSince/2_hours" classname="code.gitea.io/gitea/modules/timeutil" time="0.000"></testcase>
		<testcase name="TestTimeSince/2_hours#01" classname="code.gitea.io/gitea/modules/timeutil" time="0.000"></testcase>
		<testcase name="TestTimeSince/3_hours" classname="code.gitea.io/gitea/modules/timeutil" time="0.000"></testcase>
		<testcase name="TestTimeSince/1_day" classname="code.gitea.io/gitea/modules/timeutil" time="0.000"></testcase>
		<testcase name="TestTimeSince/2_days" classname="code.gitea.io/gitea/modules/timeutil" time="0.000"></testcase>
		<testcase name="TestTimeSince/2_days#01" classname="code.gitea.io/gitea/modules/timeutil" time="0.000"></testcase>
		<testcase name="TestTimeSince/3_days" classname="code.gitea.io/gitea/modules/timeutil" time="0.000"></testcase>
		<testcase name="TestTimeSince/1_week" classname="code.gitea.io/gitea/modules/timeutil" time="0.000"></testcase>
		<testcase name="TestTimeSince/2_weeks" classname="code.gitea.io/gitea/modules/timeutil" time="0.000"></testcase>
		<testcase name="TestTimeSince/2_weeks#01" classname="code.gitea.io/gitea/modules/timeutil" time="0.000"></testcase>
		<testcase name="TestTimeSince/3_weeks" classname="code.gitea.io/gitea/modules/timeutil" time="0.000"></testcase>
		<testcase name="TestTimeSince/1_month" classname="code.gitea.io/gitea/modules/timeutil" time="0.000"></testcase>
		<testcase name="TestTimeSince/2_months" classname="code.gitea.io/gitea/modules/timeutil" time="0.000"></testcase>
		<testcase name="TestTimeSince/2_months#01" classname="code.gitea.io/gitea/modules/timeutil" time="0.000"></testcase>
		<testcase name="TestTimeSince/1_year" classname="code.gitea.io/gitea/modules/timeutil" time="0.000"></testcase>
		<testcase name="TestTimeSince/2_years" classname="code.gitea.io/gitea/modules/timeutil" time="0.000"></testcase>
		<testcase name="TestTimeSince/2_years#01" classname="code.gitea.io/gitea/modules/timeutil" time="0.000"></testcase>
		<testcase name="TestTimeSince/3_years" classname="code.gitea.io/gitea/modules/timeutil" time="0.000"></testcase>
		<testcase name="TestTimeSincePro" classname="code.gitea.io/gitea/modules/timeutil" time="0.000"></testcase>
		<testcase name="TestHtmlTimeSince" classname="code.gitea.io/gitea/modules/timeutil" time="0.000"></testcase>
		<testcase name="TestComputeTimeDiff" classname="code.gitea.io/gitea/modules/timeutil" time="0.010"></testcase>
		<testcase name="TestComputeTimeDiff/now:0" classname="code.gitea.io/gitea/modules/timeutil" time="0.000"></testcase>
		<testcase name="TestComputeTimeDiff/1_second:0" classname="code.gitea.io/gitea/modules/timeutil" time="0.000"></testcase>
		<testcase name="TestComputeTimeDiff/2_seconds:0" classname="code.gitea.io/gitea/modules/timeutil" time="0.000"></testcase>
		<testcase name="TestComputeTimeDiff/1_minute:0" classname="code.gitea.io/gitea/modules/timeutil" time="0.000"></testcase>
		<testcase name="TestComputeTimeDiff/1_minute:1" classname="code.gitea.io/gitea/modules/timeutil" time="0.000"></testcase>
		<testcase name="TestComputeTimeDiff/1_minute:29" classname="code.gitea.io/gitea/modules/timeutil" time="0.000"></testcase>
		<testcase name="TestComputeTimeDiff/2_minutes:30" classname="code.gitea.io/gitea/modules/timeutil" time="0.000"></testcase>
		<testcase name="TestComputeTimeDiff/2_minutes:59" classname="code.gitea.io/gitea/modules/timeutil" time="0.000"></testcase>
		<testcase name="TestComputeTimeDiff/2_minutes:0" classname="code.gitea.io/gitea/modules/timeutil" time="0.000"></testcase>
		<testcase name="TestComputeTimeDiff/2_minutes:29" classname="code.gitea.io/gitea/modules/timeutil" time="0.000"></testcase>
		<testcase name="TestComputeTimeDiff/3_minutes:30" classname="code.gitea.io/gitea/modules/timeutil" time="0.000"></testcase>
		<testcase name="TestComputeTimeDiff/3_minutes:59" classname="code.gitea.io/gitea/modules/timeutil" time="0.000"></testcase>
		<testcase name="TestComputeTimeDiff/1_hour:0" classname="code.gitea.io/gitea/modules/timeutil" time="0.000"></testcase>
		<testcase name="TestComputeTimeDiff/1_hour:1" classname="code.gitea.io/gitea/modules/timeutil" time="0.000"></testcase>
		<testcase name="TestComputeTimeDiff/1_hour:1740" classname="code.gitea.io/gitea/modules/timeutil" time="0.000"></testcase>
		<testcase name="TestComputeTimeDiff/2_hours:1800" classname="code.gitea.io/gitea/modules/timeutil" time="0.000"></testcase>
		<testcase name="TestComputeTimeDiff/2_hours:3599" classname="code.gitea.io/gitea/modules/timeutil" time="0.000"></testcase>
		<testcase name="TestComputeTimeDiff/5_hours:0" classname="code.gitea.io/gitea/modules/timeutil" time="0.000"></testcase>
		<testcase name="TestComputeTimeDiff/5_hours:1740" classname="code.gitea.io/gitea/modules/timeutil" time="0.000"></testcase>
		<testcase name="TestComputeTimeDiff/1_day:0" classname="code.gitea.io/gitea/modules/timeutil" time="0.000"></testcase>
		<testcase name="TestComputeTimeDiff/1_day:1" classname="code.gitea.io/gitea/modules/timeutil" time="0.000"></testcase>
		<testcase name="TestComputeTimeDiff/1_day:39600" classname="code.gitea.io/gitea/modules/timeutil" time="0.000"></testcase>
		<testcase name="TestComputeTimeDiff/2_days:43200" classname="code.gitea.io/gitea/modules/timeutil" time="0.000"></testcase>
		<testcase name="TestComputeTimeDiff/2_days:86399" classname="code.gitea.io/gitea/modules/timeutil" time="0.000"></testcase>
		<testcase name="TestComputeTimeDiff/5_days:0" classname="code.gitea.io/gitea/modules/timeutil" time="0.000"></testcase>
		<testcase name="TestComputeTimeDiff/5_days:39600" classname="code.gitea.io/gitea/modules/timeutil" time="0.000"></testcase>
		<testcase name="TestComputeTimeDiff/1_week:0" classname="code.gitea.io/gitea/modules/timeutil" time="0.000"></testcase>
		<testcase name="TestComputeTimeDiff/1_week:1" classname="code.gitea.io/gitea/modules/timeutil" time="0.000"></testcase>
		<testcase name="TestComputeTimeDiff/1_week:259200" classname="code.gitea.io/gitea/modules/timeutil" time="0.000"></testcase>
		<testcase name="TestComputeTimeDiff/2_weeks:345600" classname="code.gitea.io/gitea/modules/timeutil" time="0.000"></testcase>
		<testcase name="TestComputeTimeDiff/2_weeks:604799" classname="code.gitea.io/gitea/modules/timeutil" time="0.000"></testcase>
		<testcase name="TestComputeTimeDiff/3_weeks:0" classname="code.gitea.io/gitea/modules/timeutil" time="0.000"></testcase>
		<testcase name="TestComputeTimeDiff/3_weeks:259200" classname="code.gitea.io/gitea/modules/timeutil" time="0.000"></testcase>
		<testcase name="TestComputeTimeDiff/1_month:0" classname="code.gitea.io/gitea/modules/timeutil" time="0.000"></testcase>
		<testcase name="TestComputeTimeDiff/1_month:1" classname="code.gitea.io/gitea/modules/timeutil" time="0.000"></testcase>
		<testcase name="TestComputeTimeDiff/2_months:1382400" classname="code.gitea.io/gitea/modules/timeutil" time="0.000"></testcase>
		<testcase name="TestComputeTimeDiff/2_months:2591999" classname="code.gitea.io/gitea/modules/timeutil" time="0.000"></testcase>
		<testcase name="TestComputeTimeDiff/10_months:0" classname="code.gitea.io/gitea/modules/timeutil" time="0.000"></testcase>
		<testcase name="TestComputeTimeDiff/10_months:1123200" classname="code.gitea.io/gitea/modules/timeutil" time="0.000"></testcase>
		<testcase name="TestComputeTimeDiff/1_year:0" classname="code.gitea.io/gitea/modules/timeutil" time="0.000"></testcase>
		<testcase name="TestComputeTimeDiff/1_year:15465600" classname="code.gitea.io/gitea/modules/timeutil" time="0.000"></testcase>
		<testcase name="TestComputeTimeDiff/2_years:15552000" classname="code.gitea.io/gitea/modules/timeutil" time="0.000"></testcase>
		<testcase name="TestComputeTimeDiff/2_years:31103999" classname="code.gitea.io/gitea/modules/timeutil" time="0.000"></testcase>
		<testcase name="TestComputeTimeDiff/3_years:0" classname="code.gitea.io/gitea/modules/timeutil" time="0.000"></testcase>
		<testcase name="TestComputeTimeDiff/3_years:15465600" classname="code.gitea.io/gitea/modules/timeutil" time="0.000"></testcase>
		<testcase name="TestMinutesToFriendly" classname="code.gitea.io/gitea/modules/timeutil" time="0.000"></testcase>
	</testsuite>
	<testsuite name="code.gitea.io/gitea/modules/translation" tests="0" failures="0" errors="0" id="126" hostname="arch" time="0.000" timestamp="2022-11-13T11:18:25+02:00"></testsuite>
	<testsuite name="code.gitea.io/gitea/modules/translation/i18n" tests="2" failures="0" errors="0" id="127" hostname="arch" time="0.000" timestamp="2022-11-13T11:18:25+02:00">
		<testcase name="TestLocaleStore" classname="code.gitea.io/gitea/modules/translation/i18n" time="0.000"></testcase>
		<testcase name="TestLocaleStoreMoreSource" classname="code.gitea.io/gitea/modules/translation/i18n" time="0.000"></testcase>
	</testsuite>
	<testsuite name="code.gitea.io/gitea/modules/typesniffer" tests="7" failures="0" errors="0" id="128" hostname="arch" time="0.000" timestamp="2022-11-13T11:18:25+02:00">
		<testcase name="TestDetectContentTypeLongerThanSniffLen" classname="code.gitea.io/gitea/modules/typesniffer" time="0.000"></testcase>
		<testcase name="TestIsTextFile" classname="code.gitea.io/gitea/modules/typesniffer" time="0.000"></testcase>
		<testcase name="TestIsSvgImage" classname="code.gitea.io/gitea/modules/typesniffer" time="0.000"></testcase>
		<testcase name="TestIsPDF" classname="code.gitea.io/gitea/modules/typesniffer" time="0.000"></testcase>
		<testcase name="TestIsVideo" classname="code.gitea.io/gitea/modules/typesniffer" time="0.000"></testcase>
		<testcase name="TestIsAudio" classname="code.gitea.io/gitea/modules/typesniffer" time="0.000"></testcase>
		<testcase name="TestDetectContentTypeFromReader" classname="code.gitea.io/gitea/modules/typesniffer" time="0.000"></testcase>
	</testsuite>
	<testsuite name="code.gitea.io/gitea/modules/updatechecker" tests="0" failures="0" errors="0" id="129" hostname="arch" time="0.000" timestamp="2022-11-13T11:18:25+02:00"></testsuite>
	<testsuite name="code.gitea.io/gitea/modules/upload" tests="1" failures="0" errors="0" id="130" hostname="arch" time="0.000" timestamp="2022-11-13T11:18:25+02:00">
		<testcase name="TestUpload" classname="code.gitea.io/gitea/modules/upload" time="0.000">
			<system-out><![CDATA[2022/11/13 08:39:02 ...les/upload/upload.go:74:Verify() [I] Attachment with type text/plain; charset=utf-8 blocked from upload
2022/11/13 08:39:02 ...les/upload/upload.go:74:Verify() [I] Attachment with type text/plain; charset=utf-8 blocked from upload
2022/11/13 08:39:02 ...les/upload/upload.go:74:Verify() [I] Attachment with type text/plain; charset=utf-8 blocked from upload]]></system-out>
		</testcase>
	</testsuite>
	<testsuite name="code.gitea.io/gitea/modules/uri" tests="1" failures="0" errors="0" id="131" hostname="arch" time="0.000" timestamp="2022-11-13T11:18:25+02:00">
		<testcase name="TestReadURI" classname="code.gitea.io/gitea/modules/uri" time="0.000"></testcase>
	</testsuite>
	<testsuite name="code.gitea.io/gitea/modules/user" tests="1" failures="0" errors="0" id="132" hostname="arch" time="0.010" timestamp="2022-11-13T11:18:25+02:00">
		<testcase name="TestCurrentUsername" classname="code.gitea.io/gitea/modules/user" time="0.010"></testcase>
	</testsuite>
	<testsuite name="code.gitea.io/gitea/modules/util" tests="37" failures="0" errors="0" id="133" hostname="arch" time="0.000" timestamp="2022-11-13T11:18:25+02:00">
		<testcase name="TestCopyFile" classname="code.gitea.io/gitea/modules/util" time="0.000"></testcase>
		<testcase name="TestAESGCM" classname="code.gitea.io/gitea/modules/util" time="0.000"></testcase>
		<testcase name="TestPaginateSlice" classname="code.gitea.io/gitea/modules/util" time="0.000"></testcase>
		<testcase name="TestFileURLToPath" classname="code.gitea.io/gitea/modules/util" time="0.000"></testcase>
		<testcase name="TestSanitizeErrorCredentialURLs" classname="code.gitea.io/gitea/modules/util" time="0.000"></testcase>
		<testcase name="TestSanitizeCredentialURLs" classname="code.gitea.io/gitea/modules/util" time="0.000"></testcase>
		<testcase name="TestSecToTime" classname="code.gitea.io/gitea/modules/util" time="0.000"></testcase>
		<testcase name="TestShellEscape" classname="code.gitea.io/gitea/modules/util" time="0.000"></testcase>
		<testcase name="TestShellEscape/Simplest_case_-_nothing_to_escape" classname="code.gitea.io/gitea/modules/util" time="0.000"></testcase>
		<testcase name="TestShellEscape/Prefixed_tilde_-_with_normal_stuff_-_should_not_escape" classname="code.gitea.io/gitea/modules/util" time="0.000"></testcase>
		<testcase name="TestShellEscape/Typical_windows_path_with_spaces_-_should_get_doublequote_escaped" classname="code.gitea.io/gitea/modules/util" time="0.000"></testcase>
		<testcase name="TestShellEscape/Forward-slashed_windows_path_with_spaces_-_should_get_doublequote_escaped" classname="code.gitea.io/gitea/modules/util" time="0.000"></testcase>
		<testcase name="TestShellEscape/Prefixed_tilde_-_but_then_a_space_filled_path" classname="code.gitea.io/gitea/modules/util" time="0.000"></testcase>
		<testcase name="TestShellEscape/Bangs_are_unfortunately_not_predictable_so_need_to_be_singlequoted" classname="code.gitea.io/gitea/modules/util" time="0.000"></testcase>
		<testcase name="TestShellEscape/Newlines_are_just_irritating" classname="code.gitea.io/gitea/modules/util" time="0.000"></testcase>
		<testcase name="TestShellEscape/Similarly_we_should_nicely_handle_multiple_single_quotes_if_we_have_to_single-quote" classname="code.gitea.io/gitea/modules/util" time="0.000"></testcase>
		<testcase name="TestShellEscape/Double_quote_&lt;_..." classname="code.gitea.io/gitea/modules/util" time="0.000"></testcase>
		<testcase name="TestShellEscape/Double_quote_&gt;_..." classname="code.gitea.io/gitea/modules/util" time="0.000"></testcase>
		<testcase name="TestShellEscape/Double_quote_and_escape_$_..." classname="code.gitea.io/gitea/modules/util" time="0.000"></testcase>
		<testcase name="TestShellEscape/Double_quote_{..." classname="code.gitea.io/gitea/modules/util" time="0.000"></testcase>
		<testcase name="TestShellEscape/Double_quote_}..." classname="code.gitea.io/gitea/modules/util" time="0.000"></testcase>
		<testcase name="TestShellEscape/Double_quote_()..." classname="code.gitea.io/gitea/modules/util" time="0.000"></testcase>
		<testcase name="TestShellEscape/Double_quote_and_escape_`..." classname="code.gitea.io/gitea/modules/util" time="0.000"></testcase>
		<testcase name="TestShellEscape/Double_quotes_can_handle_a_number_of_things_without_having_to_escape_them_but_not_everything_..." classname="code.gitea.io/gitea/modules/util" time="0.000"></testcase>
		<testcase name="TestShellEscape/Single_quotes_don&#39;t_need_to_escape_except_for_&#39;..." classname="code.gitea.io/gitea/modules/util" time="0.000"></testcase>
		<testcase name="TestToSnakeCase" classname="code.gitea.io/gitea/modules/util" time="0.000"></testcase>
		<testcase name="TestSplitString" classname="code.gitea.io/gitea/modules/util" time="0.000"></testcase>
		<testcase name="TestURLJoin" classname="code.gitea.io/gitea/modules/util" time="0.000"></testcase>
		<testcase name="TestIsEmptyString" classname="code.gitea.io/gitea/modules/util" time="0.000"></testcase>
		<testcase name="Test_NormalizeEOL" classname="code.gitea.io/gitea/modules/util" time="0.000"></testcase>
		<testcase name="Test_RandomInt" classname="code.gitea.io/gitea/modules/util" time="0.000"></testcase>
		<testcase name="Test_RandomString" classname="code.gitea.io/gitea/modules/util" time="0.000"></testcase>
		<testcase name="Test_RandomBytes" classname="code.gitea.io/gitea/modules/util" time="0.000"></testcase>
		<testcase name="Test_OptionalBool" classname="code.gitea.io/gitea/modules/util" time="0.000"></testcase>
		<testcase name="TestToUpperASCII" classname="code.gitea.io/gitea/modules/util" time="0.000"></testcase>
		<testcase name="TestToTitleCase" classname="code.gitea.io/gitea/modules/util" time="0.000"></testcase>
		<testcase name="TestDedent" classname="code.gitea.io/gitea/modules/util" time="0.000"></testcase>
	</testsuite>
	<testsuite name="code.gitea.io/gitea/modules/util/filebuffer" tests="1" failures="0" errors="0" id="134" hostname="arch" time="0.000" timestamp="2022-11-13T11:18:25+02:00">
		<testcase name="TestFileBackedBuffer" classname="code.gitea.io/gitea/modules/util/filebuffer" time="0.000"></testcase>
	</testsuite>
	<testsuite name="code.gitea.io/gitea/modules/validation" tests="61" failures="0" errors="0" id="135" hostname="arch" time="0.000" timestamp="2022-11-13T11:18:25+02:00">
		<testcase name="Test_GlobPatternValidation" classname="code.gitea.io/gitea/modules/validation" time="0.000"></testcase>
		<testcase name="Test_GlobPatternValidation/Empty_glob_pattern" classname="code.gitea.io/gitea/modules/validation" time="0.000"></testcase>
		<testcase name="Test_GlobPatternValidation/Valid_glob" classname="code.gitea.io/gitea/modules/validation" time="0.000"></testcase>
		<testcase name="Test_GlobPatternValidation/Invalid_glob" classname="code.gitea.io/gitea/modules/validation" time="0.000"></testcase>
		<testcase name="Test_IsValidURL" classname="code.gitea.io/gitea/modules/validation" time="0.000"></testcase>
		<testcase name="Test_IsValidURL/Empty_URL" classname="code.gitea.io/gitea/modules/validation" time="0.000"></testcase>
		<testcase name="Test_IsValidURL/Loopback_IPv4_URL" classname="code.gitea.io/gitea/modules/validation" time="0.000"></testcase>
		<testcase name="Test_IsValidURL/Loopback_IPv6_URL" classname="code.gitea.io/gitea/modules/validation" time="0.000"></testcase>
		<testcase name="Test_IsValidURL/Missing_semicolon_after_schema" classname="code.gitea.io/gitea/modules/validation" time="0.000"></testcase>
		<testcase name="Test_IsValidExternalURL" classname="code.gitea.io/gitea/modules/validation" time="0.000"></testcase>
		<testcase name="Test_IsValidExternalURL/Current_instance_URL" classname="code.gitea.io/gitea/modules/validation" time="0.000"></testcase>
		<testcase name="Test_IsValidExternalURL/Loopback_IPv4_URL" classname="code.gitea.io/gitea/modules/validation" time="0.000"></testcase>
		<testcase name="Test_IsValidExternalURL/Current_instance_API_URL" classname="code.gitea.io/gitea/modules/validation" time="0.000"></testcase>
		<testcase name="Test_IsValidExternalURL/Local_network_URL" classname="code.gitea.io/gitea/modules/validation" time="0.000"></testcase>
		<testcase name="Test_IsValidExternalURL/Local_URL" classname="code.gitea.io/gitea/modules/validation" time="0.000"></testcase>
		<testcase name="Test_IsValidExternalTrackerURLFormat" classname="code.gitea.io/gitea/modules/validation" time="0.000"></testcase>
		<testcase name="Test_IsValidExternalTrackerURLFormat/Correct_external_tracker_URL_with_all_placeholders" classname="code.gitea.io/gitea/modules/validation" time="0.000"></testcase>
		<testcase name="Test_IsValidExternalTrackerURLFormat/Local_external_tracker_URL_with_all_placeholders" classname="code.gitea.io/gitea/modules/validation" time="0.000"></testcase>
		<testcase name="Test_IsValidExternalTrackerURLFormat/External_tracker_URL_with_typo_placeholder" classname="code.gitea.io/gitea/modules/validation" time="0.000"></testcase>
		<testcase name="Test_IsValidExternalTrackerURLFormat/External_tracker_URL_with_typo_placeholder#01" classname="code.gitea.io/gitea/modules/validation" time="0.000"></testcase>
		<testcase name="Test_IsValidExternalTrackerURLFormat/External_tracker_URL_with_typo_placeholder#02" classname="code.gitea.io/gitea/modules/validation" time="0.000"></testcase>
		<testcase name="Test_IsValidExternalTrackerURLFormat/External_tracker_URL_missing_optional_placeholder" classname="code.gitea.io/gitea/modules/validation" time="0.000"></testcase>
		<testcase name="Test_IsValidExternalTrackerURLFormat/External_tracker_URL_missing_optional_placeholder#01" classname="code.gitea.io/gitea/modules/validation" time="0.000"></testcase>
		<testcase name="Test_IsValidExternalTrackerURLFormat/External_tracker_URL_missing_optional_placeholder#02" classname="code.gitea.io/gitea/modules/validation" time="0.000"></testcase>
		<testcase name="Test_IsValidExternalTrackerURLFormat/External_tracker_URL_missing_optional_placeholder#03" classname="code.gitea.io/gitea/modules/validation" time="0.000"></testcase>
		<testcase name="Test_IsValidExternalTrackerURLFormat/External_tracker_URL_with_similar_placeholder_names_test" classname="code.gitea.io/gitea/modules/validation" time="0.000"></testcase>
		<testcase name="Test_GitRefNameValidation" classname="code.gitea.io/gitea/modules/validation" time="0.000"></testcase>
		<testcase name="Test_GitRefNameValidation/Reference_name_contains_only_characters" classname="code.gitea.io/gitea/modules/validation" time="0.000"></testcase>
		<testcase name="Test_GitRefNameValidation/Reference_name_contains_single_slash" classname="code.gitea.io/gitea/modules/validation" time="0.000"></testcase>
		<testcase name="Test_GitRefNameValidation/Reference_name_has_allowed_special_characters" classname="code.gitea.io/gitea/modules/validation" time="0.000"></testcase>
		<testcase name="Test_GitRefNameValidation/Reference_name_contains_backslash" classname="code.gitea.io/gitea/modules/validation" time="0.000"></testcase>
		<testcase name="Test_GitRefNameValidation/Reference_name_starts_with_dot" classname="code.gitea.io/gitea/modules/validation" time="0.000"></testcase>
		<testcase name="Test_GitRefNameValidation/Reference_name_ends_with_dot" classname="code.gitea.io/gitea/modules/validation" time="0.000"></testcase>
		<testcase name="Test_GitRefNameValidation/Reference_name_starts_with_slash" classname="code.gitea.io/gitea/modules/validation" time="0.000"></testcase>
		<testcase name="Test_GitRefNameValidation/Reference_name_ends_with_slash" classname="code.gitea.io/gitea/modules/validation" time="0.000"></testcase>
		<testcase name="Test_GitRefNameValidation/Reference_name_ends_with_.lock" classname="code.gitea.io/gitea/modules/validation" time="0.000"></testcase>
		<testcase name="Test_GitRefNameValidation/Reference_name_contains_multiple_consecutive_dots" classname="code.gitea.io/gitea/modules/validation" time="0.000"></testcase>
		<testcase name="Test_GitRefNameValidation/Reference_name_contains_multiple_consecutive_slashes" classname="code.gitea.io/gitea/modules/validation" time="0.000"></testcase>
		<testcase name="Test_GitRefNameValidation/Reference_name_is_single_@" classname="code.gitea.io/gitea/modules/validation" time="0.000"></testcase>
		<testcase name="Test_GitRefNameValidation/Reference_name_has_@{" classname="code.gitea.io/gitea/modules/validation" time="0.000"></testcase>
		<testcase name="Test_GitRefNameValidation/Reference_name_has_unallowed_special_character_~" classname="code.gitea.io/gitea/modules/validation" time="0.000"></testcase>
		<testcase name="Test_GitRefNameValidation/Reference_name_has_unallowed_special_character_*" classname="code.gitea.io/gitea/modules/validation" time="0.000"></testcase>
		<testcase name="Test_GitRefNameValidation/Reference_name_has_unallowed_special_character_?" classname="code.gitea.io/gitea/modules/validation" time="0.000"></testcase>
		<testcase name="Test_GitRefNameValidation/Reference_name_has_unallowed_special_character_^" classname="code.gitea.io/gitea/modules/validation" time="0.000"></testcase>
		<testcase name="Test_GitRefNameValidation/Reference_name_has_unallowed_special_character_:" classname="code.gitea.io/gitea/modules/validation" time="0.000"></testcase>
		<testcase name="Test_GitRefNameValidation/Reference_name_has_unallowed_special_character_(whitespace)" classname="code.gitea.io/gitea/modules/validation" time="0.000"></testcase>
		<testcase name="Test_GitRefNameValidation/Reference_name_has_unallowed_special_character_[" classname="code.gitea.io/gitea/modules/validation" time="0.000"></testcase>
		<testcase name="Test_RegexPatternValidation" classname="code.gitea.io/gitea/modules/validation" time="0.000"></testcase>
		<testcase name="Test_RegexPatternValidation/Empty_regex_pattern" classname="code.gitea.io/gitea/modules/validation" time="0.000"></testcase>
		<testcase name="Test_RegexPatternValidation/Valid_regex" classname="code.gitea.io/gitea/modules/validation" time="0.000"></testcase>
		<testcase name="Test_RegexPatternValidation/Invalid_regex" classname="code.gitea.io/gitea/modules/validation" time="0.000"></testcase>
		<testcase name="Test_ValidURLValidation" classname="code.gitea.io/gitea/modules/validation" time="0.000"></testcase>
		<testcase name="Test_ValidURLValidation/Empty_URL" classname="code.gitea.io/gitea/modules/validation" time="0.000"></testcase>
		<testcase name="Test_ValidURLValidation/URL_without_port" classname="code.gitea.io/gitea/modules/validation" time="0.000"></testcase>
		<testcase name="Test_ValidURLValidation/URL_with_port" classname="code.gitea.io/gitea/modules/validation" time="0.000"></testcase>
		<testcase name="Test_ValidURLValidation/URL_with_IPv6_address_without_port" classname="code.gitea.io/gitea/modules/validation" time="0.000"></testcase>
		<testcase name="Test_ValidURLValidation/URL_with_IPv6_address_with_port" classname="code.gitea.io/gitea/modules/validation" time="0.000"></testcase>
		<testcase name="Test_ValidURLValidation/Invalid_URL" classname="code.gitea.io/gitea/modules/validation" time="0.000"></testcase>
		<testcase name="Test_ValidURLValidation/Invalid_schema" classname="code.gitea.io/gitea/modules/validation" time="0.000"></testcase>
		<testcase name="Test_ValidURLValidation/Invalid_port" classname="code.gitea.io/gitea/modules/validation" time="0.000"></testcase>
		<testcase name="Test_ValidURLValidation/Invalid_port_with_IPv6_address" classname="code.gitea.io/gitea/modules/validation" time="0.000"></testcase>
	</testsuite>
	<testsuite name="code.gitea.io/gitea/modules/web" tests="3" failures="0" errors="0" id="136" hostname="arch" time="0.000" timestamp="2022-11-13T11:18:25+02:00">
		<testcase name="TestRoute1" classname="code.gitea.io/gitea/modules/web" time="0.000"></testcase>
		<testcase name="TestRoute2" classname="code.gitea.io/gitea/modules/web" time="0.000"></testcase>
		<testcase name="TestRoute3" classname="code.gitea.io/gitea/modules/web" time="0.000"></testcase>
	</testsuite>
	<testsuite name="code.gitea.io/gitea/modules/web/middleware" tests="0" failures="0" errors="0" id="137" hostname="arch" time="0.000" timestamp="2022-11-13T11:18:25+02:00"></testsuite>
	<testsuite name="code.gitea.io/gitea/modules/web/routing" tests="11" failures="0" errors="0" id="138" hostname="arch" time="0.000" timestamp="2022-11-13T11:18:25+02:00">
		<testcase name="Test_shortenFilename" classname="code.gitea.io/gitea/modules/web/routing" time="0.000"></testcase>
		<testcase name="Test_shortenFilename/shortenFilename(&#39;code.gitea.io/routers/common/logger_context.go&#39;)" classname="code.gitea.io/gitea/modules/web/routing" time="0.000"></testcase>
		<testcase name="Test_shortenFilename/shortenFilename(&#39;common/logger_context.go&#39;)" classname="code.gitea.io/gitea/modules/web/routing" time="0.000"></testcase>
		<testcase name="Test_shortenFilename/shortenFilename(&#39;logger_context.go&#39;)" classname="code.gitea.io/gitea/modules/web/routing" time="0.000"></testcase>
		<testcase name="Test_shortenFilename/shortenFilename(&#39;&#39;)" classname="code.gitea.io/gitea/modules/web/routing" time="0.000"></testcase>
		<testcase name="Test_trimAnonymousFunctionSuffix" classname="code.gitea.io/gitea/modules/web/routing" time="0.000"></testcase>
		<testcase name="Test_trimAnonymousFunctionSuffix/notAnonymous" classname="code.gitea.io/gitea/modules/web/routing" time="0.000"></testcase>
		<testcase name="Test_trimAnonymousFunctionSuffix/anonymous.func1" classname="code.gitea.io/gitea/modules/web/routing" time="0.000"></testcase>
		<testcase name="Test_trimAnonymousFunctionSuffix/notAnonymous.funca" classname="code.gitea.io/gitea/modules/web/routing" time="0.000"></testcase>
		<testcase name="Test_trimAnonymousFunctionSuffix/anonymous.func100" classname="code.gitea.io/gitea/modules/web/routing" time="0.000"></testcase>
		<testcase name="Test_trimAnonymousFunctionSuffix/anonymous.func100.func6" classname="code.gitea.io/gitea/modules/web/routing" time="0.000"></testcase>
	</testsuite>
	<testsuite name="code.gitea.io/gitea/routers" tests="0" failures="0" errors="0" id="139" hostname="arch" time="0.000" timestamp="2022-11-13T11:18:25+02:00"></testsuite>
	<testsuite name="code.gitea.io/gitea/routers/api/packages" tests="0" failures="0" errors="0" id="140" hostname="arch" time="0.000" timestamp="2022-11-13T11:18:25+02:00"></testsuite>
	<testsuite name="code.gitea.io/gitea/routers/api/packages/composer" tests="0" failures="0" errors="0" id="141" hostname="arch" time="0.000" timestamp="2022-11-13T11:18:25+02:00"></testsuite>
	<testsuite name="code.gitea.io/gitea/routers/api/packages/conan" tests="0" failures="0" errors="0" id="142" hostname="arch" time="0.000" timestamp="2022-11-13T11:18:25+02:00"></testsuite>
	<testsuite name="code.gitea.io/gitea/routers/api/packages/container" tests="0" failures="0" errors="0" id="143" hostname="arch" time="0.000" timestamp="2022-11-13T11:18:25+02:00"></testsuite>
	<testsuite name="code.gitea.io/gitea/routers/api/packages/generic" tests="0" failures="0" errors="0" id="144" hostname="arch" time="0.000" timestamp="2022-11-13T11:18:25+02:00"></testsuite>
	<testsuite name="code.gitea.io/gitea/routers/api/packages/helm" tests="0" failures="0" errors="0" id="145" hostname="arch" time="0.000" timestamp="2022-11-13T11:18:25+02:00"></testsuite>
	<testsuite name="code.gitea.io/gitea/routers/api/packages/helper" tests="0" failures="0" errors="0" id="146" hostname="arch" time="0.000" timestamp="2022-11-13T11:18:25+02:00"></testsuite>
	<testsuite name="code.gitea.io/gitea/routers/api/packages/maven" tests="0" failures="0" errors="0" id="147" hostname="arch" time="0.000" timestamp="2022-11-13T11:18:25+02:00"></testsuite>
	<testsuite name="code.gitea.io/gitea/routers/api/packages/npm" tests="0" failures="0" errors="0" id="148" hostname="arch" time="0.000" timestamp="2022-11-13T11:18:25+02:00"></testsuite>
	<testsuite name="code.gitea.io/gitea/routers/api/packages/nuget" tests="0" failures="0" errors="0" id="149" hostname="arch" time="0.000" timestamp="2022-11-13T11:18:25+02:00"></testsuite>
	<testsuite name="code.gitea.io/gitea/routers/api/packages/pypi" tests="0" failures="0" errors="0" id="150" hostname="arch" time="0.000" timestamp="2022-11-13T11:18:25+02:00"></testsuite>
	<testsuite name="code.gitea.io/gitea/routers/api/packages/rubygems" tests="0" failures="0" errors="0" id="151" hostname="arch" time="0.000" timestamp="2022-11-13T11:18:25+02:00"></testsuite>
	<testsuite name="code.gitea.io/gitea/routers/api/v1" tests="0" failures="0" errors="0" id="152" hostname="arch" time="0.000" timestamp="2022-11-13T11:18:25+02:00"></testsuite>
	<testsuite name="code.gitea.io/gitea/routers/api/v1/admin" tests="0" failures="0" errors="0" id="153" hostname="arch" time="0.000" timestamp="2022-11-13T11:18:25+02:00"></testsuite>
	<testsuite name="code.gitea.io/gitea/routers/api/v1/misc" tests="3" failures="0" errors="0" id="154" hostname="arch" time="0.010" timestamp="2022-11-13T11:18:25+02:00">
		<testcase name="TestAPI_RenderGFM" classname="code.gitea.io/gitea/routers/api/v1/misc" time="0.010"></testcase>
		<testcase name="TestAPI_RenderSimple" classname="code.gitea.io/gitea/routers/api/v1/misc" time="0.000"></testcase>
		<testcase name="TestAPI_RenderRaw" classname="code.gitea.io/gitea/routers/api/v1/misc" time="0.000"></testcase>
	</testsuite>
	<testsuite name="code.gitea.io/gitea/routers/api/v1/notify" tests="0" failures="0" errors="0" id="155" hostname="arch" time="0.000" timestamp="2022-11-13T11:18:25+02:00"></testsuite>
	<testsuite name="code.gitea.io/gitea/routers/api/v1/org" tests="0" failures="0" errors="0" id="156" hostname="arch" time="0.000" timestamp="2022-11-13T11:18:25+02:00"></testsuite>
	<testsuite name="code.gitea.io/gitea/routers/api/v1/packages" tests="0" failures="0" errors="0" id="157" hostname="arch" time="0.000" timestamp="2022-11-13T11:18:25+02:00"></testsuite>
	<testsuite name="code.gitea.io/gitea/routers/api/v1/repo" tests="1" failures="0" errors="1" id="158" hostname="arch" time="0.215" timestamp="2022-11-13T11:18:25+02:00">
		<testcase name="Failure" classname="code.gitea.io/gitea/routers/api/v1/repo" time="0.000">
			<error message="Runtime error"><![CDATA[Error creating test engine: sql: unknown driver "sqlite3" (forgotten import?)]]></error>
		</testcase>
	</testsuite>
	<testsuite name="code.gitea.io/gitea/routers/api/v1/settings" tests="0" failures="0" errors="0" id="159" hostname="arch" time="0.000" timestamp="2022-11-13T11:18:25+02:00"></testsuite>
	<testsuite name="code.gitea.io/gitea/routers/api/v1/swagger" tests="0" failures="0" errors="0" id="160" hostname="arch" time="0.000" timestamp="2022-11-13T11:18:25+02:00"></testsuite>
	<testsuite name="code.gitea.io/gitea/routers/api/v1/user" tests="0" failures="0" errors="0" id="161" hostname="arch" time="0.000" timestamp="2022-11-13T11:18:25+02:00"></testsuite>
	<testsuite name="code.gitea.io/gitea/routers/api/v1/utils" tests="0" failures="0" errors="0" id="162" hostname="arch" time="0.000" timestamp="2022-11-13T11:18:25+02:00"></testsuite>
	<testsuite name="code.gitea.io/gitea/routers/common" tests="0" failures="0" errors="0" id="163" hostname="arch" time="0.000" timestamp="2022-11-13T11:18:25+02:00"></testsuite>
	<testsuite name="code.gitea.io/gitea/routers/install" tests="1" failures="0" errors="0" id="164" hostname="arch" time="0.000" timestamp="2022-11-13T11:18:25+02:00">
		<testcase name="TestRoutes" classname="code.gitea.io/gitea/routers/install" time="0.000"></testcase>
	</testsuite>
	<testsuite name="code.gitea.io/gitea/routers/private" tests="0" failures="0" errors="0" id="165" hostname="arch" time="0.000" timestamp="2022-11-13T11:18:25+02:00"></testsuite>
	<testsuite name="code.gitea.io/gitea/routers/utils" tests="7" failures="0" errors="0" id="166" hostname="arch" time="0.000" timestamp="2022-11-13T11:18:25+02:00">
		<testcase name="TestRemoveUsernameParameterSuffix" classname="code.gitea.io/gitea/routers/utils" time="0.000"></testcase>
		<testcase name="TestIsValidSlackChannel" classname="code.gitea.io/gitea/routers/utils" time="0.000"></testcase>
		<testcase name="TestIsExternalURL" classname="code.gitea.io/gitea/routers/utils" time="0.000"></testcase>
		<testcase name="TestSanitizeFlashErrorString" classname="code.gitea.io/gitea/routers/utils" time="0.000"></testcase>
		<testcase name="TestSanitizeFlashErrorString/no_error" classname="code.gitea.io/gitea/routers/utils" time="0.000"></testcase>
		<testcase name="TestSanitizeFlashErrorString/normal_error" classname="code.gitea.io/gitea/routers/utils" time="0.000"></testcase>
		<testcase name="TestSanitizeFlashErrorString/line_break_error" classname="code.gitea.io/gitea/routers/utils" time="0.000"></testcase>
	</testsuite>
	<testsuite name="code.gitea.io/gitea/routers/web" tests="0" failures="0" errors="0" id="167" hostname="arch" time="0.000" timestamp="2022-11-13T11:18:25+02:00"></testsuite>
	<testsuite name="code.gitea.io/gitea/routers/web/admin" tests="1" failures="0" errors="1" id="168" hostname="arch" time="0.248" timestamp="2022-11-13T11:18:25+02:00">
		<testcase name="Failure" classname="code.gitea.io/gitea/routers/web/admin" time="0.000">
			<error message="Runtime error"><![CDATA[Error creating test engine: sql: unknown driver "sqlite3" (forgotten import?)]]></error>
		</testcase>
	</testsuite>
	<testsuite name="code.gitea.io/gitea/routers/web/auth" tests="1" failures="0" errors="1" id="169" hostname="arch" time="0.203" timestamp="2022-11-13T11:18:25+02:00">
		<testcase name="Failure" classname="code.gitea.io/gitea/routers/web/auth" time="0.000">
			<error message="Runtime error"><![CDATA[Error creating test engine: sql: unknown driver "sqlite3" (forgotten import?)]]></error>
		</testcase>
	</testsuite>
	<testsuite name="code.gitea.io/gitea/routers/web/dev" tests="0" failures="0" errors="0" id="170" hostname="arch" time="0.000" timestamp="2022-11-13T11:18:25+02:00"></testsuite>
	<testsuite name="code.gitea.io/gitea/routers/web/events" tests="0" failures="0" errors="0" id="171" hostname="arch" time="0.000" timestamp="2022-11-13T11:18:25+02:00"></testsuite>
	<testsuite name="code.gitea.io/gitea/routers/web/explore" tests="0" failures="0" errors="0" id="172" hostname="arch" time="0.000" timestamp="2022-11-13T11:18:25+02:00"></testsuite>
	<testsuite name="code.gitea.io/gitea/routers/web/feed" tests="0" failures="0" errors="0" id="173" hostname="arch" time="0.000" timestamp="2022-11-13T11:18:25+02:00"></testsuite>
	<testsuite name="code.gitea.io/gitea/routers/web/healthcheck" tests="0" failures="0" errors="0" id="174" hostname="arch" time="0.000" timestamp="2022-11-13T11:18:25+02:00"></testsuite>
	<testsuite name="code.gitea.io/gitea/routers/web/misc" tests="0" failures="0" errors="0" id="175" hostname="arch" time="0.000" timestamp="2022-11-13T11:18:25+02:00"></testsuite>
	<testsuite name="code.gitea.io/gitea/routers/web/org" tests="0" failures="0" errors="0" id="176" hostname="arch" time="0.000" timestamp="2022-11-13T11:18:25+02:00"></testsuite>
	<testsuite name="code.gitea.io/gitea/routers/web/repo" tests="1" failures="0" errors="1" id="177" hostname="arch" time="0.228" timestamp="2022-11-13T11:18:25+02:00">
		<testcase name="Failure" classname="code.gitea.io/gitea/routers/web/repo" time="0.000">
			<error message="Runtime error"><![CDATA[Error creating test engine: sql: unknown driver "sqlite3" (forgotten import?)]]></error>
		</testcase>
	</testsuite>
	<testsuite name="code.gitea.io/gitea/routers/web/user" tests="1" failures="0" errors="1" id="178" hostname="arch" time="0.158" timestamp="2022-11-13T11:18:25+02:00">
		<testcase name="Failure" classname="code.gitea.io/gitea/routers/web/user" time="0.000">
			<error message="Runtime error"><![CDATA[Error creating test engine: sql: unknown driver "sqlite3" (forgotten import?)]]></error>
		</testcase>
	</testsuite>
	<testsuite name="code.gitea.io/gitea/routers/web/user/setting" tests="1" failures="0" errors="1" id="179" hostname="arch" time="0.195" timestamp="2022-11-13T11:18:25+02:00">
		<testcase name="Failure" classname="code.gitea.io/gitea/routers/web/user/setting" time="0.000">
			<error message="Runtime error"><![CDATA[Error creating test engine: sql: unknown driver "sqlite3" (forgotten import?)]]></error>
		</testcase>
	</testsuite>
	<testsuite name="code.gitea.io/gitea/routers/web/user/setting/security" tests="0" failures="0" errors="0" id="180" hostname="arch" time="0.000" timestamp="2022-11-13T11:18:25+02:00"></testsuite>
	<testsuite name="code.gitea.io/gitea/services/agit" tests="0" failures="0" errors="0" id="181" hostname="arch" time="0.000" timestamp="2022-11-13T11:18:25+02:00"></testsuite>
	<testsuite name="code.gitea.io/gitea/services/asymkey" tests="1" failures="0" errors="1" id="182" hostname="arch" time="0.119" timestamp="2022-11-13T11:18:25+02:00">
		<testcase name="Failure" classname="code.gitea.io/gitea/services/asymkey" time="0.000">
			<error message="Runtime error"><![CDATA[Error creating test engine: sql: unknown driver "sqlite3" (forgotten import?)]]></error>
		</testcase>
	</testsuite>
	<testsuite name="code.gitea.io/gitea/services/attachment" tests="1" failures="0" errors="1" id="183" hostname="arch" time="0.244" timestamp="2022-11-13T11:18:25+02:00">
		<testcase name="Failure" classname="code.gitea.io/gitea/services/attachment" time="0.000">
			<error message="Runtime error"><![CDATA[Error creating test engine: sql: unknown driver "sqlite3" (forgotten import?)]]></error>
		</testcase>
	</testsuite>
	<testsuite name="code.gitea.io/gitea/services/auth" tests="27" failures="0" errors="0" id="184" hostname="arch" time="0.000" timestamp="2022-11-13T11:18:25+02:00">
		<testcase name="Test_isGitRawOrLFSPath" classname="code.gitea.io/gitea/services/auth" time="0.000"></testcase>
		<testcase name="Test_isGitRawOrLFSPath//owner/repo/git-upload-pack" classname="code.gitea.io/gitea/services/auth" time="0.000"></testcase>
		<testcase name="Test_isGitRawOrLFSPath//owner/repo/git-receive-pack" classname="code.gitea.io/gitea/services/auth" time="0.000"></testcase>
		<testcase name="Test_isGitRawOrLFSPath//owner/repo/info/refs" classname="code.gitea.io/gitea/services/auth" time="0.000"></testcase>
		<testcase name="Test_isGitRawOrLFSPath//owner/repo/HEAD" classname="code.gitea.io/gitea/services/auth" time="0.000"></testcase>
		<testcase name="Test_isGitRawOrLFSPath//owner/repo/objects/info/alternates" classname="code.gitea.io/gitea/services/auth" time="0.000"></testcase>
		<testcase name="Test_isGitRawOrLFSPath//owner/repo/objects/info/http-alternates" classname="code.gitea.io/gitea/services/auth" time="0.000"></testcase>
		<testcase name="Test_isGitRawOrLFSPath//owner/repo/objects/info/packs" classname="code.gitea.io/gitea/services/auth" time="0.000"></testcase>
		<testcase name="Test_isGitRawOrLFSPath//owner/repo/objects/info/blahahsdhsdkla" classname="code.gitea.io/gitea/services/auth" time="0.000"></testcase>
		<testcase name="Test_isGitRawOrLFSPath//owner/repo/objects/01/23456789abcdef0123456789abcdef01234567" classname="code.gitea.io/gitea/services/auth" time="0.000"></testcase>
		<testcase name="Test_isGitRawOrLFSPath//owner/repo/objects/pack/pack-123456789012345678921234567893124567894.pack" classname="code.gitea.io/gitea/services/auth" time="0.000"></testcase>
		<testcase name="Test_isGitRawOrLFSPath//owner/repo/objects/pack/pack-0123456789abcdef0123456789abcdef0123456.idx" classname="code.gitea.io/gitea/services/auth" time="0.000"></testcase>
		<testcase name="Test_isGitRawOrLFSPath//owner/repo/raw/branch/foo/fanaso" classname="code.gitea.io/gitea/services/auth" time="0.000"></testcase>
		<testcase name="Test_isGitRawOrLFSPath//owner/repo/stars" classname="code.gitea.io/gitea/services/auth" time="0.000"></testcase>
		<testcase name="Test_isGitRawOrLFSPath//notowner" classname="code.gitea.io/gitea/services/auth" time="0.000"></testcase>
		<testcase name="Test_isGitRawOrLFSPath//owner/repo" classname="code.gitea.io/gitea/services/auth" time="0.000"></testcase>
		<testcase name="Test_isGitRawOrLFSPath//owner/repo/commit/123456789012345678921234567893124567894" classname="code.gitea.io/gitea/services/auth" time="0.000"></testcase>
		<testcase name="Test_isGitRawOrLFSPath//owner/repo/releases/download/tag/repo.tar.gz" classname="code.gitea.io/gitea/services/auth" time="0.000"></testcase>
		<testcase name="Test_isGitRawOrLFSPath//owner/repo/info/lfs/" classname="code.gitea.io/gitea/services/auth" time="0.000"></testcase>
		<testcase name="Test_isGitRawOrLFSPath//owner/repo/info/lfs/objects/batch" classname="code.gitea.io/gitea/services/auth" time="0.000"></testcase>
		<testcase name="Test_isGitRawOrLFSPath//owner/repo/info/lfs/objects/oid/filename" classname="code.gitea.io/gitea/services/auth" time="0.000"></testcase>
		<testcase name="Test_isGitRawOrLFSPath//owner/repo/info/lfs/objects/oid" classname="code.gitea.io/gitea/services/auth" time="0.000"></testcase>
		<testcase name="Test_isGitRawOrLFSPath//owner/repo/info/lfs/objects" classname="code.gitea.io/gitea/services/auth" time="0.000"></testcase>
		<testcase name="Test_isGitRawOrLFSPath//owner/repo/info/lfs/verify" classname="code.gitea.io/gitea/services/auth" time="0.000"></testcase>
		<testcase name="Test_isGitRawOrLFSPath//owner/repo/info/lfs/locks" classname="code.gitea.io/gitea/services/auth" time="0.000"></testcase>
		<testcase name="Test_isGitRawOrLFSPath//owner/repo/info/lfs/locks/verify" classname="code.gitea.io/gitea/services/auth" time="0.000"></testcase>
		<testcase name="Test_isGitRawOrLFSPath//owner/repo/info/lfs/locks/123/unlock" classname="code.gitea.io/gitea/services/auth" time="0.000"></testcase>
	</testsuite>
	<testsuite name="code.gitea.io/gitea/services/auth/source/db" tests="0" failures="0" errors="0" id="185" hostname="arch" time="0.000" timestamp="2022-11-13T11:18:25+02:00">
		<system-out><![CDATA[testing: warning: no tests to run]]></system-out>
	</testsuite>
	<testsuite name="code.gitea.io/gitea/services/auth/source/ldap" tests="0" failures="0" errors="0" id="186" hostname="arch" time="0.000" timestamp="2022-11-13T11:18:25+02:00">
		<system-out><![CDATA[testing: warning: no tests to run]]></system-out>
	</testsuite>
	<testsuite name="code.gitea.io/gitea/services/auth/source/oauth2" tests="0" failures="0" errors="0" id="187" hostname="arch" time="0.000" timestamp="2022-11-13T11:18:25+02:00">
		<system-out><![CDATA[testing: warning: no tests to run]]></system-out>
	</testsuite>
	<testsuite name="code.gitea.io/gitea/services/auth/source/pam" tests="0" failures="0" errors="0" id="188" hostname="arch" time="0.000" timestamp="2022-11-13T11:18:25+02:00">
		<system-out><![CDATA[testing: warning: no tests to run]]></system-out>
	</testsuite>
	<testsuite name="code.gitea.io/gitea/services/auth/source/smtp" tests="0" failures="0" errors="0" id="189" hostname="arch" time="0.000" timestamp="2022-11-13T11:18:25+02:00">
		<system-out><![CDATA[testing: warning: no tests to run]]></system-out>
	</testsuite>
	<testsuite name="code.gitea.io/gitea/services/auth/source/sspi" tests="0" failures="0" errors="0" id="190" hostname="arch" time="0.000" timestamp="2022-11-13T11:18:25+02:00">
		<system-out><![CDATA[testing: warning: no tests to run]]></system-out>
	</testsuite>
	<testsuite name="code.gitea.io/gitea/services/automerge" tests="0" failures="0" errors="0" id="191" hostname="arch" time="0.000" timestamp="2022-11-13T11:18:25+02:00"></testsuite>
	<testsuite name="code.gitea.io/gitea/services/comments" tests="0" failures="0" errors="0" id="192" hostname="arch" time="0.000" timestamp="2022-11-13T11:18:25+02:00"></testsuite>
	<testsuite name="code.gitea.io/gitea/services/context" tests="0" failures="0" errors="0" id="193" hostname="arch" time="0.000" timestamp="2022-11-13T11:18:25+02:00"></testsuite>
	<testsuite name="code.gitea.io/gitea/services/cron" tests="0" failures="0" errors="0" id="194" hostname="arch" time="0.000" timestamp="2022-11-13T11:18:25+02:00"></testsuite>
	<testsuite name="code.gitea.io/gitea/services/externalaccount" tests="0" failures="0" errors="0" id="195" hostname="arch" time="0.000" timestamp="2022-11-13T11:18:25+02:00"></testsuite>
	<testsuite name="code.gitea.io/gitea/services/forms" tests="6" failures="0" errors="0" id="196" hostname="arch" time="0.000" timestamp="2022-11-13T11:18:25+02:00">
		<testcase name="TestSubmitReviewForm_IsEmpty" classname="code.gitea.io/gitea/services/forms" time="0.000"></testcase>
		<testcase name="TestIssueLock_HasValidReason" classname="code.gitea.io/gitea/services/forms" time="0.000"></testcase>
		<testcase name="TestRegisterForm_IsDomainAllowed_Empty" classname="code.gitea.io/gitea/services/forms" time="0.000"></testcase>
		<testcase name="TestRegisterForm_IsDomainAllowed_InvalidEmail" classname="code.gitea.io/gitea/services/forms" time="0.000"></testcase>
		<testcase name="TestRegisterForm_IsDomainAllowed_WhitelistedEmail" classname="code.gitea.io/gitea/services/forms" time="0.000"></testcase>
		<testcase name="TestRegisterForm_IsDomainAllowed_BlocklistedEmail" classname="code.gitea.io/gitea/services/forms" time="0.000"></testcase>
	</testsuite>
	<testsuite name="code.gitea.io/gitea/services/gitdiff" tests="1" failures="0" errors="1" id="197" hostname="arch" time="0.220" timestamp="2022-11-13T11:18:25+02:00">
		<testcase name="Failure" classname="code.gitea.io/gitea/services/gitdiff" time="0.000">
			<error message="Runtime error"><![CDATA[Error creating test engine: sql: unknown driver "sqlite3" (forgotten import?)]]></error>
		</testcase>
	</testsuite>
	<testsuite name="code.gitea.io/gitea/services/issue" tests="1" failures="0" errors="1" id="198" hostname="arch" time="0.123" timestamp="2022-11-13T11:18:25+02:00">
		<testcase name="Failure" classname="code.gitea.io/gitea/services/issue" time="0.000">
			<error message="Runtime error"><![CDATA[Error creating test engine: sql: unknown driver "sqlite3" (forgotten import?)]]></error>
		</testcase>
	</testsuite>
	<testsuite name="code.gitea.io/gitea/services/lfs" tests="0" failures="0" errors="0" id="199" hostname="arch" time="0.000" timestamp="2022-11-13T11:18:25+02:00"></testsuite>
	<testsuite name="code.gitea.io/gitea/services/mailer" tests="1" failures="0" errors="1" id="200" hostname="arch" time="0.146" timestamp="2022-11-13T11:18:25+02:00">
		<testcase name="Failure" classname="code.gitea.io/gitea/services/mailer" time="0.000">
			<error message="Runtime error"><![CDATA[Error creating test engine: sql: unknown driver "sqlite3" (forgotten import?)]]></error>
		</testcase>
	</testsuite>
	<testsuite name="code.gitea.io/gitea/services/migrations" tests="1" failures="0" errors="1" id="201" hostname="arch" time="0.317" timestamp="2022-11-13T11:18:25+02:00">
		<testcase name="Failure" classname="code.gitea.io/gitea/services/migrations" time="0.000">
			<error message="Runtime error"><![CDATA[Error creating test engine: sql: unknown driver "sqlite3" (forgotten import?)]]></error>
		</testcase>
	</testsuite>
	<testsuite name="code.gitea.io/gitea/services/mirror" tests="0" failures="0" errors="0" id="202" hostname="arch" time="0.000" timestamp="2022-11-13T11:18:25+02:00"></testsuite>
	<testsuite name="code.gitea.io/gitea/services/org" tests="1" failures="0" errors="1" id="203" hostname="arch" time="0.145" timestamp="2022-11-13T11:18:25+02:00">
		<testcase name="Failure" classname="code.gitea.io/gitea/services/org" time="0.000">
			<error message="Runtime error"><![CDATA[Error creating test engine: sql: unknown driver "sqlite3" (forgotten import?)]]></error>
		</testcase>
	</testsuite>
	<testsuite name="code.gitea.io/gitea/services/packages" tests="0" failures="0" errors="0" id="204" hostname="arch" time="0.000" timestamp="2022-11-13T11:18:25+02:00"></testsuite>
	<testsuite name="code.gitea.io/gitea/services/packages/container" tests="0" failures="0" errors="0" id="205" hostname="arch" time="0.000" timestamp="2022-11-13T11:18:25+02:00"></testsuite>
	<testsuite name="code.gitea.io/gitea/services/pull" tests="1" failures="0" errors="1" id="206" hostname="arch" time="0.119" timestamp="2022-11-13T11:18:25+02:00">
		<testcase name="Failure" classname="code.gitea.io/gitea/services/pull" time="0.000">
			<error message="Runtime error"><![CDATA[Error creating test engine: sql: unknown driver "sqlite3" (forgotten import?)]]></error>
		</testcase>
	</testsuite>
	<testsuite name="code.gitea.io/gitea/services/release" tests="1" failures="0" errors="1" id="207" hostname="arch" time="0.101" timestamp="2022-11-13T11:18:25+02:00">
		<testcase name="Failure" classname="code.gitea.io/gitea/services/release" time="0.000">
			<error message="Runtime error"><![CDATA[Error creating test engine: sql: unknown driver "sqlite3" (forgotten import?)]]></error>
		</testcase>
	</testsuite>
	<testsuite name="code.gitea.io/gitea/services/repository" tests="1" failures="0" errors="1" id="208" hostname="arch" time="0.125" timestamp="2022-11-13T11:18:25+02:00">
		<testcase name="Failure" classname="code.gitea.io/gitea/services/repository" time="0.000">
			<error message="Runtime error"><![CDATA[Error creating test engine: sql: unknown driver "sqlite3" (forgotten import?)]]></error>
		</testcase>
	</testsuite>
	<testsuite name="code.gitea.io/gitea/services/repository/archiver" tests="1" failures="0" errors="1" id="209" hostname="arch" time="0.085" timestamp="2022-11-13T11:18:25+02:00">
		<testcase name="Failure" classname="code.gitea.io/gitea/services/repository/archiver" time="0.000">
			<error message="Runtime error"><![CDATA[Error creating test engine: sql: unknown driver "sqlite3" (forgotten import?)]]></error>
		</testcase>
	</testsuite>
	<testsuite name="code.gitea.io/gitea/services/repository/files" tests="1" failures="0" errors="1" id="210" hostname="arch" time="0.086" timestamp="2022-11-13T11:18:25+02:00">
		<testcase name="Failure" classname="code.gitea.io/gitea/services/repository/files" time="0.000">
			<error message="Runtime error"><![CDATA[Error creating test engine: sql: unknown driver "sqlite3" (forgotten import?)]]></error>
		</testcase>
	</testsuite>
	<testsuite name="code.gitea.io/gitea/services/task" tests="0" failures="0" errors="0" id="211" hostname="arch" time="0.000" timestamp="2022-11-13T11:18:25+02:00"></testsuite>
	<testsuite name="code.gitea.io/gitea/services/user" tests="1" failures="0" errors="1" id="212" hostname="arch" time="0.111" timestamp="2022-11-13T11:18:25+02:00">
		<testcase name="Failure" classname="code.gitea.io/gitea/services/user" time="0.000">
			<error message="Runtime error"><![CDATA[Error creating test engine: sql: unknown driver "sqlite3" (forgotten import?)]]></error>
		</testcase>
	</testsuite>
	<testsuite name="code.gitea.io/gitea/services/webhook" tests="1" failures="0" errors="1" id="213" hostname="arch" time="0.070" timestamp="2022-11-13T11:18:25+02:00">
		<testcase name="Failure" classname="code.gitea.io/gitea/services/webhook" time="0.000">
			<error message="Runtime error"><![CDATA[Error creating test engine: sql: unknown driver "sqlite3" (forgotten import?)]]></error>
		</testcase>
	</testsuite>
	<testsuite name="code.gitea.io/gitea/services/wiki" tests="1" failures="0" errors="1" id="214" hostname="arch" time="0.071" timestamp="2022-11-13T11:18:25+02:00">
		<testcase name="Failure" classname="code.gitea.io/gitea/services/wiki" time="0.000">
			<error message="Runtime error"><![CDATA[Error creating test engine: sql: unknown driver "sqlite3" (forgotten import?)]]></error>
		</testcase>
	</testsuite>
</testsuites>
