<?xml version="1.0" encoding="UTF-8"?>
<testsuites tests="813" errors="45" failures="11">
	<testsuite name="code.gitea.io/gitea" tests="0" failures="0" errors="0" id="0" hostname="arch" time="0.000" timestamp="2022-11-13T11:18:25+02:00"></testsuite>
	<testsuite name="code.gitea.io/gitea/build/codeformat" tests="3" failures="0" errors="0" id="1" hostname="arch" time="0.000" timestamp="2022-11-13T11:18:25+02:00">
		<testcase name="TestFormatImportsSimple" classname="code.gitea.io/gitea/build/codeformat" time="0.000"></testcase>
		<testcase name="TestFormatImportsGroup" classname="code.gitea.io/gitea/build/codeformat" time="0.000"></testcase>
		<testcase name="TestFormatImportsInvalidComment" classname="code.gitea.io/gitea/build/codeformat" time="0.000"></testcase>
	</testsuite>
	<testsuite name="code.gitea.io/gitea/cmd" tests="1" failures="0" errors="1" id="2" hostname="arch" time="0.189" timestamp="2022-11-13T11:18:25+02:00">
		<testcase name="Failure" classname="code.gitea.io/gitea/cmd" time="0.000">
			<error message="Runtime error"><![CDATA[Error creating test engine: sql: unknown driver "sqlite3" (forgotten import?)]]></error>
		</testcase>
	</testsuite>
	<testsuite name="code.gitea.io/gitea/contrib/environment-to-ini" tests="0" failures="0" errors="0" id="3" hostname="arch" time="0.000" timestamp="2022-11-13T11:18:25+02:00"></testsuite>
	<testsuite name="code.gitea.io/gitea/contrib/fixtures" tests="0" failures="0" errors="0" id="4" hostname="arch" time="0.000" timestamp="2022-11-13T11:18:25+02:00"></testsuite>
	<testsuite name="code.gitea.io/gitea/contrib/pr" tests="0" failures="0" errors="0" id="5" hostname="arch" time="0.000" timestamp="2022-11-13T11:18:25+02:00"></testsuite>
	<testsuite name="code.gitea.io/gitea/integrations" tests="1" failures="0" errors="1" id="6" hostname="arch" time="0.140" timestamp="2022-11-13T11:18:25+02:00">
		<testcase name="Failure" classname="code.gitea.io/gitea/integrations" time="0.000">
			<error message="Runtime error"><![CDATA[Environment variable $GITEA_CONF not set]]></error>
		</testcase>
	</testsuite>
	<testsuite name="code.gitea.io/gitea/integrations/migration-test" tests="1" failures="0" errors="1" id="7" hostname="arch" time="0.185" timestamp="2022-11-13T11:18:25+02:00">
		<testcase name="TestMigrations" classname="code.gitea.io/gitea/integrations/migration-test" time="0.000">
			<error message="No test result found"><![CDATA[=== TestMigrations (integrations/migration-test/migration_test.go:322)
	Environment variable $GITEA_CONF not set]]></error>
		</testcase>
	</testsuite>
	<testsuite name="code.gitea.io/gitea/models" tests="1" failures="0" errors="1" id="8" hostname="arch" time="0.126" timestamp="2022-11-13T11:18:25+02:00">
		<testcase name="Failure" classname="code.gitea.io/gitea/models" time="0.000">
			<error message="Runtime error"><![CDATA[Error creating test engine: sql: unknown driver "sqlite3" (forgotten import?)]]></error>
		</testcase>
	</testsuite>
	<testsuite name="code.gitea.io/gitea/models/admin" tests="1" failures="0" errors="1" id="9" hostname="arch" time="0.159" timestamp="2022-11-13T11:18:25+02:00">
		<testcase name="Failure" classname="code.gitea.io/gitea/models/admin" time="0.000">
			<error message="Runtime error"><![CDATA[Error creating test engine: sql: unknown driver "sqlite3" (forgotten import?)]]></error>
		</testcase>
	</testsuite>
	<testsuite name="code.gitea.io/gitea/models/appstate" tests="0" failures="0" errors="0" id="10" hostname="arch" time="0.000" timestamp="2022-11-13T11:18:25+02:00"></testsuite>
	<testsuite name="code.gitea.io/gitea/models/asymkey" tests="1" failures="0" errors="1" id="11" hostname="arch" time="0.212" timestamp="2022-11-13T11:18:25+02:00">
		<testcase name="Failure" classname="code.gitea.io/gitea/models/asymkey" time="0.000">
			<error message="Runtime error"><![CDATA[Error creating test engine: sql: unknown driver "sqlite3" (forgotten import?)]]></error>
		</testcase>
	</testsuite>
	<testsuite name="code.gitea.io/gitea/models/auth" tests="1" failures="0" errors="1" id="12" hostname="arch" time="0.107" timestamp="2022-11-13T11:18:25+02:00">
		<testcase name="Failure" classname="code.gitea.io/gitea/models/auth" time="0.000">
			<error message="Runtime error"><![CDATA[Error creating test engine: sql: unknown driver "sqlite3" (forgotten import?)]]></error>
		</testcase>
	</testsuite>
	<testsuite name="code.gitea.io/gitea/models/avatars" tests="2" failures="0" errors="0" id="13" hostname="arch" time="0.000" timestamp="2022-11-13T11:18:25+02:00">
		<testcase name="TestHashEmail" classname="code.gitea.io/gitea/models/avatars" time="0.000"></testcase>
		<testcase name="TestSizedAvatarLink" classname="code.gitea.io/gitea/models/avatars" time="0.000"></testcase>
	</testsuite>
	<testsuite name="code.gitea.io/gitea/models/db" tests="1" failures="0" errors="1" id="14" hostname="arch" time="0.193" timestamp="2022-11-13T11:18:25+02:00">
		<testcase name="Failure" classname="code.gitea.io/gitea/models/db" time="0.000">
			<error message="Runtime error"><![CDATA[Error creating test engine: sql: unknown driver "sqlite3" (forgotten import?)]]></error>
		</testcase>
	</testsuite>
	<testsuite name="code.gitea.io/gitea/models/db/install" tests="0" failures="0" errors="0" id="15" hostname="arch" time="0.000" timestamp="2022-11-13T11:18:25+02:00"></testsuite>
	<testsuite name="code.gitea.io/gitea/models/db/paginator" tests="1" failures="0" errors="1" id="16" hostname="arch" time="0.142" timestamp="2022-11-13T11:18:25+02:00">
		<testcase name="Failure" classname="code.gitea.io/gitea/models/db/paginator" time="0.000">
			<error message="Runtime error"><![CDATA[Error creating test engine: sql: unknown driver "sqlite3" (forgotten import?)]]></error>
		</testcase>
	</testsuite>
	<testsuite name="code.gitea.io/gitea/models/foreignreference" tests="0" failures="0" errors="0" id="17" hostname="arch" time="0.000" timestamp="2022-11-13T11:18:25+02:00"></testsuite>
	<testsuite name="code.gitea.io/gitea/models/git" tests="1" failures="0" errors="1" id="18" hostname="arch" time="0.106" timestamp="2022-11-13T11:18:25+02:00">
		<testcase name="Failure" classname="code.gitea.io/gitea/models/git" time="0.000">
			<error message="Runtime error"><![CDATA[Error creating test engine: sql: unknown driver "sqlite3" (forgotten import?)]]></error>
		</testcase>
	</testsuite>
	<testsuite name="code.gitea.io/gitea/models/issues" tests="1" failures="0" errors="1" id="19" hostname="arch" time="0.150" timestamp="2022-11-13T11:18:25+02:00">
		<testcase name="Failure" classname="code.gitea.io/gitea/models/issues" time="0.000">
			<error message="Runtime error"><![CDATA[Error creating test engine: sql: unknown driver "sqlite3" (forgotten import?)]]></error>
		</testcase>
	</testsuite>
	<testsuite name="code.gitea.io/gitea/models/migrations" tests="10" failures="10" errors="0" id="20" hostname="arch" time="1.633" timestamp="2022-11-13T11:18:25+02:00">
		<testcase name="Test_dropTableColumns" classname="code.gitea.io/gitea/models/migrations" time="0.110">
			<failure message="Failed"><![CDATA[=== Test_dropTableColumns (/home/catalin/UTM/iii_an/v_sem/idweb/lab_3/gitea/models/migrations/migrations_test.go:286)
2022/11/13 11:18:09 ...dules/setting/log.go:335:newLogService() [I] Gitea Log Mode: Console(Console:info)
2022/11/13 11:18:09 ...dules/setting/log.go:249:generateNamedLogger() [I] Router Log: Console(console:info)
2022/11/13 11:18:09 modules/git/git.go:134:checkInit() [W] git module has been initialized already, duplicate init should be fixed
    migrations_test.go:286: 
        	Error Trace:	migrations_test.go:237
        	            				migrations_test.go:286
        	Error:      	Received unexpected error:
        	            	failed to connect to database: Unknown database type: 
        	Test:       	Test_dropTableColumns]]></failure>
		</testcase>
		<testcase name="Test_removeInvalidLabels" classname="code.gitea.io/gitea/models/migrations" time="0.130">
			<failure message="Failed"><![CDATA[=== Test_removeInvalidLabels (/home/catalin/UTM/iii_an/v_sem/idweb/lab_3/gitea/models/migrations/v176_test.go:49)
2022/11/13 11:18:09 modules/git/git.go:134:checkInit() [W] git module has been initialized already, duplicate init should be fixed
    v176_test.go:49: 
        	Error Trace:	migrations_test.go:237
        	            				v176_test.go:49
        	Error:      	Received unexpected error:
        	            	failed to connect to database: Unknown database type: 
        	Test:       	Test_removeInvalidLabels]]></failure>
		</testcase>
		<testcase name="Test_deleteOrphanedIssueLabels" classname="code.gitea.io/gitea/models/migrations" time="0.280">
			<failure message="Failed"><![CDATA[=== Test_deleteOrphanedIssueLabels (/home/catalin/UTM/iii_an/v_sem/idweb/lab_3/gitea/models/migrations/v177_test.go:37)
2022/11/13 11:18:09 modules/git/git.go:134:checkInit() [W] git module has been initialized already, duplicate init should be fixed
    v177_test.go:37: 
        	Error Trace:	migrations_test.go:237
        	            				v177_test.go:37
        	Error:      	Received unexpected error:
        	            	failed to connect to database: Unknown database type: 
        	Test:       	Test_deleteOrphanedIssueLabels]]></failure>
		</testcase>
		<testcase name="Test_addPrimaryEmail2EmailAddress" classname="code.gitea.io/gitea/models/migrations" time="0.200">
			<failure message="Failed"><![CDATA[=== Test_addPrimaryEmail2EmailAddress (/home/catalin/UTM/iii_an/v_sem/idweb/lab_3/gitea/models/migrations/v181_test.go:22)
2022/11/13 11:18:10 modules/git/git.go:134:checkInit() [W] git module has been initialized already, duplicate init should be fixed
    v181_test.go:22: 
        	Error Trace:	migrations_test.go:237
        	            				v181_test.go:22
        	Error:      	Received unexpected error:
        	            	failed to connect to database: Unknown database type: 
        	Test:       	Test_addPrimaryEmail2EmailAddress]]></failure>
		</testcase>
		<testcase name="Test_addIssueResourceIndexTable" classname="code.gitea.io/gitea/models/migrations" time="0.120">
			<failure message="Failed"><![CDATA[=== Test_addIssueResourceIndexTable (/home/catalin/UTM/iii_an/v_sem/idweb/lab_3/gitea/models/migrations/v182_test.go:22)
2022/11/13 11:18:10 modules/git/git.go:134:checkInit() [W] git module has been initialized already, duplicate init should be fixed
    v182_test.go:22: 
        	Error Trace:	migrations_test.go:237
        	            				v182_test.go:22
        	Error:      	Received unexpected error:
        	            	failed to connect to database: Unknown database type: 
        	Test:       	Test_addIssueResourceIndexTable]]></failure>
		</testcase>
		<testcase name="Test_unwrapLDAPSourceCfg" classname="code.gitea.io/gitea/models/migrations" time="0.070">
			<failure message="Failed"><![CDATA[=== Test_unwrapLDAPSourceCfg (/home/catalin/UTM/iii_an/v_sem/idweb/lab_3/gitea/models/migrations/v189_test.go:30)
2022/11/13 11:18:10 modules/git/git.go:134:checkInit() [W] git module has been initialized already, duplicate init should be fixed
    v189_test.go:30: 
        	Error Trace:	migrations_test.go:237
        	            				v189_test.go:30
        	Error:      	Received unexpected error:
        	            	failed to connect to database: Unknown database type: 
        	Test:       	Test_unwrapLDAPSourceCfg]]></failure>
		</testcase>
		<testcase name="Test_addRepoIDForAttachment" classname="code.gitea.io/gitea/models/migrations" time="0.080">
			<failure message="Failed"><![CDATA[=== Test_addRepoIDForAttachment (/home/catalin/UTM/iii_an/v_sem/idweb/lab_3/gitea/models/migrations/v193_test.go:34)
2022/11/13 11:18:10 modules/git/git.go:134:checkInit() [W] git module has been initialized already, duplicate init should be fixed
    v193_test.go:34: 
        	Error Trace:	migrations_test.go:237
        	            				v193_test.go:34
        	Error:      	Received unexpected error:
        	            	failed to connect to database: Unknown database type: 
        	Test:       	Test_addRepoIDForAttachment]]></failure>
		</testcase>
		<testcase name="Test_addTableCommitStatusIndex" classname="code.gitea.io/gitea/models/migrations" time="0.120">
			<failure message="Failed"><![CDATA[=== Test_addTableCommitStatusIndex (/home/catalin/UTM/iii_an/v_sem/idweb/lab_3/gitea/models/migrations/v195_test.go:23)
2022/11/13 11:18:10 modules/git/git.go:134:checkInit() [W] git module has been initialized already, duplicate init should be fixed
    v195_test.go:23: 
        	Error Trace:	migrations_test.go:237
        	            				v195_test.go:23
        	Error:      	Received unexpected error:
        	            	failed to connect to database: Unknown database type: 
        	Test:       	Test_addTableCommitStatusIndex]]></failure>
		</testcase>
		<testcase name="Test_remigrateU2FCredentials" classname="code.gitea.io/gitea/models/migrations" time="0.130">
			<failure message="Failed"><![CDATA[=== Test_remigrateU2FCredentials (/home/catalin/UTM/iii_an/v_sem/idweb/lab_3/gitea/models/migrations/v210_test.go:47)
2022/11/13 11:18:10 modules/git/git.go:134:checkInit() [W] git module has been initialized already, duplicate init should be fixed
    v210_test.go:47: 
        	Error Trace:	migrations_test.go:237
        	            				v210_test.go:47
        	Error:      	Received unexpected error:
        	            	failed to connect to database: Unknown database type: 
        	Test:       	Test_remigrateU2FCredentials]]></failure>
		</testcase>
		<testcase name="Test_storeWebauthnCredentialIDAsBytes" classname="code.gitea.io/gitea/models/migrations" time="0.120">
			<failure message="Failed"><![CDATA[=== Test_storeWebauthnCredentialIDAsBytes (/home/catalin/UTM/iii_an/v_sem/idweb/lab_3/gitea/models/migrations/v221_test.go:40)
2022/11/13 11:18:10 modules/git/git.go:134:checkInit() [W] git module has been initialized already, duplicate init should be fixed
    v221_test.go:40: 
        	Error Trace:	migrations_test.go:237
        	            				v221_test.go:40
        	Error:      	Received unexpected error:
        	            	failed to connect to database: Unknown database type: 
        	Test:       	Test_storeWebauthnCredentialIDAsBytes]]></failure>
		</testcase>
		<system-out><![CDATA[Environment variable $GITEA_CONF not set - defaulting to /home/catalin/UTM/iii_an/v_sem/idweb/lab_3/gitea/integrations/sqlite.ini
2022/11/13 11:18:09 ...dules/setting/log.go:288:newLogService() [I] Gitea v]]></system-out>
	</testsuite>
	<testsuite name="code.gitea.io/gitea/models/organization" tests="1" failures="0" errors="1" id="21" hostname="arch" time="0.199" timestamp="2022-11-13T11:18:25+02:00">
		<testcase name="Failure" classname="code.gitea.io/gitea/models/organization" time="0.000">
			<error message="Runtime error"><![CDATA[Error creating test engine: sql: unknown driver "sqlite3" (forgotten import?)]]></error>
		</testcase>
	</testsuite>
	<testsuite name="code.gitea.io/gitea/models/packages" tests="1" failures="0" errors="1" id="22" hostname="arch" time="0.131" timestamp="2022-11-13T11:18:25+02:00">
		<testcase name="Failure" classname="code.gitea.io/gitea/models/packages" time="0.000">
			<error message="Runtime error"><![CDATA[Error creating test engine: sql: unknown driver "sqlite3" (forgotten import?)]]></error>
		</testcase>
	</testsuite>
	<testsuite name="code.gitea.io/gitea/models/packages/conan" tests="0" failures="0" errors="0" id="23" hostname="arch" time="0.000" timestamp="2022-11-13T11:18:25+02:00"></testsuite>
	<testsuite name="code.gitea.io/gitea/models/packages/container" tests="0" failures="0" errors="0" id="24" hostname="arch" time="0.000" timestamp="2022-11-13T11:18:25+02:00"></testsuite>
	<testsuite name="code.gitea.io/gitea/models/perm" tests="0" failures="0" errors="0" id="25" hostname="arch" time="0.000" timestamp="2022-11-13T11:18:25+02:00"></testsuite>
	<testsuite name="code.gitea.io/gitea/models/perm/access" tests="1" failures="0" errors="1" id="26" hostname="arch" time="0.132" timestamp="2022-11-13T11:18:25+02:00">
		<testcase name="Failure" classname="code.gitea.io/gitea/models/perm/access" time="0.000">
			<error message="Runtime error"><![CDATA[Error creating test engine: sql: unknown driver "sqlite3" (forgotten import?)]]></error>
		</testcase>
	</testsuite>
	<testsuite name="code.gitea.io/gitea/models/project" tests="1" failures="0" errors="1" id="27" hostname="arch" time="0.112" timestamp="2022-11-13T11:18:25+02:00">
		<testcase name="Failure" classname="code.gitea.io/gitea/models/project" time="0.000">
			<error message="Runtime error"><![CDATA[Error creating test engine: sql: unknown driver "sqlite3" (forgotten import?)]]></error>
		</testcase>
	</testsuite>
	<testsuite name="code.gitea.io/gitea/models/pull" tests="0" failures="0" errors="0" id="28" hostname="arch" time="0.000" timestamp="2022-11-13T11:18:25+02:00"></testsuite>
	<testsuite name="code.gitea.io/gitea/models/repo" tests="1" failures="0" errors="1" id="29" hostname="arch" time="0.185" timestamp="2022-11-13T11:18:25+02:00">
		<testcase name="Failure" classname="code.gitea.io/gitea/models/repo" time="0.000">
			<error message="Runtime error"><![CDATA[Error creating test engine: sql: unknown driver "sqlite3" (forgotten import?)]]></error>
		</testcase>
	</testsuite>
	<testsuite name="code.gitea.io/gitea/models/unit" tests="0" failures="0" errors="0" id="30" hostname="arch" time="0.000" timestamp="2022-11-13T11:18:25+02:00"></testsuite>
	<testsuite name="code.gitea.io/gitea/models/unittest" tests="0" failures="0" errors="0" id="31" hostname="arch" time="0.000" timestamp="2022-11-13T11:18:25+02:00"></testsuite>
	<testsuite name="code.gitea.io/gitea/models/user" tests="1" failures="0" errors="1" id="32" hostname="arch" time="0.159" timestamp="2022-11-13T11:18:25+02:00">
		<testcase name="Failure" classname="code.gitea.io/gitea/models/user" time="0.000">
			<error message="Runtime error"><![CDATA[Error creating test engine: sql: unknown driver "sqlite3" (forgotten import?)]]></error>
		</testcase>
	</testsuite>
	<testsuite name="code.gitea.io/gitea/models/webhook" tests="1" failures="0" errors="1" id="33" hostname="arch" time="0.166" timestamp="2022-11-13T11:18:25+02:00">
		<testcase name="Failure" classname="code.gitea.io/gitea/models/webhook" time="0.000">
			<error message="Runtime error"><![CDATA[Error creating test engine: sql: unknown driver "sqlite3" (forgotten import?)]]></error>
		</testcase>
	</testsuite>
	<testsuite name="code.gitea.io/gitea/modules/activitypub" tests="2" failures="0" errors="0" id="34" hostname="arch" time="0.840" timestamp="2022-11-13T11:18:25+02:00">
		<testcase name="TestKeygen" classname="code.gitea.io/gitea/modules/activitypub" time="0.630"></testcase>
		<testcase name="TestSignUsingKeys" classname="code.gitea.io/gitea/modules/activitypub" time="0.210"></testcase>
	</testsuite>
	<testsuite name="code.gitea.io/gitea/modules/analyze" tests="21" failures="0" errors="0" id="35" hostname="arch" time="0.000" timestamp="2022-11-13T11:18:25+02:00">
		<testcase name="TestIsVendor" classname="code.gitea.io/gitea/modules/analyze" time="0.000"></testcase>
		<testcase name="TestIsVendor/cache/" classname="code.gitea.io/gitea/modules/analyze" time="0.000"></testcase>
		<testcase name="TestIsVendor/random/cache/" classname="code.gitea.io/gitea/modules/analyze" time="0.000"></testcase>
		<testcase name="TestIsVendor/cache" classname="code.gitea.io/gitea/modules/analyze" time="0.000"></testcase>
		<testcase name="TestIsVendor/dependencies/" classname="code.gitea.io/gitea/modules/analyze" time="0.000"></testcase>
		<testcase name="TestIsVendor/Dependencies/" classname="code.gitea.io/gitea/modules/analyze" time="0.000"></testcase>
		<testcase name="TestIsVendor/dependency/" classname="code.gitea.io/gitea/modules/analyze" time="0.000"></testcase>
		<testcase name="TestIsVendor/dist/" classname="code.gitea.io/gitea/modules/analyze" time="0.000"></testcase>
		<testcase name="TestIsVendor/dist" classname="code.gitea.io/gitea/modules/analyze" time="0.000"></testcase>
		<testcase name="TestIsVendor/random/dist/" classname="code.gitea.io/gitea/modules/analyze" time="0.000"></testcase>
		<testcase name="TestIsVendor/random/dist" classname="code.gitea.io/gitea/modules/analyze" time="0.000"></testcase>
		<testcase name="TestIsVendor/deps/" classname="code.gitea.io/gitea/modules/analyze" time="0.000"></testcase>
		<testcase name="TestIsVendor/configure" classname="code.gitea.io/gitea/modules/analyze" time="0.000"></testcase>
		<testcase name="TestIsVendor/a/configure" classname="code.gitea.io/gitea/modules/analyze" time="0.000"></testcase>
		<testcase name="TestIsVendor/config.guess" classname="code.gitea.io/gitea/modules/analyze" time="0.000"></testcase>
		<testcase name="TestIsVendor/config.guess/" classname="code.gitea.io/gitea/modules/analyze" time="0.000"></testcase>
		<testcase name="TestIsVendor/.vscode/" classname="code.gitea.io/gitea/modules/analyze" time="0.000"></testcase>
		<testcase name="TestIsVendor/doc/_build/" classname="code.gitea.io/gitea/modules/analyze" time="0.000"></testcase>
		<testcase name="TestIsVendor/a/docs/_build/" classname="code.gitea.io/gitea/modules/analyze" time="0.000"></testcase>
		<testcase name="TestIsVendor/a/dasdocs/_build-vsdoc.js" classname="code.gitea.io/gitea/modules/analyze" time="0.000"></testcase>
		<testcase name="TestIsVendor/a/dasdocs/_build-vsdoc.j" classname="code.gitea.io/gitea/modules/analyze" time="0.000"></testcase>
	</testsuite>
	<testsuite name="code.gitea.io/gitea/modules/appstate" tests="1" failures="0" errors="1" id="36" hostname="arch" time="0.115" timestamp="2022-11-13T11:18:25+02:00">
		<testcase name="Failure" classname="code.gitea.io/gitea/modules/appstate" time="0.000">
			<error message="Runtime error"><![CDATA[Error creating test engine: sql: unknown driver "sqlite3" (forgotten import?)]]></error>
		</testcase>
	</testsuite>
	<testsuite name="code.gitea.io/gitea/modules/auth/openid" tests="1" failures="0" errors="0" id="37" hostname="arch" time="1.000" timestamp="2022-11-13T11:18:25+02:00">
		<testcase name="TestTimedDiscoveryCache" classname="code.gitea.io/gitea/modules/auth/openid" time="1.000"></testcase>
	</testsuite>
	<testsuite name="code.gitea.io/gitea/modules/auth/pam" tests="0" failures="0" errors="0" id="38" hostname="arch" time="0.000" timestamp="2022-11-13T11:18:25+02:00"></testsuite>
	<testsuite name="code.gitea.io/gitea/modules/auth/webauthn" tests="1" failures="0" errors="0" id="39" hostname="arch" time="0.000" timestamp="2022-11-13T11:18:25+02:00">
		<testcase name="TestInit" classname="code.gitea.io/gitea/modules/auth/webauthn" time="0.000"></testcase>
	</testsuite>
	<testsuite name="code.gitea.io/gitea/modules/avatar" tests="6" failures="0" errors="0" id="40" hostname="arch" time="0.020" timestamp="2022-11-13T11:18:25+02:00">
		<testcase name="Test_RandomImageSize" classname="code.gitea.io/gitea/modules/avatar" time="0.000"></testcase>
		<testcase name="Test_RandomImage" classname="code.gitea.io/gitea/modules/avatar" time="0.000"></testcase>
		<testcase name="Test_PrepareWithPNG" classname="code.gitea.io/gitea/modules/avatar" time="0.010"></testcase>
		<testcase name="Test_PrepareWithJPEG" classname="code.gitea.io/gitea/modules/avatar" time="0.010"></testcase>
		<testcase name="Test_PrepareWithInvalidImage" classname="code.gitea.io/gitea/modules/avatar" time="0.000"></testcase>
		<testcase name="Test_PrepareWithInvalidImageSize" classname="code.gitea.io/gitea/modules/avatar" time="0.000"></testcase>
	</testsuite>
	<testsuite name="code.gitea.io/gitea/modules/avatar/identicon" tests="0" failures="0" errors="0" id="41" hostname="arch" time="0.000" timestamp="2022-11-13T11:18:25+02:00"></testsuite>
	<testsuite name="code.gitea.io/gitea/modules/base" tests="20" failures="0" errors="0" id="42" hostname="arch" time="0.000" timestamp="2022-11-13T11:18:25+02:00">
		<testcase name="TestNaturalSortLess" classname="code.gitea.io/gitea/modules/base" time="0.000"></testcase>
		<testcase name="TestEncodeMD5" classname="code.gitea.io/gitea/modules/base" time="0.000"></testcase>
		<testcase name="TestEncodeSha1" classname="code.gitea.io/gitea/modules/base" time="0.000"></testcase>
		<testcase name="TestEncodeSha256" classname="code.gitea.io/gitea/modules/base" time="0.000"></testcase>
		<testcase name="TestShortSha" classname="code.gitea.io/gitea/modules/base" time="0.000"></testcase>
		<testcase name="TestBasicAuthDecode" classname="code.gitea.io/gitea/modules/base" time="0.000"></testcase>
		<testcase name="TestBasicAuthEncode" classname="code.gitea.io/gitea/modules/base" time="0.000"></testcase>
		<testcase name="TestVerifyTimeLimitCode" classname="code.gitea.io/gitea/modules/base" time="0.000"></testcase>
		<testcase name="TestFileSize" classname="code.gitea.io/gitea/modules/base" time="0.000"></testcase>
		<testcase name="TestPrettyNumber" classname="code.gitea.io/gitea/modules/base" time="0.000"></testcase>
		<testcase name="TestSubtract" classname="code.gitea.io/gitea/modules/base" time="0.000"></testcase>
		<testcase name="TestEllipsisString" classname="code.gitea.io/gitea/modules/base" time="0.000"></testcase>
		<testcase name="TestTruncateString" classname="code.gitea.io/gitea/modules/base" time="0.000"></testcase>
		<testcase name="TestStringsToInt64s" classname="code.gitea.io/gitea/modules/base" time="0.000"></testcase>
		<testcase name="TestInt64sToStrings" classname="code.gitea.io/gitea/modules/base" time="0.000"></testcase>
		<testcase name="TestInt64sToMap" classname="code.gitea.io/gitea/modules/base" time="0.000"></testcase>
		<testcase name="TestInt64sContains" classname="code.gitea.io/gitea/modules/base" time="0.000"></testcase>
		<testcase name="TestIsLetter" classname="code.gitea.io/gitea/modules/base" time="0.000"></testcase>
		<testcase name="TestSetupGiteaRoot" classname="code.gitea.io/gitea/modules/base" time="0.000"></testcase>
		<testcase name="TestFormatNumberSI" classname="code.gitea.io/gitea/modules/base" time="0.000"></testcase>
	</testsuite>
	<testsuite name="code.gitea.io/gitea/modules/cache" tests="5" failures="0" errors="0" id="43" hostname="arch" time="0.000" timestamp="2022-11-13T11:18:25+02:00">
		<testcase name="TestNewContext" classname="code.gitea.io/gitea/modules/cache" time="0.000"></testcase>
		<testcase name="TestGetCache" classname="code.gitea.io/gitea/modules/cache" time="0.000"></testcase>
		<testcase name="TestGetString" classname="code.gitea.io/gitea/modules/cache" time="0.000"></testcase>
		<testcase name="TestGetInt" classname="code.gitea.io/gitea/modules/cache" time="0.000"></testcase>
		<testcase name="TestGetInt64" classname="code.gitea.io/gitea/modules/cache" time="0.000"></testcase>
	</testsuite>
	<testsuite name="code.gitea.io/gitea/modules/charset" tests="71" failures="0" errors="0" id="44" hostname="arch" time="0.210" timestamp="2022-11-13T11:18:25+02:00">
		<testcase name="TestRemoveBOMIfPresent" classname="code.gitea.io/gitea/modules/charset" time="0.000"></testcase>
		<testcase name="TestToUTF8WithErr" classname="code.gitea.io/gitea/modules/charset" time="0.000"></testcase>
		<testcase name="TestToUTF8WithFallback" classname="code.gitea.io/gitea/modules/charset" time="0.000"></testcase>
		<testcase name="TestToUTF8" classname="code.gitea.io/gitea/modules/charset" time="0.000"></testcase>
		<testcase name="TestToUTF8DropErrors" classname="code.gitea.io/gitea/modules/charset" time="0.000"></testcase>
		<testcase name="TestDetectEncoding" classname="code.gitea.io/gitea/modules/charset" time="0.000"></testcase>
		<testcase name="TestToUTF8WithFallbackReader" classname="code.gitea.io/gitea/modules/charset" time="0.210"></testcase>
		<testcase name="TestEscapeControlString" classname="code.gitea.io/gitea/modules/charset" time="0.000"></testcase>
		<testcase name="TestEscapeControlString/&lt;empty&gt;" classname="code.gitea.io/gitea/modules/charset" time="0.000"></testcase>
		<testcase name="TestEscapeControlString/single_line_western" classname="code.gitea.io/gitea/modules/charset" time="0.000"></testcase>
		<testcase name="TestEscapeControlString/multi_line_western" classname="code.gitea.io/gitea/modules/charset" time="0.000"></testcase>
		<testcase name="TestEscapeControlString/multi_line_western_non-breaking_space" classname="code.gitea.io/gitea/modules/charset" time="0.000"></testcase>
		<testcase name="TestEscapeControlString/mixed_scripts:_western_+_japanese" classname="code.gitea.io/gitea/modules/charset" time="0.000"></testcase>
		<testcase name="TestEscapeControlString/japanese" classname="code.gitea.io/gitea/modules/charset" time="0.000"></testcase>
		<testcase name="TestEscapeControlString/hebrew" classname="code.gitea.io/gitea/modules/charset" time="0.000"></testcase>
		<testcase name="TestEscapeControlString/more_hebrew" classname="code.gitea.io/gitea/modules/charset" time="0.000"></testcase>
		<testcase name="TestEscapeControlString/Mixed_RTL+LTR" classname="code.gitea.io/gitea/modules/charset" time="0.000"></testcase>
		<testcase name="TestEscapeControlString/Mixed_RTL+LTR+BIDI" classname="code.gitea.io/gitea/modules/charset" time="0.000"></testcase>
		<testcase name="TestEscapeControlString/Accented_characters" classname="code.gitea.io/gitea/modules/charset" time="0.000"></testcase>
		<testcase name="TestEscapeControlString/Program" classname="code.gitea.io/gitea/modules/charset" time="0.000"></testcase>
		<testcase name="TestEscapeControlString/CVE_testcase" classname="code.gitea.io/gitea/modules/charset" time="0.000"></testcase>
		<testcase name="TestEscapeControlString/Mixed_testcase_with_fail" classname="code.gitea.io/gitea/modules/charset" time="0.000"></testcase>
		<testcase name="TestEscapeControlString/UTF_BOM" classname="code.gitea.io/gitea/modules/charset" time="0.000"></testcase>
		<testcase name="TestEscapeControlBytes" classname="code.gitea.io/gitea/modules/charset" time="0.000"></testcase>
		<testcase name="TestEscapeControlBytes/&lt;empty&gt;" classname="code.gitea.io/gitea/modules/charset" time="0.000"></testcase>
		<testcase name="TestEscapeControlBytes/single_line_western" classname="code.gitea.io/gitea/modules/charset" time="0.000"></testcase>
		<testcase name="TestEscapeControlBytes/multi_line_western" classname="code.gitea.io/gitea/modules/charset" time="0.000"></testcase>
		<testcase name="TestEscapeControlBytes/multi_line_western_non-breaking_space" classname="code.gitea.io/gitea/modules/charset" time="0.000"></testcase>
		<testcase name="TestEscapeControlBytes/mixed_scripts:_western_+_japanese" classname="code.gitea.io/gitea/modules/charset" time="0.000"></testcase>
		<testcase name="TestEscapeControlBytes/japanese" classname="code.gitea.io/gitea/modules/charset" time="0.000"></testcase>
		<testcase name="TestEscapeControlBytes/hebrew" classname="code.gitea.io/gitea/modules/charset" time="0.000"></testcase>
		<testcase name="TestEscapeControlBytes/more_hebrew" classname="code.gitea.io/gitea/modules/charset" time="0.000"></testcase>
		<testcase name="TestEscapeControlBytes/Mixed_RTL+LTR" classname="code.gitea.io/gitea/modules/charset" time="0.000"></testcase>
		<testcase name="TestEscapeControlBytes/Mixed_RTL+LTR+BIDI" classname="code.gitea.io/gitea/modules/charset" time="0.000"></testcase>
		<testcase name="TestEscapeControlBytes/Accented_characters" classname="code.gitea.io/gitea/modules/charset" time="0.000"></testcase>
		<testcase name="TestEscapeControlBytes/Program" classname="code.gitea.io/gitea/modules/charset" time="0.000"></testcase>
		<testcase name="TestEscapeControlBytes/CVE_testcase" classname="code.gitea.io/gitea/modules/charset" time="0.000"></testcase>
		<testcase name="TestEscapeControlBytes/Mixed_testcase_with_fail" classname="code.gitea.io/gitea/modules/charset" time="0.000"></testcase>
		<testcase name="TestEscapeControlBytes/UTF_BOM" classname="code.gitea.io/gitea/modules/charset" time="0.000"></testcase>
		<testcase name="TestEscapeControlReader" classname="code.gitea.io/gitea/modules/charset" time="0.000"></testcase>
		<testcase name="TestEscapeControlReader/&lt;empty&gt;_(+Control)" classname="code.gitea.io/gitea/modules/charset" time="0.000"></testcase>
		<testcase name="TestEscapeControlReader/single_line_western_(+Control)" classname="code.gitea.io/gitea/modules/charset" time="0.000"></testcase>
		<testcase name="TestEscapeControlReader/multi_line_western_(+Control)" classname="code.gitea.io/gitea/modules/charset" time="0.000"></testcase>
		<testcase name="TestEscapeControlReader/multi_line_western_non-breaking_space_(+Control)" classname="code.gitea.io/gitea/modules/charset" time="0.000"></testcase>
		<testcase name="TestEscapeControlReader/mixed_scripts:_western_+_japanese_(+Control)" classname="code.gitea.io/gitea/modules/charset" time="0.000"></testcase>
		<testcase name="TestEscapeControlReader/japanese_(+Control)" classname="code.gitea.io/gitea/modules/charset" time="0.000"></testcase>
		<testcase name="TestEscapeControlReader/hebrew_(+Control)" classname="code.gitea.io/gitea/modules/charset" time="0.000"></testcase>
		<testcase name="TestEscapeControlReader/more_hebrew_(+Control)" classname="code.gitea.io/gitea/modules/charset" time="0.000"></testcase>
		<testcase name="TestEscapeControlReader/Mixed_RTL+LTR_(+Control)" classname="code.gitea.io/gitea/modules/charset" time="0.000"></testcase>
		<testcase name="TestEscapeControlReader/Mixed_RTL+LTR+BIDI_(+Control)" classname="code.gitea.io/gitea/modules/charset" time="0.000"></testcase>
		<testcase name="TestEscapeControlReader/Accented_characters_(+Control)" classname="code.gitea.io/gitea/modules/charset" time="0.000"></testcase>
		<testcase name="TestEscapeControlReader/Program_(+Control)" classname="code.gitea.io/gitea/modules/charset" time="0.000"></testcase>
		<testcase name="TestEscapeControlReader/CVE_testcase_(+Control)" classname="code.gitea.io/gitea/modules/charset" time="0.000"></testcase>
		<testcase name="TestEscapeControlReader/Mixed_testcase_with_fail_(+Control)" classname="code.gitea.io/gitea/modules/charset" time="0.000"></testcase>
		<testcase name="TestEscapeControlReader/UTF_BOM_(+Control)" classname="code.gitea.io/gitea/modules/charset" time="0.000"></testcase>
		<testcase name="TestEscapeControlReader/&lt;empty&gt;_(+Mark)" classname="code.gitea.io/gitea/modules/charset" time="0.000"></testcase>
		<testcase name="TestEscapeControlReader/single_line_western_(+Mark)" classname="code.gitea.io/gitea/modules/charset" time="0.000"></testcase>
		<testcase name="TestEscapeControlReader/multi_line_western_(+Mark)" classname="code.gitea.io/gitea/modules/charset" time="0.000"></testcase>
		<testcase name="TestEscapeControlReader/multi_line_western_non-breaking_space_(+Mark)" classname="code.gitea.io/gitea/modules/charset" time="0.000"></testcase>
		<testcase name="TestEscapeControlReader/mixed_scripts:_western_+_japanese_(+Mark)" classname="code.gitea.io/gitea/modules/charset" time="0.000"></testcase>
		<testcase name="TestEscapeControlReader/japanese_(+Mark)" classname="code.gitea.io/gitea/modules/charset" time="0.000"></testcase>
		<testcase name="TestEscapeControlReader/hebrew_(+Mark)" classname="code.gitea.io/gitea/modules/charset" time="0.000"></testcase>
		<testcase name="TestEscapeControlReader/more_hebrew_(+Mark)" classname="code.gitea.io/gitea/modules/charset" time="0.000"></testcase>
		<testcase name="TestEscapeControlReader/Mixed_RTL+LTR_(+Mark)" classname="code.gitea.io/gitea/modules/charset" time="0.000"></testcase>
		<testcase name="TestEscapeControlReader/Mixed_RTL+LTR+BIDI_(+Mark)" classname="code.gitea.io/gitea/modules/charset" time="0.000"></testcase>
		<testcase name="TestEscapeControlReader/Accented_characters_(+Mark)" classname="code.gitea.io/gitea/modules/charset" time="0.000"></testcase>
		<testcase name="TestEscapeControlReader/Program_(+Mark)" classname="code.gitea.io/gitea/modules/charset" time="0.000"></testcase>
		<testcase name="TestEscapeControlReader/CVE_testcase_(+Mark)" classname="code.gitea.io/gitea/modules/charset" time="0.000"></testcase>
		<testcase name="TestEscapeControlReader/Mixed_testcase_with_fail_(+Mark)" classname="code.gitea.io/gitea/modules/charset" time="0.000"></testcase>
		<testcase name="TestEscapeControlReader/UTF_BOM_(+Mark)" classname="code.gitea.io/gitea/modules/charset" time="0.000"></testcase>
		<testcase name="TestEscapeControlReader_panic" classname="code.gitea.io/gitea/modules/charset" time="0.000"></testcase>
	</testsuite>
	<testsuite name="code.gitea.io/gitea/modules/container" tests="0" failures="0" errors="0" id="45" hostname="arch" time="0.000" timestamp="2022-11-13T11:18:25+02:00"></testsuite>
	<testsuite name="code.gitea.io/gitea/modules/context" tests="9" failures="0" errors="0" id="46" hostname="arch" time="0.000" timestamp="2022-11-13T11:18:25+02:00">
		<testcase name="TestGenAPILinks" classname="code.gitea.io/gitea/modules/context" time="0.000"></testcase>
		<testcase name="Test_ValidToken" classname="code.gitea.io/gitea/modules/context" time="0.000"></testcase>
		<testcase name="Test_ValidToken/Validate_token" classname="code.gitea.io/gitea/modules/context" time="0.000"></testcase>
		<testcase name="Test_SeparatorReplacement" classname="code.gitea.io/gitea/modules/context" time="0.000"></testcase>
		<testcase name="Test_SeparatorReplacement/Test_two_separator_replacements" classname="code.gitea.io/gitea/modules/context" time="0.000"></testcase>
		<testcase name="Test_InvalidToken" classname="code.gitea.io/gitea/modules/context" time="0.000"></testcase>
		<testcase name="Test_InvalidToken/Test_invalid_tokens" classname="code.gitea.io/gitea/modules/context" time="0.000"></testcase>
		<testcase name="Test_ValidateBadData" classname="code.gitea.io/gitea/modules/context" time="0.000"></testcase>
		<testcase name="Test_ValidateBadData/Validate_bad_data" classname="code.gitea.io/gitea/modules/context" time="0.000"></testcase>
	</testsuite>
	<testsuite name="code.gitea.io/gitea/modules/convert" tests="7" failures="0" errors="0" id="47" hostname="arch" time="0.120" timestamp="2022-11-13T11:18:25+02:00">
		<testcase name="TestToCommitMeta" classname="code.gitea.io/gitea/modules/convert" time="0.030"></testcase>
		<testcase name="TestLabel_ToLabel" classname="code.gitea.io/gitea/modules/convert" time="0.030"></testcase>
		<testcase name="TestMilestone_APIFormat" classname="code.gitea.io/gitea/modules/convert" time="0.000"></testcase>
		<testcase name="TestPullRequest_APIFormat" classname="code.gitea.io/gitea/modules/convert" time="0.040"></testcase>
		<testcase name="TestUser_ToUser" classname="code.gitea.io/gitea/modules/convert" time="0.020"></testcase>
		<testcase name="TestToCorrectPageSize" classname="code.gitea.io/gitea/modules/convert" time="0.000"></testcase>
		<testcase name="TestToGitServiceType" classname="code.gitea.io/gitea/modules/convert" time="0.000"></testcase>
		<system-out><![CDATA[2022/11/13 08:39:53 ...s/storage/storage.go:176:initAttachments() [I] Initialising Attachment storage with type: 
2022/11/13 08:39:53 ...les/storage/local.go:46:NewLocalStorage() [I] Creating new Local Storage at /tmp/appdata3542546363/attachments
2022/11/13 08:39:53 ...s/storage/storage.go:170:initAvatars() [I] Initialising Avatar storage with type: 
2022/11/13 08:39:53 ...les/storage/local.go:46:NewLocalStorage() [I] Creating new Local Storage at /tmp/appdata3542546363/avatars
2022/11/13 08:39:53 ...s/storage/storage.go:188:initRepoAvatars() [I] Initialising Repository Avatar storage with type: 
2022/11/13 08:39:53 ...les/storage/local.go:46:NewLocalStorage() [I] Creating new Local Storage at /tmp/appdata3542546363/repo-avatars
2022/11/13 08:39:53 ...s/storage/storage.go:182:initLFS() [I] Initialising LFS storage with type: 
2022/11/13 08:39:53 ...les/storage/local.go:46:NewLocalStorage() [I] Creating new Local Storage at /tmp/appdata3542546363/lfs
2022/11/13 08:39:53 ...s/storage/storage.go:194:initRepoArchives() [I] Initialising Repository Archive storage with type: 
2022/11/13 08:39:53 ...les/storage/local.go:46:NewLocalStorage() [I] Creating new Local Storage at /tmp/appdata3542546363/repo-archive
2022/11/13 08:39:53 ...s/storage/storage.go:200:initPackages() [I] Initialising Packages storage with type: 
2022/11/13 08:39:53 ...les/storage/local.go:46:NewLocalStorage() [I] Creating new Local Storage at /tmp/appdata3542546363/packages]]></system-out>
	</testsuite>
	<testsuite name="code.gitea.io/gitea/modules/csv" tests="9" failures="0" errors="0" id="48" hostname="arch" time="0.010" timestamp="2022-11-13T11:18:25+02:00">
		<testcase name="TestCreateReader" classname="code.gitea.io/gitea/modules/csv" time="0.000"></testcase>
		<testcase name="TestCreateReaderAndDetermineDelimiter" classname="code.gitea.io/gitea/modules/csv" time="0.000"></testcase>
		<testcase name="TestDetermineDelimiterShortBufferError" classname="code.gitea.io/gitea/modules/csv" time="0.000"></testcase>
		<testcase name="TestDetermineDelimiterReadAllError" classname="code.gitea.io/gitea/modules/csv" time="0.000"></testcase>
		<testcase name="TestDetermineDelimiter" classname="code.gitea.io/gitea/modules/csv" time="0.000"></testcase>
		<testcase name="TestRemoveQuotedString" classname="code.gitea.io/gitea/modules/csv" time="0.000"></testcase>
		<testcase name="TestGuessDelimiter" classname="code.gitea.io/gitea/modules/csv" time="0.010"></testcase>
		<testcase name="TestGuessFromBeforeAfterQuotes" classname="code.gitea.io/gitea/modules/csv" time="0.000"></testcase>
		<testcase name="TestFormatError" classname="code.gitea.io/gitea/modules/csv" time="0.000"></testcase>
	</testsuite>
	<testsuite name="code.gitea.io/gitea/modules/doctor" tests="21" failures="0" errors="0" id="49" hostname="arch" time="0.000" timestamp="2022-11-13T11:18:25+02:00">
		<testcase name="Test_fixUnitConfig_16961" classname="code.gitea.io/gitea/modules/doctor" time="0.000"></testcase>
		<testcase name="Test_fixUnitConfig_16961/empty" classname="code.gitea.io/gitea/modules/doctor" time="0.000"></testcase>
		<testcase name="Test_fixUnitConfig_16961/normal:_{}" classname="code.gitea.io/gitea/modules/doctor" time="0.000"></testcase>
		<testcase name="Test_fixUnitConfig_16961/broken_but_fixable:_&amp;{}" classname="code.gitea.io/gitea/modules/doctor" time="0.000"></testcase>
		<testcase name="Test_fixUnitConfig_16961/broken_but_unfixable:_&amp;{asdasd}" classname="code.gitea.io/gitea/modules/doctor" time="0.000"></testcase>
		<testcase name="Test_fixExternalWikiConfig_16961" classname="code.gitea.io/gitea/modules/doctor" time="0.000"></testcase>
		<testcase name="Test_fixExternalWikiConfig_16961/normal:_{&#34;ExternalWikiURL&#34;:&#34;http://someurl&#34;}" classname="code.gitea.io/gitea/modules/doctor" time="0.000"></testcase>
		<testcase name="Test_fixExternalWikiConfig_16961/broken:_&amp;{http://someurl}" classname="code.gitea.io/gitea/modules/doctor" time="0.000"></testcase>
		<testcase name="Test_fixExternalWikiConfig_16961/broken_but_unfixable:_http://someurl" classname="code.gitea.io/gitea/modules/doctor" time="0.000"></testcase>
		<testcase name="Test_fixExternalTrackerConfig_16961" classname="code.gitea.io/gitea/modules/doctor" time="0.000"></testcase>
		<testcase name="Test_fixExternalTrackerConfig_16961/normal" classname="code.gitea.io/gitea/modules/doctor" time="0.000"></testcase>
		<testcase name="Test_fixExternalTrackerConfig_16961/broken" classname="code.gitea.io/gitea/modules/doctor" time="0.000"></testcase>
		<testcase name="Test_fixExternalTrackerConfig_16961/broken_-_too_many_fields" classname="code.gitea.io/gitea/modules/doctor" time="0.000"></testcase>
		<testcase name="Test_fixExternalTrackerConfig_16961/broken_-_wrong_format" classname="code.gitea.io/gitea/modules/doctor" time="0.000"></testcase>
		<testcase name="Test_fixPullRequestsConfig_16961" classname="code.gitea.io/gitea/modules/doctor" time="0.000"></testcase>
		<testcase name="Test_fixPullRequestsConfig_16961/normal" classname="code.gitea.io/gitea/modules/doctor" time="0.000"></testcase>
		<testcase name="Test_fixPullRequestsConfig_16961/broken_-_1.14" classname="code.gitea.io/gitea/modules/doctor" time="0.000"></testcase>
		<testcase name="Test_fixPullRequestsConfig_16961/broken_-_1.15" classname="code.gitea.io/gitea/modules/doctor" time="0.000"></testcase>
		<testcase name="Test_fixIssuesConfig_16961" classname="code.gitea.io/gitea/modules/doctor" time="0.000"></testcase>
		<testcase name="Test_fixIssuesConfig_16961/normal" classname="code.gitea.io/gitea/modules/doctor" time="0.000"></testcase>
		<testcase name="Test_fixIssuesConfig_16961/broken" classname="code.gitea.io/gitea/modules/doctor" time="0.000"></testcase>
	</testsuite>
	<testsuite name="code.gitea.io/gitea/modules/emoji" tests="7" failures="0" errors="0" id="50" hostname="arch" time="0.010" timestamp="2022-11-13T11:18:25+02:00">
		<testcase name="TestDumpInfo" classname="code.gitea.io/gitea/modules/emoji" time="0.000">
			<system-out><![CDATA[    emoji_test.go:16: codes: 0
    emoji_test.go:17: aliases: 0]]></system-out>
		</testcase>
		<testcase name="TestLookup" classname="code.gitea.io/gitea/modules/emoji" time="0.000"></testcase>
		<testcase name="TestReplacers" classname="code.gitea.io/gitea/modules/emoji" time="0.010"></testcase>
		<testcase name="TestFindEmojiSubmatchIndex" classname="code.gitea.io/gitea/modules/emoji" time="0.000"></testcase>
		<testcase name="TestFromAlias_Idweb_1" classname="code.gitea.io/gitea/modules/emoji" time="0.000"></testcase>
		<testcase name="TestFromAlias_Idweb_2" classname="code.gitea.io/gitea/modules/emoji" time="0.000"></testcase>
		<testcase name="TestFromAlias_Idweb_3" classname="code.gitea.io/gitea/modules/emoji" time="0.000"></testcase>
	</testsuite>
	<testsuite name="code.gitea.io/gitea/modules/eventsource" tests="4" failures="0" errors="0" id="51" hostname="arch" time="0.000" timestamp="2022-11-13T11:18:25+02:00">
		<testcase name="Test_wrapNewlines" classname="code.gitea.io/gitea/modules/eventsource" time="0.000"></testcase>
		<testcase name="Test_wrapNewlines/check_no_new_lines" classname="code.gitea.io/gitea/modules/eventsource" time="0.000"></testcase>
		<testcase name="Test_wrapNewlines/check_simple_newline" classname="code.gitea.io/gitea/modules/eventsource" time="0.000"></testcase>
		<testcase name="Test_wrapNewlines/check_pathological_newlines" classname="code.gitea.io/gitea/modules/eventsource" time="0.000"></testcase>
	</testsuite>
	<testsuite name="code.gitea.io/gitea/modules/generate" tests="0" failures="0" errors="0" id="52" hostname="arch" time="0.000" timestamp="2022-11-13T11:18:25+02:00"></testsuite>
	<testsuite name="code.gitea.io/gitea/modules/git" tests="50" failures="1" errors="0" id="53" hostname="arch" time="1.606" timestamp="2022-11-13T11:18:25+02:00">
		<testcase name="TestReadingBlameOutput" classname="code.gitea.io/gitea/modules/git" time="0.000"></testcase>
		<testcase name="TestBlob_Data" classname="code.gitea.io/gitea/modules/git" time="0.010">
			<system-out><![CDATA[2022/11/13 11:18:12 ...dules/git/command.go:179:Run() [D] /home/catalin/UTM/iii_an/v_sem/idweb/lab_3/gitea/modules/git/tests/repos/repo1_bare: /usr/bin/git -c protocol.version=2 -c uploadpack.allowfilter=true -c uploadpack.allowAnySHA1InWant=true -c credential.helper= rev-parse
2022/11/13 11:18:12 ...dules/git/command.go:179:Run() [D] /home/catalin/UTM/iii_an/v_sem/idweb/lab_3/gitea/modules/git/tests/repos/repo1_bare: /usr/bin/git -c protocol.version=2 -c uploadpack.allowfilter=true -c uploadpack.allowAnySHA1InWant=true -c credential.helper= cat-file --batch
2022/11/13 11:18:12 ...dules/git/command.go:179:Run() [D] /home/catalin/UTM/iii_an/v_sem/idweb/lab_3/gitea/modules/git/tests/repos/repo1_bare: /usr/bin/git -c protocol.version=2 -c uploadpack.allowfilter=true -c uploadpack.allowAnySHA1InWant=true -c credential.helper= cat-file --batch-check]]></system-out>
		</testcase>
		<testcase name="TestRunWithContextStd" classname="code.gitea.io/gitea/modules/git" time="0.010">
			<system-out><![CDATA[2022/11/13 11:18:12 ...dules/git/command.go:177:Run() [D] /usr/bin/git -c protocol.version=2 -c uploadpack.allowfilter=true -c uploadpack.allowAnySHA1InWant=true -c credential.helper= --version
2022/11/13 11:18:12 ...dules/git/command.go:177:Run() [D] /usr/bin/git -c protocol.version=2 -c uploadpack.allowfilter=true -c uploadpack.allowAnySHA1InWant=true -c credential.helper= --no-such-arg
2022/11/13 11:18:12 ...dules/git/command.go:166:Run() [E] git command is broken: /usr/bin/git -c protocol.version=2 -c uploadpack.allowfilter=true -c uploadpack.allowAnySHA1InWant=true -c credential.helper=, broken args: -test
2022/11/13 11:18:12 ...dules/git/command.go:166:Run() [E] git command is broken: /usr/bin/git -c protocol.version=2 -c uploadpack.allowfilter=true -c uploadpack.allowAnySHA1InWant=true -c credential.helper=, broken args: --test
2022/11/13 11:18:12 ...dules/git/command.go:177:Run() [D] /usr/bin/git -c protocol.version=2 -c uploadpack.allowfilter=true -c uploadpack.allowAnySHA1InWant=true -c credential.helper= version]]></system-out>
		</testcase>
		<testcase name="TestEntries_GetCommitsInfo" classname="code.gitea.io/gitea/modules/git" time="0.130">
			<system-out><![CDATA[2022/11/13 11:18:12 ...dules/git/command.go:179:Run() [D] /home/catalin/UTM/iii_an/v_sem/idweb/lab_3/gitea/modules/git/tests/repos/repo1_bare: /usr/bin/git -c protocol.version=2 -c uploadpack.allowfilter=true -c uploadpack.allowAnySHA1InWant=true -c credential.helper= rev-parse
2022/11/13 11:18:12 ...dules/git/command.go:179:Run() [D] /home/catalin/UTM/iii_an/v_sem/idweb/lab_3/gitea/modules/git/tests/repos/repo1_bare: /usr/bin/git -c protocol.version=2 -c uploadpack.allowfilter=true -c uploadpack.allowAnySHA1InWant=true -c credential.helper= cat-file --batch-check
2022/11/13 11:18:12 ...dules/git/command.go:179:Run() [D] /home/catalin/UTM/iii_an/v_sem/idweb/lab_3/gitea/modules/git/tests/repos/repo1_bare: /usr/bin/git -c protocol.version=2 -c uploadpack.allowfilter=true -c uploadpack.allowAnySHA1InWant=true -c credential.helper= cat-file --batch
2022/11/13 11:18:12 ...dules/git/command.go:179:Run() [D] /home/catalin/UTM/iii_an/v_sem/idweb/lab_3/gitea/modules/git/tests/repos/repo1_bare: /usr/bin/git -c protocol.version=2 -c uploadpack.allowfilter=true -c uploadpack.allowAnySHA1InWant=true -c credential.helper= log --name-status -c --format=commit%x00%H %P%x00 --parents --no-renames -t -z 8d92fc957a4d7cfd98bc375f0b7bb189a0d6c9f2 -- file1.txt file2.txt
2022/11/13 11:18:12 ...dules/git/command.go:179:Run() [D] /home/catalin/UTM/iii_an/v_sem/idweb/lab_3/gitea/modules/git/tests/repos/repo1_bare: /usr/bin/git -c protocol.version=2 -c uploadpack.allowfilter=true -c uploadpack.allowAnySHA1InWant=true -c credential.helper= log --name-status -c --format=commit%x00%H %P%x00 --parents --no-renames -t -z 8d92fc957a4d7cfd98bc375f0b7bb189a0d6c9f2 -- file1.txt
2022/11/13 11:18:12 ...dules/git/command.go:179:Run() [D] /home/catalin/UTM/iii_an/v_sem/idweb/lab_3/gitea/modules/git/tests/repos/repo1_bare: /usr/bin/git -c protocol.version=2 -c uploadpack.allowfilter=true -c uploadpack.allowAnySHA1InWant=true -c credential.helper= log --name-status -c --format=commit%x00%H %P%x00 --parents --no-renames -t -z 2839944139e0de9737a044f78b0e4b40d989a9e3 -- branch1.txt file1.txt
2022/11/13 11:18:12 ...dules/git/command.go:179:Run() [D] /home/catalin/UTM/iii_an/v_sem/idweb/lab_3/gitea/modules/git/tests/repos/repo1_bare: /usr/bin/git -c protocol.version=2 -c uploadpack.allowfilter=true -c uploadpack.allowAnySHA1InWant=true -c credential.helper= log --name-status -c --format=commit%x00%H %P%x00 --parents --no-renames -t -z 2839944139e0de9737a044f78b0e4b40d989a9e3 -- branch1.txt
2022/11/13 11:18:12 ...dules/git/command.go:179:Run() [D] /home/catalin/UTM/iii_an/v_sem/idweb/lab_3/gitea/modules/git/tests/repos/repo1_bare: /usr/bin/git -c protocol.version=2 -c uploadpack.allowfilter=true -c uploadpack.allowAnySHA1InWant=true -c credential.helper= log --name-status -c --format=commit%x00%H %P%x00 --parents --no-renames -t -z 5c80b0245c1c6f8343fa418ec374b13b5d4ee658 -- branch2 branch2/branch2.txt
2022/11/13 11:18:12 ...dules/git/command.go:179:Run() [D] /home/catalin/UTM/iii_an/v_sem/idweb/lab_3/gitea/modules/git/tests/repos/repo1_bare: /usr/bin/git -c protocol.version=2 -c uploadpack.allowfilter=true -c uploadpack.allowAnySHA1InWant=true -c credential.helper= log --name-status -c --format=commit%x00%H %P%x00 --parents --no-renames -t -z feaf4ba6bc635fec442f46ddd4512416ec43c2c2 -- file1.txt file2.txt foo
2022/11/13 11:18:12 ...dules/git/command.go:179:Run() [D] /home/catalin/UTM/iii_an/v_sem/idweb/lab_3/gitea/modules/git/tests/repos/repo1_bare: /usr/bin/git -c protocol.version=2 -c uploadpack.allowfilter=true -c uploadpack.allowAnySHA1InWant=true -c credential.helper= log --name-status -c --format=commit%x00%H %P%x00 --parents --no-renames -t -z 37991dec2c8e592043f47155ce4808d4580f9123 -- file1.txt file2.txt
2022/11/13 11:18:12 ...dules/git/command.go:179:Run() [D] /home/catalin/UTM/iii_an/v_sem/idweb/lab_3/gitea/modules/git/tests/repos/repo1_bare: /usr/bin/git -c protocol.version=2 -c uploadpack.allowfilter=true -c uploadpack.allowAnySHA1InWant=true -c credential.helper= log --name-status -c --format=commit%x00%H %P%x00 --parents --no-renames -t -z 8d92fc957a4d7cfd98bc375f0b7bb189a0d6c9f2 -- file1.txt
2022/11/13 11:18:12 ...dules/git/command.go:177:Run() [D] /usr/bin/git -c protocol.version=2 -c uploadpack.allowfilter=true -c uploadpack.allowAnySHA1InWant=true -c credential.helper= clone --quiet -- tests/repos/repo1_bare /tmp/repo1_TestEntries_GetCommitsInfo2218667659
2022/11/13 11:18:12 ...dules/git/command.go:179:Run() [D] /tmp/repo1_TestEntries_GetCommitsInfo2218667659: /usr/bin/git -c protocol.version=2 -c uploadpack.allowfilter=true -c uploadpack.allowAnySHA1InWant=true -c credential.helper= rev-parse
2022/11/13 11:18:12 ...dules/git/command.go:179:Run() [D] /tmp/repo1_TestEntries_GetCommitsInfo2218667659: /usr/bin/git -c protocol.version=2 -c uploadpack.allowfilter=true -c uploadpack.allowAnySHA1InWant=true -c credential.helper= cat-file --batch-check
2022/11/13 11:18:12 ...dules/git/command.go:179:Run() [D] /tmp/repo1_TestEntries_GetCommitsInfo2218667659: /usr/bin/git -c protocol.version=2 -c uploadpack.allowfilter=true -c uploadpack.allowAnySHA1InWant=true -c credential.helper= cat-file --batch
2022/11/13 11:18:12 ...dules/git/command.go:179:Run() [D] /tmp/repo1_TestEntries_GetCommitsInfo2218667659: /usr/bin/git -c protocol.version=2 -c uploadpack.allowfilter=true -c uploadpack.allowAnySHA1InWant=true -c credential.helper= log --name-status -c --format=commit%x00%H %P%x00 --parents --no-renames -t -z 8d92fc957a4d7cfd98bc375f0b7bb189a0d6c9f2 -- file1.txt file2.txt
2022/11/13 11:18:12 ...dules/git/command.go:179:Run() [D] /tmp/repo1_TestEntries_GetCommitsInfo2218667659: /usr/bin/git -c protocol.version=2 -c uploadpack.allowfilter=true -c uploadpack.allowAnySHA1InWant=true -c credential.helper= log --name-status -c --format=commit%x00%H %P%x00 --parents --no-renames -t -z 8d92fc957a4d7cfd98bc375f0b7bb189a0d6c9f2 -- file1.txt
2022/11/13 11:18:12 ...dules/git/command.go:179:Run() [D] /tmp/repo1_TestEntries_GetCommitsInfo2218667659: /usr/bin/git -c protocol.version=2 -c uploadpack.allowfilter=true -c uploadpack.allowAnySHA1InWant=true -c credential.helper= log --name-status -c --format=commit%x00%H %P%x00 --parents --no-renames -t -z 2839944139e0de9737a044f78b0e4b40d989a9e3 -- branch1.txt file1.txt
2022/11/13 11:18:12 ...dules/git/command.go:179:Run() [D] /tmp/repo1_TestEntries_GetCommitsInfo2218667659: /usr/bin/git -c protocol.version=2 -c uploadpack.allowfilter=true -c uploadpack.allowAnySHA1InWant=true -c credential.helper= log --name-status -c --format=commit%x00%H %P%x00 --parents --no-renames -t -z 2839944139e0de9737a044f78b0e4b40d989a9e3 -- branch1.txt
2022/11/13 11:18:12 ...dules/git/command.go:179:Run() [D] /tmp/repo1_TestEntries_GetCommitsInfo2218667659: /usr/bin/git -c protocol.version=2 -c uploadpack.allowfilter=true -c uploadpack.allowAnySHA1InWant=true -c credential.helper= log --name-status -c --format=commit%x00%H %P%x00 --parents --no-renames -t -z 5c80b0245c1c6f8343fa418ec374b13b5d4ee658 -- branch2 branch2/branch2.txt
2022/11/13 11:18:12 ...dules/git/command.go:179:Run() [D] /tmp/repo1_TestEntries_GetCommitsInfo2218667659: /usr/bin/git -c protocol.version=2 -c uploadpack.allowfilter=true -c uploadpack.allowAnySHA1InWant=true -c credential.helper= log --name-status -c --format=commit%x00%H %P%x00 --parents --no-renames -t -z feaf4ba6bc635fec442f46ddd4512416ec43c2c2 -- file1.txt file2.txt foo
2022/11/13 11:18:12 ...dules/git/command.go:179:Run() [D] /tmp/repo1_TestEntries_GetCommitsInfo2218667659: /usr/bin/git -c protocol.version=2 -c uploadpack.allowfilter=true -c uploadpack.allowAnySHA1InWant=true -c credential.helper= log --name-status -c --format=commit%x00%H %P%x00 --parents --no-renames -t -z 37991dec2c8e592043f47155ce4808d4580f9123 -- file1.txt file2.txt
2022/11/13 11:18:12 ...dules/git/command.go:179:Run() [D] /tmp/repo1_TestEntries_GetCommitsInfo2218667659: /usr/bin/git -c protocol.version=2 -c uploadpack.allowfilter=true -c uploadpack.allowAnySHA1InWant=true -c credential.helper= log --name-status -c --format=commit%x00%H %P%x00 --parents --no-renames -t -z 8d92fc957a4d7cfd98bc375f0b7bb189a0d6c9f2 -- file1.txt]]></system-out>
		</testcase>
		<testcase name="TestCommitsCount" classname="code.gitea.io/gitea/modules/git" time="0.000">
			<system-out><![CDATA[2022/11/13 11:18:12 ...dules/git/command.go:179:Run() [D] tests/repos/repo1_bare: /usr/bin/git -c protocol.version=2 -c uploadpack.allowfilter=true -c uploadpack.allowAnySHA1InWant=true -c credential.helper= rev-list --count 8006ff9adbf0cb94da7dad9e537e53817f9fa5c0]]></system-out>
		</testcase>
		<testcase name="TestGetFullCommitID" classname="code.gitea.io/gitea/modules/git" time="0.000">
			<system-out><![CDATA[2022/11/13 11:18:12 ...dules/git/command.go:179:Run() [D] tests/repos/repo1_bare: /usr/bin/git -c protocol.version=2 -c uploadpack.allowfilter=true -c uploadpack.allowAnySHA1InWant=true -c credential.helper= rev-parse 8006ff9a]]></system-out>
		</testcase>
		<testcase name="TestGetFullCommitIDError" classname="code.gitea.io/gitea/modules/git" time="0.000">
			<system-out><![CDATA[2022/11/13 11:18:12 ...dules/git/command.go:179:Run() [D] tests/repos/repo1_bare: /usr/bin/git -c protocol.version=2 -c uploadpack.allowfilter=true -c uploadpack.allowAnySHA1InWant=true -c credential.helper= rev-parse unknown]]></system-out>
		</testcase>
		<testcase name="TestCommitFromReader" classname="code.gitea.io/gitea/modules/git" time="0.000">
			<system-out><![CDATA[2022/11/13 11:18:12 ...dules/git/command.go:179:Run() [D] /home/catalin/UTM/iii_an/v_sem/idweb/lab_3/gitea/modules/git/tests/repos/repo1_bare: /usr/bin/git -c protocol.version=2 -c uploadpack.allowfilter=true -c uploadpack.allowAnySHA1InWant=true -c credential.helper= rev-parse
2022/11/13 11:18:12 ...dules/git/command.go:179:Run() [D] /home/catalin/UTM/iii_an/v_sem/idweb/lab_3/gitea/modules/git/tests/repos/repo1_bare: /usr/bin/git -c protocol.version=2 -c uploadpack.allowfilter=true -c uploadpack.allowAnySHA1InWant=true -c credential.helper= cat-file --batch-check
2022/11/13 11:18:12 ...dules/git/command.go:179:Run() [D] /home/catalin/UTM/iii_an/v_sem/idweb/lab_3/gitea/modules/git/tests/repos/repo1_bare: /usr/bin/git -c protocol.version=2 -c uploadpack.allowfilter=true -c uploadpack.allowAnySHA1InWant=true -c credential.helper= cat-file --batch]]></system-out>
		</testcase>
		<testcase name="TestHasPreviousCommit" classname="code.gitea.io/gitea/modules/git" time="0.040">
			<system-out><![CDATA[2022/11/13 11:18:12 ...dules/git/command.go:179:Run() [D] /home/catalin/UTM/iii_an/v_sem/idweb/lab_3/gitea/modules/git/tests/repos/repo1_bare: /usr/bin/git -c protocol.version=2 -c uploadpack.allowfilter=true -c uploadpack.allowAnySHA1InWant=true -c credential.helper= rev-parse
2022/11/13 11:18:12 ...dules/git/command.go:179:Run() [D] /home/catalin/UTM/iii_an/v_sem/idweb/lab_3/gitea/modules/git/tests/repos/repo1_bare: /usr/bin/git -c protocol.version=2 -c uploadpack.allowfilter=true -c uploadpack.allowAnySHA1InWant=true -c credential.helper= cat-file --batch-check
2022/11/13 11:18:12 ...dules/git/command.go:179:Run() [D] /home/catalin/UTM/iii_an/v_sem/idweb/lab_3/gitea/modules/git/tests/repos/repo1_bare: /usr/bin/git -c protocol.version=2 -c uploadpack.allowfilter=true -c uploadpack.allowAnySHA1InWant=true -c credential.helper= cat-file --batch
2022/11/13 11:18:12 ...dules/git/command.go:179:Run() [D] /home/catalin/UTM/iii_an/v_sem/idweb/lab_3/gitea/modules/git/tests/repos/repo1_bare: /usr/bin/git -c protocol.version=2 -c uploadpack.allowfilter=true -c uploadpack.allowAnySHA1InWant=true -c credential.helper= merge-base --is-ancestor 8d92fc957a4d7cfd98bc375f0b7bb189a0d6c9f2 8006ff9adbf0cb94da7dad9e537e53817f9fa5c0
2022/11/13 11:18:12 ...dules/git/command.go:179:Run() [D] /home/catalin/UTM/iii_an/v_sem/idweb/lab_3/gitea/modules/git/tests/repos/repo1_bare: /usr/bin/git -c protocol.version=2 -c uploadpack.allowfilter=true -c uploadpack.allowAnySHA1InWant=true -c credential.helper= merge-base --is-ancestor 2839944139e0de9737a044f78b0e4b40d989a9e3 8006ff9adbf0cb94da7dad9e537e53817f9fa5c0]]></system-out>
		</testcase>
		<testcase name="TestParseCommitFileStatus" classname="code.gitea.io/gitea/modules/git" time="0.000"></testcase>
		<testcase name="TestCutDiffAroundLineIssue17875" classname="code.gitea.io/gitea/modules/git" time="0.000"></testcase>
		<testcase name="TestCutDiffAroundLine" classname="code.gitea.io/gitea/modules/git" time="0.000"></testcase>
		<testcase name="TestParseDiffHunkString" classname="code.gitea.io/gitea/modules/git" time="0.000"></testcase>
		<testcase name="TestGitConfig" classname="code.gitea.io/gitea/modules/git" time="0.060">
			<failure message="Failed"><![CDATA[2022/11/13 11:18:12 ...dules/git/command.go:177:Run() [D] /usr/bin/git -c protocol.version=2 -c uploadpack.allowfilter=true -c uploadpack.allowAnySHA1InWant=true -c credential.helper= config --get test.key-a
    git_test.go:60: 
        	Error Trace:	git_test.go:60
        	Error:      	Should be true
        	Test:       	TestGitConfig
2022/11/13 11:18:12 ...dules/git/command.go:177:Run() [D] /usr/bin/git -c protocol.version=2 -c uploadpack.allowfilter=true -c uploadpack.allowAnySHA1InWant=true -c credential.helper= config --get test.key-a
2022/11/13 11:18:12 ...dules/git/command.go:177:Run() [D] /usr/bin/git -c protocol.version=2 -c uploadpack.allowfilter=true -c uploadpack.allowAnySHA1InWant=true -c credential.helper= config --get test.key-a
    git_test.go:66: 
        	Error Trace:	git_test.go:66
        	Error:      	Should be true
        	Test:       	TestGitConfig
2022/11/13 11:18:12 ...dules/git/command.go:177:Run() [D] /usr/bin/git -c protocol.version=2 -c uploadpack.allowfilter=true -c uploadpack.allowAnySHA1InWant=true -c credential.helper= config --get test.key-b val-b
2022/11/13 11:18:12 ...dules/git/command.go:177:Run() [D] /usr/bin/git -c protocol.version=2 -c uploadpack.allowfilter=true -c uploadpack.allowAnySHA1InWant=true -c credential.helper= config --global --add test.key-b val-b
    git_test.go:69: 
        	Error Trace:	git_test.go:69
        	Error:      	Should be true
        	Test:       	TestGitConfig
2022/11/13 11:18:12 ...dules/git/command.go:177:Run() [D] /usr/bin/git -c protocol.version=2 -c uploadpack.allowfilter=true -c uploadpack.allowAnySHA1InWant=true -c credential.helper= config --get test.key-b val-2b
2022/11/13 11:18:12 ...dules/git/command.go:177:Run() [D] /usr/bin/git -c protocol.version=2 -c uploadpack.allowfilter=true -c uploadpack.allowAnySHA1InWant=true -c credential.helper= config --global --add test.key-b val-2b
    git_test.go:72: 
        	Error Trace:	git_test.go:72
        	Error:      	Should be true
        	Test:       	TestGitConfig
    git_test.go:73: 
        	Error Trace:	git_test.go:73
        	Error:      	Should be true
        	Test:       	TestGitConfig
2022/11/13 11:18:12 ...dules/git/command.go:177:Run() [D] /usr/bin/git -c protocol.version=2 -c uploadpack.allowfilter=true -c uploadpack.allowAnySHA1InWant=true -c credential.helper= config --get test.key-b
2022/11/13 11:18:12 ...dules/git/command.go:177:Run() [D] /usr/bin/git -c protocol.version=2 -c uploadpack.allowfilter=true -c uploadpack.allowAnySHA1InWant=true -c credential.helper= config --global --unset-all test.key-b val-b
    git_test.go:77: 
        	Error Trace:	git_test.go:77
        	Error:      	Should be true
        	Test:       	TestGitConfig
2022/11/13 11:18:12 ...dules/git/command.go:177:Run() [D] /usr/bin/git -c protocol.version=2 -c uploadpack.allowfilter=true -c uploadpack.allowAnySHA1InWant=true -c credential.helper= config --get test.key-b
2022/11/13 11:18:12 ...dules/git/command.go:177:Run() [D] /usr/bin/git -c protocol.version=2 -c uploadpack.allowfilter=true -c uploadpack.allowAnySHA1InWant=true -c credential.helper= config --global --unset-all test.key-b val-2b
2022/11/13 11:18:12 ...dules/git/command.go:177:Run() [D] /usr/bin/git -c protocol.version=2 -c uploadpack.allowfilter=true -c uploadpack.allowAnySHA1InWant=true -c credential.helper= config --get test.key-x
2022/11/13 11:18:12 ...dules/git/command.go:177:Run() [D] /usr/bin/git -c protocol.version=2 -c uploadpack.allowfilter=true -c uploadpack.allowAnySHA1InWant=true -c credential.helper= config --global test.key-x *
    git_test.go:83: 
        	Error Trace:	git_test.go:83
        	Error:      	Should be true
        	Test:       	TestGitConfig
2022/11/13 11:18:12 ...dules/git/command.go:177:Run() [D] /usr/bin/git -c protocol.version=2 -c uploadpack.allowfilter=true -c uploadpack.allowAnySHA1InWant=true -c credential.helper= config --get test.key-x
2022/11/13 11:18:12 ...dules/git/command.go:177:Run() [D] /usr/bin/git -c protocol.version=2 -c uploadpack.allowfilter=true -c uploadpack.allowAnySHA1InWant=true -c credential.helper= config --get test.key-x
2022/11/13 11:18:12 ...dules/git/command.go:177:Run() [D] /usr/bin/git -c protocol.version=2 -c uploadpack.allowfilter=true -c uploadpack.allowAnySHA1InWant=true -c credential.helper= config --global --unset-all test.key-x \*]]></failure>
		</testcase>
		<testcase name="TestGetNotes" classname="code.gitea.io/gitea/modules/git" time="0.040">
			<system-out><![CDATA[2022/11/13 11:18:12 ...dules/git/command.go:179:Run() [D] /home/catalin/UTM/iii_an/v_sem/idweb/lab_3/gitea/modules/git/tests/repos/repo1_bare: /usr/bin/git -c protocol.version=2 -c uploadpack.allowfilter=true -c uploadpack.allowAnySHA1InWant=true -c credential.helper= rev-parse
2022/11/13 11:18:12 ...git/notes_nogogit.go:20:GetNote() [T] Searching for git note corresponding to the commit "95bb4d39648ee7e325106df01a621c530863a653" in the repository "/home/catalin/UTM/iii_an/v_sem/idweb/lab_3/gitea/modules/git/tests/repos/repo1_bare"
2022/11/13 11:18:12 ...dules/git/command.go:179:Run() [D] /home/catalin/UTM/iii_an/v_sem/idweb/lab_3/gitea/modules/git/tests/repos/repo1_bare: /usr/bin/git -c protocol.version=2 -c uploadpack.allowfilter=true -c uploadpack.allowAnySHA1InWant=true -c credential.helper= cat-file --batch
2022/11/13 11:18:12 ...dules/git/command.go:179:Run() [D] /home/catalin/UTM/iii_an/v_sem/idweb/lab_3/gitea/modules/git/tests/repos/repo1_bare: /usr/bin/git -c protocol.version=2 -c uploadpack.allowfilter=true -c uploadpack.allowAnySHA1InWant=true -c credential.helper= cat-file --batch-check
2022/11/13 11:18:12 ...git/notes_nogogit.go:33:GetNote() [T] Found tree with ID "28345b214c5967bd9cdd98cc7f88f2f1ac574e02" while searching for git note corresponding to the commit "95bb4d39648ee7e325106df01a621c530863a653"
2022/11/13 11:18:12 ...dules/git/command.go:179:Run() [D] /home/catalin/UTM/iii_an/v_sem/idweb/lab_3/gitea/modules/git/tests/repos/repo1_bare: /usr/bin/git -c protocol.version=2 -c uploadpack.allowfilter=true -c uploadpack.allowAnySHA1InWant=true -c credential.helper= log --name-status -c --format=commit%x00%H %P%x00 --parents --no-renames -t -z ca6b5ddf303169a72d2a2971acde4f6eea194e5c -- 95bb4d39648ee7e325106df01a621c530863a653]]></system-out>
		</testcase>
		<testcase name="TestGetNestedNotes" classname="code.gitea.io/gitea/modules/git" time="0.040">
			<system-out><![CDATA[2022/11/13 11:18:13 ...dules/git/command.go:179:Run() [D] /home/catalin/UTM/iii_an/v_sem/idweb/lab_3/gitea/modules/git/tests/repos/repo3_notes: /usr/bin/git -c protocol.version=2 -c uploadpack.allowfilter=true -c uploadpack.allowAnySHA1InWant=true -c credential.helper= rev-parse
2022/11/13 11:18:13 ...git/notes_nogogit.go:20:GetNote() [T] Searching for git note corresponding to the commit "3e668dbfac39cbc80a9ff9c61eb565d944453ba4" in the repository "/home/catalin/UTM/iii_an/v_sem/idweb/lab_3/gitea/modules/git/tests/repos/repo3_notes"
2022/11/13 11:18:13 ...dules/git/command.go:179:Run() [D] /home/catalin/UTM/iii_an/v_sem/idweb/lab_3/gitea/modules/git/tests/repos/repo3_notes: /usr/bin/git -c protocol.version=2 -c uploadpack.allowfilter=true -c uploadpack.allowAnySHA1InWant=true -c credential.helper= cat-file --batch
2022/11/13 11:18:13 ...dules/git/command.go:179:Run() [D] /home/catalin/UTM/iii_an/v_sem/idweb/lab_3/gitea/modules/git/tests/repos/repo3_notes: /usr/bin/git -c protocol.version=2 -c uploadpack.allowfilter=true -c uploadpack.allowAnySHA1InWant=true -c credential.helper= cat-file --batch-check
2022/11/13 11:18:13 ...git/notes_nogogit.go:33:GetNote() [T] Found tree with ID "fec9fe57e9864fe537f02f825e377c4a8a65ad2e" while searching for git note corresponding to the commit "3e668dbfac39cbc80a9ff9c61eb565d944453ba4"
2022/11/13 11:18:13 ...dules/git/command.go:179:Run() [D] /home/catalin/UTM/iii_an/v_sem/idweb/lab_3/gitea/modules/git/tests/repos/repo3_notes: /usr/bin/git -c protocol.version=2 -c uploadpack.allowfilter=true -c uploadpack.allowAnySHA1InWant=true -c credential.helper= log --name-status -c --format=commit%x00%H %P%x00 --parents --no-renames -t -z 654c8b6b63c08bf37f638d3f521626b7fbbd4d37 -- 3e/66 3e/66/8dbfac39cbc80a9ff9c61eb565d944453ba4
2022/11/13 11:18:13 ...git/notes_nogogit.go:20:GetNote() [T] Searching for git note corresponding to the commit "ba0a96fa63532d6c5087ecef070b0250ed72fa47" in the repository "/home/catalin/UTM/iii_an/v_sem/idweb/lab_3/gitea/modules/git/tests/repos/repo3_notes"
2022/11/13 11:18:13 ...git/notes_nogogit.go:33:GetNote() [T] Found tree with ID "fec9fe57e9864fe537f02f825e377c4a8a65ad2e" while searching for git note corresponding to the commit "ba0a96fa63532d6c5087ecef070b0250ed72fa47"
2022/11/13 11:18:13 ...dules/git/command.go:179:Run() [D] /home/catalin/UTM/iii_an/v_sem/idweb/lab_3/gitea/modules/git/tests/repos/repo3_notes: /usr/bin/git -c protocol.version=2 -c uploadpack.allowfilter=true -c uploadpack.allowAnySHA1InWant=true -c credential.helper= log --name-status -c --format=commit%x00%H %P%x00 --parents --no-renames -t -z 654c8b6b63c08bf37f638d3f521626b7fbbd4d37 -- ba0a96fa63532d6c5087ecef070b0250ed72fa47]]></system-out>
		</testcase>
		<testcase name="TestGetNonExistentNotes" classname="code.gitea.io/gitea/modules/git" time="0.010">
			<system-out><![CDATA[2022/11/13 11:18:13 ...dules/git/command.go:179:Run() [D] /home/catalin/UTM/iii_an/v_sem/idweb/lab_3/gitea/modules/git/tests/repos/repo1_bare: /usr/bin/git -c protocol.version=2 -c uploadpack.allowfilter=true -c uploadpack.allowAnySHA1InWant=true -c credential.helper= rev-parse
2022/11/13 11:18:13 ...git/notes_nogogit.go:20:GetNote() [T] Searching for git note corresponding to the commit "non_existent_sha" in the repository "/home/catalin/UTM/iii_an/v_sem/idweb/lab_3/gitea/modules/git/tests/repos/repo1_bare"
2022/11/13 11:18:13 ...dules/git/command.go:179:Run() [D] /home/catalin/UTM/iii_an/v_sem/idweb/lab_3/gitea/modules/git/tests/repos/repo1_bare: /usr/bin/git -c protocol.version=2 -c uploadpack.allowfilter=true -c uploadpack.allowAnySHA1InWant=true -c credential.helper= cat-file --batch
2022/11/13 11:18:13 ...dules/git/command.go:179:Run() [D] /home/catalin/UTM/iii_an/v_sem/idweb/lab_3/gitea/modules/git/tests/repos/repo1_bare: /usr/bin/git -c protocol.version=2 -c uploadpack.allowfilter=true -c uploadpack.allowAnySHA1InWant=true -c credential.helper= cat-file --batch-check
2022/11/13 11:18:13 ...git/notes_nogogit.go:33:GetNote() [T] Found tree with ID "28345b214c5967bd9cdd98cc7f88f2f1ac574e02" while searching for git note corresponding to the commit "non_existent_sha"]]></system-out>
		</testcase>
		<testcase name="TestParseTreeEntries" classname="code.gitea.io/gitea/modules/git" time="0.000"></testcase>
		<testcase name="Test_nulSeparatedAttributeWriter_ReadAttribute" classname="code.gitea.io/gitea/modules/git" time="0.200"></testcase>
		<testcase name="Test_lineSeparatedAttributeWriter_ReadAttribute" classname="code.gitea.io/gitea/modules/git" time="0.200"></testcase>
		<testcase name="TestRepository_GetBlob_Found" classname="code.gitea.io/gitea/modules/git" time="0.010">
			<system-out><![CDATA[2022/11/13 11:18:13 ...dules/git/command.go:179:Run() [D] /home/catalin/UTM/iii_an/v_sem/idweb/lab_3/gitea/modules/git/tests/repos/repo1_bare: /usr/bin/git -c protocol.version=2 -c uploadpack.allowfilter=true -c uploadpack.allowAnySHA1InWant=true -c credential.helper= rev-parse
2022/11/13 11:18:13 ...dules/git/command.go:179:Run() [D] /home/catalin/UTM/iii_an/v_sem/idweb/lab_3/gitea/modules/git/tests/repos/repo1_bare: /usr/bin/git -c protocol.version=2 -c uploadpack.allowfilter=true -c uploadpack.allowAnySHA1InWant=true -c credential.helper= cat-file --batch-check
2022/11/13 11:18:13 ...dules/git/command.go:179:Run() [D] /home/catalin/UTM/iii_an/v_sem/idweb/lab_3/gitea/modules/git/tests/repos/repo1_bare: /usr/bin/git -c protocol.version=2 -c uploadpack.allowfilter=true -c uploadpack.allowAnySHA1InWant=true -c credential.helper= cat-file --batch]]></system-out>
		</testcase>
		<testcase name="TestRepository_GetBlob_NotExist" classname="code.gitea.io/gitea/modules/git" time="0.000">
			<system-out><![CDATA[2022/11/13 11:18:13 ...dules/git/command.go:179:Run() [D] /home/catalin/UTM/iii_an/v_sem/idweb/lab_3/gitea/modules/git/tests/repos/repo1_bare: /usr/bin/git -c protocol.version=2 -c uploadpack.allowfilter=true -c uploadpack.allowAnySHA1InWant=true -c credential.helper= rev-parse
2022/11/13 11:18:13 ...dules/git/command.go:179:Run() [D] /home/catalin/UTM/iii_an/v_sem/idweb/lab_3/gitea/modules/git/tests/repos/repo1_bare: /usr/bin/git -c protocol.version=2 -c uploadpack.allowfilter=true -c uploadpack.allowAnySHA1InWant=true -c credential.helper= cat-file --batch-check
2022/11/13 11:18:13 ...dules/git/command.go:179:Run() [D] /home/catalin/UTM/iii_an/v_sem/idweb/lab_3/gitea/modules/git/tests/repos/repo1_bare: /usr/bin/git -c protocol.version=2 -c uploadpack.allowfilter=true -c uploadpack.allowAnySHA1InWant=true -c credential.helper= cat-file --batch]]></system-out>
		</testcase>
		<testcase name="TestRepository_GetBlob_NoId" classname="code.gitea.io/gitea/modules/git" time="0.010">
			<system-out><![CDATA[2022/11/13 11:18:13 ...dules/git/command.go:179:Run() [D] /home/catalin/UTM/iii_an/v_sem/idweb/lab_3/gitea/modules/git/tests/repos/repo1_bare: /usr/bin/git -c protocol.version=2 -c uploadpack.allowfilter=true -c uploadpack.allowAnySHA1InWant=true -c credential.helper= rev-parse
2022/11/13 11:18:13 ...dules/git/command.go:179:Run() [D] /home/catalin/UTM/iii_an/v_sem/idweb/lab_3/gitea/modules/git/tests/repos/repo1_bare: /usr/bin/git -c protocol.version=2 -c uploadpack.allowfilter=true -c uploadpack.allowAnySHA1InWant=true -c credential.helper= cat-file --batch-check
2022/11/13 11:18:13 ...dules/git/command.go:179:Run() [D] /home/catalin/UTM/iii_an/v_sem/idweb/lab_3/gitea/modules/git/tests/repos/repo1_bare: /usr/bin/git -c protocol.version=2 -c uploadpack.allowfilter=true -c uploadpack.allowAnySHA1InWant=true -c credential.helper= cat-file --batch]]></system-out>
		</testcase>
		<testcase name="TestRepository_GetBranches" classname="code.gitea.io/gitea/modules/git" time="0.010">
			<system-out><![CDATA[2022/11/13 11:18:13 ...dules/git/command.go:179:Run() [D] /home/catalin/UTM/iii_an/v_sem/idweb/lab_3/gitea/modules/git/tests/repos/repo1_bare: /usr/bin/git -c protocol.version=2 -c uploadpack.allowfilter=true -c uploadpack.allowAnySHA1InWant=true -c credential.helper= rev-parse
2022/11/13 11:18:13 ...dules/git/command.go:179:Run() [D] /home/catalin/UTM/iii_an/v_sem/idweb/lab_3/gitea/modules/git/tests/repos/repo1_bare: /usr/bin/git -c protocol.version=2 -c uploadpack.allowfilter=true -c uploadpack.allowAnySHA1InWant=true -c credential.helper= show-ref --heads
2022/11/13 11:18:13 ...dules/git/command.go:179:Run() [D] /home/catalin/UTM/iii_an/v_sem/idweb/lab_3/gitea/modules/git/tests/repos/repo1_bare: /usr/bin/git -c protocol.version=2 -c uploadpack.allowfilter=true -c uploadpack.allowAnySHA1InWant=true -c credential.helper= cat-file --batch
2022/11/13 11:18:13 ...dules/git/command.go:179:Run() [D] /home/catalin/UTM/iii_an/v_sem/idweb/lab_3/gitea/modules/git/tests/repos/repo1_bare: /usr/bin/git -c protocol.version=2 -c uploadpack.allowfilter=true -c uploadpack.allowAnySHA1InWant=true -c credential.helper= cat-file --batch-check
2022/11/13 11:18:13 ...dules/git/command.go:179:Run() [D] /home/catalin/UTM/iii_an/v_sem/idweb/lab_3/gitea/modules/git/tests/repos/repo1_bare: /usr/bin/git -c protocol.version=2 -c uploadpack.allowfilter=true -c uploadpack.allowAnySHA1InWant=true -c credential.helper= show-ref --heads
2022/11/13 11:18:13 ...dules/git/command.go:179:Run() [D] /home/catalin/UTM/iii_an/v_sem/idweb/lab_3/gitea/modules/git/tests/repos/repo1_bare: /usr/bin/git -c protocol.version=2 -c uploadpack.allowfilter=true -c uploadpack.allowAnySHA1InWant=true -c credential.helper= show-ref --heads]]></system-out>
		</testcase>
		<testcase name="TestGetRefsBySha" classname="code.gitea.io/gitea/modules/git" time="0.030">
			<system-out><![CDATA[2022/11/13 11:18:13 ...dules/git/command.go:179:Run() [D] /home/catalin/UTM/iii_an/v_sem/idweb/lab_3/gitea/modules/git/tests/repos/repo5_pulls: /usr/bin/git -c protocol.version=2 -c uploadpack.allowfilter=true -c uploadpack.allowAnySHA1InWant=true -c credential.helper= rev-parse
2022/11/13 11:18:13 ...dules/git/command.go:179:Run() [D] /home/catalin/UTM/iii_an/v_sem/idweb/lab_3/gitea/modules/git/tests/repos/repo5_pulls: /usr/bin/git -c protocol.version=2 -c uploadpack.allowfilter=true -c uploadpack.allowAnySHA1InWant=true -c credential.helper= show-ref
2022/11/13 11:18:13 ...dules/git/command.go:179:Run() [D] /home/catalin/UTM/iii_an/v_sem/idweb/lab_3/gitea/modules/git/tests/repos/repo5_pulls: /usr/bin/git -c protocol.version=2 -c uploadpack.allowfilter=true -c uploadpack.allowAnySHA1InWant=true -c credential.helper= cat-file --batch
2022/11/13 11:18:13 ...dules/git/command.go:179:Run() [D] /home/catalin/UTM/iii_an/v_sem/idweb/lab_3/gitea/modules/git/tests/repos/repo5_pulls: /usr/bin/git -c protocol.version=2 -c uploadpack.allowfilter=true -c uploadpack.allowAnySHA1InWant=true -c credential.helper= cat-file --batch-check
2022/11/13 11:18:13 ...dules/git/command.go:179:Run() [D] /home/catalin/UTM/iii_an/v_sem/idweb/lab_3/gitea/modules/git/tests/repos/repo5_pulls: /usr/bin/git -c protocol.version=2 -c uploadpack.allowfilter=true -c uploadpack.allowAnySHA1InWant=true -c credential.helper= show-ref
2022/11/13 11:18:13 ...dules/git/command.go:179:Run() [D] /home/catalin/UTM/iii_an/v_sem/idweb/lab_3/gitea/modules/git/tests/repos/repo5_pulls: /usr/bin/git -c protocol.version=2 -c uploadpack.allowfilter=true -c uploadpack.allowAnySHA1InWant=true -c credential.helper= show-ref
2022/11/13 11:18:13 ...dules/git/command.go:179:Run() [D] /home/catalin/UTM/iii_an/v_sem/idweb/lab_3/gitea/modules/git/tests/repos/repo5_pulls: /usr/bin/git -c protocol.version=2 -c uploadpack.allowfilter=true -c uploadpack.allowAnySHA1InWant=true -c credential.helper= show-ref]]></system-out>
		</testcase>
[...]
	</testsuite>
	<testsuite name="code.gitea.io/gitea/routers/private" tests="0" failures="0" errors="0" id="165" hostname="arch" time="0.000" timestamp="2022-11-13T11:18:25+02:00"></testsuite>
	<testsuite name="code.gitea.io/gitea/routers/utils" tests="7" failures="0" errors="0" id="166" hostname="arch" time="0.000" timestamp="2022-11-13T11:18:25+02:00">
		<testcase name="TestRemoveUsernameParameterSuffix" classname="code.gitea.io/gitea/routers/utils" time="0.000"></testcase>
		<testcase name="TestIsValidSlackChannel" classname="code.gitea.io/gitea/routers/utils" time="0.000"></testcase>
		<testcase name="TestIsExternalURL" classname="code.gitea.io/gitea/routers/utils" time="0.000"></testcase>
		<testcase name="TestSanitizeFlashErrorString" classname="code.gitea.io/gitea/routers/utils" time="0.000"></testcase>
		<testcase name="TestSanitizeFlashErrorString/no_error" classname="code.gitea.io/gitea/routers/utils" time="0.000"></testcase>
		<testcase name="TestSanitizeFlashErrorString/normal_error" classname="code.gitea.io/gitea/routers/utils" time="0.000"></testcase>
		<testcase name="TestSanitizeFlashErrorString/line_break_error" classname="code.gitea.io/gitea/routers/utils" time="0.000"></testcase>
	</testsuite>
	<testsuite name="code.gitea.io/gitea/routers/web" tests="0" failures="0" errors="0" id="167" hostname="arch" time="0.000" timestamp="2022-11-13T11:18:25+02:00"></testsuite>
	<testsuite name="code.gitea.io/gitea/routers/web/admin" tests="1" failures="0" errors="1" id="168" hostname="arch" time="0.248" timestamp="2022-11-13T11:18:25+02:00">
		<testcase name="Failure" classname="code.gitea.io/gitea/routers/web/admin" time="0.000">
			<error message="Runtime error"><![CDATA[Error creating test engine: sql: unknown driver "sqlite3" (forgotten import?)]]></error>
		</testcase>
	</testsuite>
	<testsuite name="code.gitea.io/gitea/routers/web/auth" tests="1" failures="0" errors="1" id="169" hostname="arch" time="0.203" timestamp="2022-11-13T11:18:25+02:00">
		<testcase name="Failure" classname="code.gitea.io/gitea/routers/web/auth" time="0.000">
			<error message="Runtime error"><![CDATA[Error creating test engine: sql: unknown driver "sqlite3" (forgotten import?)]]></error>
		</testcase>
	</testsuite>
	<testsuite name="code.gitea.io/gitea/routers/web/dev" tests="0" failures="0" errors="0" id="170" hostname="arch" time="0.000" timestamp="2022-11-13T11:18:25+02:00"></testsuite>
	<testsuite name="code.gitea.io/gitea/routers/web/events" tests="0" failures="0" errors="0" id="171" hostname="arch" time="0.000" timestamp="2022-11-13T11:18:25+02:00"></testsuite>
	<testsuite name="code.gitea.io/gitea/routers/web/explore" tests="0" failures="0" errors="0" id="172" hostname="arch" time="0.000" timestamp="2022-11-13T11:18:25+02:00"></testsuite>
	<testsuite name="code.gitea.io/gitea/routers/web/feed" tests="0" failures="0" errors="0" id="173" hostname="arch" time="0.000" timestamp="2022-11-13T11:18:25+02:00"></testsuite>
	<testsuite name="code.gitea.io/gitea/routers/web/healthcheck" tests="0" failures="0" errors="0" id="174" hostname="arch" time="0.000" timestamp="2022-11-13T11:18:25+02:00"></testsuite>
	<testsuite name="code.gitea.io/gitea/routers/web/misc" tests="0" failures="0" errors="0" id="175" hostname="arch" time="0.000" timestamp="2022-11-13T11:18:25+02:00"></testsuite>
	<testsuite name="code.gitea.io/gitea/routers/web/org" tests="0" failures="0" errors="0" id="176" hostname="arch" time="0.000" timestamp="2022-11-13T11:18:25+02:00"></testsuite>
	<testsuite name="code.gitea.io/gitea/routers/web/repo" tests="1" failures="0" errors="1" id="177" hostname="arch" time="0.228" timestamp="2022-11-13T11:18:25+02:00">
		<testcase name="Failure" classname="code.gitea.io/gitea/routers/web/repo" time="0.000">
			<error message="Runtime error"><![CDATA[Error creating test engine: sql: unknown driver "sqlite3" (forgotten import?)]]></error>
		</testcase>
	</testsuite>
	<testsuite name="code.gitea.io/gitea/routers/web/user" tests="1" failures="0" errors="1" id="178" hostname="arch" time="0.158" timestamp="2022-11-13T11:18:25+02:00">
		<testcase name="Failure" classname="code.gitea.io/gitea/routers/web/user" time="0.000">
			<error message="Runtime error"><![CDATA[Error creating test engine: sql: unknown driver "sqlite3" (forgotten import?)]]></error>
		</testcase>
	</testsuite>
	<testsuite name="code.gitea.io/gitea/routers/web/user/setting" tests="1" failures="0" errors="1" id="179" hostname="arch" time="0.195" timestamp="2022-11-13T11:18:25+02:00">
		<testcase name="Failure" classname="code.gitea.io/gitea/routers/web/user/setting" time="0.000">
			<error message="Runtime error"><![CDATA[Error creating test engine: sql: unknown driver "sqlite3" (forgotten import?)]]></error>
		</testcase>
	</testsuite>
	<testsuite name="code.gitea.io/gitea/routers/web/user/setting/security" tests="0" failures="0" errors="0" id="180" hostname="arch" time="0.000" timestamp="2022-11-13T11:18:25+02:00"></testsuite>
	<testsuite name="code.gitea.io/gitea/services/agit" tests="0" failures="0" errors="0" id="181" hostname="arch" time="0.000" timestamp="2022-11-13T11:18:25+02:00"></testsuite>
	<testsuite name="code.gitea.io/gitea/services/asymkey" tests="1" failures="0" errors="1" id="182" hostname="arch" time="0.119" timestamp="2022-11-13T11:18:25+02:00">
		<testcase name="Failure" classname="code.gitea.io/gitea/services/asymkey" time="0.000">
			<error message="Runtime error"><![CDATA[Error creating test engine: sql: unknown driver "sqlite3" (forgotten import?)]]></error>
		</testcase>
	</testsuite>
	<testsuite name="code.gitea.io/gitea/services/attachment" tests="1" failures="0" errors="1" id="183" hostname="arch" time="0.244" timestamp="2022-11-13T11:18:25+02:00">
		<testcase name="Failure" classname="code.gitea.io/gitea/services/attachment" time="0.000">
			<error message="Runtime error"><![CDATA[Error creating test engine: sql: unknown driver "sqlite3" (forgotten import?)]]></error>
		</testcase>
	</testsuite>
	<testsuite name="code.gitea.io/gitea/services/auth" tests="27" failures="0" errors="0" id="184" hostname="arch" time="0.000" timestamp="2022-11-13T11:18:25+02:00">
		<testcase name="Test_isGitRawOrLFSPath" classname="code.gitea.io/gitea/services/auth" time="0.000"></testcase>
		<testcase name="Test_isGitRawOrLFSPath//owner/repo/git-upload-pack" classname="code.gitea.io/gitea/services/auth" time="0.000"></testcase>
		<testcase name="Test_isGitRawOrLFSPath//owner/repo/git-receive-pack" classname="code.gitea.io/gitea/services/auth" time="0.000"></testcase>
		<testcase name="Test_isGitRawOrLFSPath//owner/repo/info/refs" classname="code.gitea.io/gitea/services/auth" time="0.000"></testcase>
		<testcase name="Test_isGitRawOrLFSPath//owner/repo/HEAD" classname="code.gitea.io/gitea/services/auth" time="0.000"></testcase>
		<testcase name="Test_isGitRawOrLFSPath//owner/repo/objects/info/alternates" classname="code.gitea.io/gitea/services/auth" time="0.000"></testcase>
		<testcase name="Test_isGitRawOrLFSPath//owner/repo/objects/info/http-alternates" classname="code.gitea.io/gitea/services/auth" time="0.000"></testcase>
		<testcase name="Test_isGitRawOrLFSPath//owner/repo/objects/info/packs" classname="code.gitea.io/gitea/services/auth" time="0.000"></testcase>
		<testcase name="Test_isGitRawOrLFSPath//owner/repo/objects/info/blahahsdhsdkla" classname="code.gitea.io/gitea/services/auth" time="0.000"></testcase>
		<testcase name="Test_isGitRawOrLFSPath//owner/repo/objects/01/23456789abcdef0123456789abcdef01234567" classname="code.gitea.io/gitea/services/auth" time="0.000"></testcase>
		<testcase name="Test_isGitRawOrLFSPath//owner/repo/objects/pack/pack-123456789012345678921234567893124567894.pack" classname="code.gitea.io/gitea/services/auth" time="0.000"></testcase>
		<testcase name="Test_isGitRawOrLFSPath//owner/repo/objects/pack/pack-0123456789abcdef0123456789abcdef0123456.idx" classname="code.gitea.io/gitea/services/auth" time="0.000"></testcase>
		<testcase name="Test_isGitRawOrLFSPath//owner/repo/raw/branch/foo/fanaso" classname="code.gitea.io/gitea/services/auth" time="0.000"></testcase>
		<testcase name="Test_isGitRawOrLFSPath//owner/repo/stars" classname="code.gitea.io/gitea/services/auth" time="0.000"></testcase>
		<testcase name="Test_isGitRawOrLFSPath//notowner" classname="code.gitea.io/gitea/services/auth" time="0.000"></testcase>
		<testcase name="Test_isGitRawOrLFSPath//owner/repo" classname="code.gitea.io/gitea/services/auth" time="0.000"></testcase>
		<testcase name="Test_isGitRawOrLFSPath//owner/repo/commit/123456789012345678921234567893124567894" classname="code.gitea.io/gitea/services/auth" time="0.000"></testcase>
		<testcase name="Test_isGitRawOrLFSPath//owner/repo/releases/download/tag/repo.tar.gz" classname="code.gitea.io/gitea/services/auth" time="0.000"></testcase>
		<testcase name="Test_isGitRawOrLFSPath//owner/repo/info/lfs/" classname="code.gitea.io/gitea/services/auth" time="0.000"></testcase>
		<testcase name="Test_isGitRawOrLFSPath//owner/repo/info/lfs/objects/batch" classname="code.gitea.io/gitea/services/auth" time="0.000"></testcase>
		<testcase name="Test_isGitRawOrLFSPath//owner/repo/info/lfs/objects/oid/filename" classname="code.gitea.io/gitea/services/auth" time="0.000"></testcase>
		<testcase name="Test_isGitRawOrLFSPath//owner/repo/info/lfs/objects/oid" classname="code.gitea.io/gitea/services/auth" time="0.000"></testcase>
		<testcase name="Test_isGitRawOrLFSPath//owner/repo/info/lfs/objects" classname="code.gitea.io/gitea/services/auth" time="0.000"></testcase>
		<testcase name="Test_isGitRawOrLFSPath//owner/repo/info/lfs/verify" classname="code.gitea.io/gitea/services/auth" time="0.000"></testcase>
		<testcase name="Test_isGitRawOrLFSPath//owner/repo/info/lfs/locks" classname="code.gitea.io/gitea/services/auth" time="0.000"></testcase>
		<testcase name="Test_isGitRawOrLFSPath//owner/repo/info/lfs/locks/verify" classname="code.gitea.io/gitea/services/auth" time="0.000"></testcase>
		<testcase name="Test_isGitRawOrLFSPath//owner/repo/info/lfs/locks/123/unlock" classname="code.gitea.io/gitea/services/auth" time="0.000"></testcase>
	</testsuite>
	<testsuite name="code.gitea.io/gitea/services/auth/source/db" tests="0" failures="0" errors="0" id="185" hostname="arch" time="0.000" timestamp="2022-11-13T11:18:25+02:00">
		<system-out><![CDATA[testing: warning: no tests to run]]></system-out>
	</testsuite>
	<testsuite name="code.gitea.io/gitea/services/auth/source/ldap" tests="0" failures="0" errors="0" id="186" hostname="arch" time="0.000" timestamp="2022-11-13T11:18:25+02:00">
		<system-out><![CDATA[testing: warning: no tests to run]]></system-out>
	</testsuite>
	<testsuite name="code.gitea.io/gitea/services/auth/source/oauth2" tests="0" failures="0" errors="0" id="187" hostname="arch" time="0.000" timestamp="2022-11-13T11:18:25+02:00">
		<system-out><![CDATA[testing: warning: no tests to run]]></system-out>
	</testsuite>
	<testsuite name="code.gitea.io/gitea/services/auth/source/pam" tests="0" failures="0" errors="0" id="188" hostname="arch" time="0.000" timestamp="2022-11-13T11:18:25+02:00">
		<system-out><![CDATA[testing: warning: no tests to run]]></system-out>
	</testsuite>
	<testsuite name="code.gitea.io/gitea/services/auth/source/smtp" tests="0" failures="0" errors="0" id="189" hostname="arch" time="0.000" timestamp="2022-11-13T11:18:25+02:00">
		<system-out><![CDATA[testing: warning: no tests to run]]></system-out>
	</testsuite>
	<testsuite name="code.gitea.io/gitea/services/auth/source/sspi" tests="0" failures="0" errors="0" id="190" hostname="arch" time="0.000" timestamp="2022-11-13T11:18:25+02:00">
		<system-out><![CDATA[testing: warning: no tests to run]]></system-out>
	</testsuite>
	<testsuite name="code.gitea.io/gitea/services/automerge" tests="0" failures="0" errors="0" id="191" hostname="arch" time="0.000" timestamp="2022-11-13T11:18:25+02:00"></testsuite>
	<testsuite name="code.gitea.io/gitea/services/comments" tests="0" failures="0" errors="0" id="192" hostname="arch" time="0.000" timestamp="2022-11-13T11:18:25+02:00"></testsuite>
	<testsuite name="code.gitea.io/gitea/services/context" tests="0" failures="0" errors="0" id="193" hostname="arch" time="0.000" timestamp="2022-11-13T11:18:25+02:00"></testsuite>
	<testsuite name="code.gitea.io/gitea/services/cron" tests="0" failures="0" errors="0" id="194" hostname="arch" time="0.000" timestamp="2022-11-13T11:18:25+02:00"></testsuite>
	<testsuite name="code.gitea.io/gitea/services/externalaccount" tests="0" failures="0" errors="0" id="195" hostname="arch" time="0.000" timestamp="2022-11-13T11:18:25+02:00"></testsuite>
	<testsuite name="code.gitea.io/gitea/services/forms" tests="6" failures="0" errors="0" id="196" hostname="arch" time="0.000" timestamp="2022-11-13T11:18:25+02:00">
		<testcase name="TestSubmitReviewForm_IsEmpty" classname="code.gitea.io/gitea/services/forms" time="0.000"></testcase>
		<testcase name="TestIssueLock_HasValidReason" classname="code.gitea.io/gitea/services/forms" time="0.000"></testcase>
		<testcase name="TestRegisterForm_IsDomainAllowed_Empty" classname="code.gitea.io/gitea/services/forms" time="0.000"></testcase>
		<testcase name="TestRegisterForm_IsDomainAllowed_InvalidEmail" classname="code.gitea.io/gitea/services/forms" time="0.000"></testcase>
		<testcase name="TestRegisterForm_IsDomainAllowed_WhitelistedEmail" classname="code.gitea.io/gitea/services/forms" time="0.000"></testcase>
		<testcase name="TestRegisterForm_IsDomainAllowed_BlocklistedEmail" classname="code.gitea.io/gitea/services/forms" time="0.000"></testcase>
	</testsuite>
	<testsuite name="code.gitea.io/gitea/services/gitdiff" tests="1" failures="0" errors="1" id="197" hostname="arch" time="0.220" timestamp="2022-11-13T11:18:25+02:00">
		<testcase name="Failure" classname="code.gitea.io/gitea/services/gitdiff" time="0.000">
			<error message="Runtime error"><![CDATA[Error creating test engine: sql: unknown driver "sqlite3" (forgotten import?)]]></error>
		</testcase>
	</testsuite>
	<testsuite name="code.gitea.io/gitea/services/issue" tests="1" failures="0" errors="1" id="198" hostname="arch" time="0.123" timestamp="2022-11-13T11:18:25+02:00">
		<testcase name="Failure" classname="code.gitea.io/gitea/services/issue" time="0.000">
			<error message="Runtime error"><![CDATA[Error creating test engine: sql: unknown driver "sqlite3" (forgotten import?)]]></error>
		</testcase>
	</testsuite>
	<testsuite name="code.gitea.io/gitea/services/lfs" tests="0" failures="0" errors="0" id="199" hostname="arch" time="0.000" timestamp="2022-11-13T11:18:25+02:00"></testsuite>
	<testsuite name="code.gitea.io/gitea/services/mailer" tests="1" failures="0" errors="1" id="200" hostname="arch" time="0.146" timestamp="2022-11-13T11:18:25+02:00">
		<testcase name="Failure" classname="code.gitea.io/gitea/services/mailer" time="0.000">
			<error message="Runtime error"><![CDATA[Error creating test engine: sql: unknown driver "sqlite3" (forgotten import?)]]></error>
		</testcase>
	</testsuite>
	<testsuite name="code.gitea.io/gitea/services/migrations" tests="1" failures="0" errors="1" id="201" hostname="arch" time="0.317" timestamp="2022-11-13T11:18:25+02:00">
		<testcase name="Failure" classname="code.gitea.io/gitea/services/migrations" time="0.000">
			<error message="Runtime error"><![CDATA[Error creating test engine: sql: unknown driver "sqlite3" (forgotten import?)]]></error>
		</testcase>
	</testsuite>
	<testsuite name="code.gitea.io/gitea/services/mirror" tests="0" failures="0" errors="0" id="202" hostname="arch" time="0.000" timestamp="2022-11-13T11:18:25+02:00"></testsuite>
	<testsuite name="code.gitea.io/gitea/services/org" tests="1" failures="0" errors="1" id="203" hostname="arch" time="0.145" timestamp="2022-11-13T11:18:25+02:00">
		<testcase name="Failure" classname="code.gitea.io/gitea/services/org" time="0.000">
			<error message="Runtime error"><![CDATA[Error creating test engine: sql: unknown driver "sqlite3" (forgotten import?)]]></error>
		</testcase>
	</testsuite>
	<testsuite name="code.gitea.io/gitea/services/packages" tests="0" failures="0" errors="0" id="204" hostname="arch" time="0.000" timestamp="2022-11-13T11:18:25+02:00"></testsuite>
	<testsuite name="code.gitea.io/gitea/services/packages/container" tests="0" failures="0" errors="0" id="205" hostname="arch" time="0.000" timestamp="2022-11-13T11:18:25+02:00"></testsuite>
	<testsuite name="code.gitea.io/gitea/services/pull" tests="1" failures="0" errors="1" id="206" hostname="arch" time="0.119" timestamp="2022-11-13T11:18:25+02:00">
		<testcase name="Failure" classname="code.gitea.io/gitea/services/pull" time="0.000">
			<error message="Runtime error"><![CDATA[Error creating test engine: sql: unknown driver "sqlite3" (forgotten import?)]]></error>
		</testcase>
	</testsuite>
	<testsuite name="code.gitea.io/gitea/services/release" tests="1" failures="0" errors="1" id="207" hostname="arch" time="0.101" timestamp="2022-11-13T11:18:25+02:00">
		<testcase name="Failure" classname="code.gitea.io/gitea/services/release" time="0.000">
			<error message="Runtime error"><![CDATA[Error creating test engine: sql: unknown driver "sqlite3" (forgotten import?)]]></error>
		</testcase>
	</testsuite>
	<testsuite name="code.gitea.io/gitea/services/repository" tests="1" failures="0" errors="1" id="208" hostname="arch" time="0.125" timestamp="2022-11-13T11:18:25+02:00">
		<testcase name="Failure" classname="code.gitea.io/gitea/services/repository" time="0.000">
			<error message="Runtime error"><![CDATA[Error creating test engine: sql: unknown driver "sqlite3" (forgotten import?)]]></error>
		</testcase>
	</testsuite>
	<testsuite name="code.gitea.io/gitea/services/repository/archiver" tests="1" failures="0" errors="1" id="209" hostname="arch" time="0.085" timestamp="2022-11-13T11:18:25+02:00">
		<testcase name="Failure" classname="code.gitea.io/gitea/services/repository/archiver" time="0.000">
			<error message="Runtime error"><![CDATA[Error creating test engine: sql: unknown driver "sqlite3" (forgotten import?)]]></error>
		</testcase>
	</testsuite>
	<testsuite name="code.gitea.io/gitea/services/repository/files" tests="1" failures="0" errors="1" id="210" hostname="arch" time="0.086" timestamp="2022-11-13T11:18:25+02:00">
		<testcase name="Failure" classname="code.gitea.io/gitea/services/repository/files" time="0.000">
			<error message="Runtime error"><![CDATA[Error creating test engine: sql: unknown driver "sqlite3" (forgotten import?)]]></error>
		</testcase>
	</testsuite>
	<testsuite name="code.gitea.io/gitea/services/task" tests="0" failures="0" errors="0" id="211" hostname="arch" time="0.000" timestamp="2022-11-13T11:18:25+02:00"></testsuite>
	<testsuite name="code.gitea.io/gitea/services/user" tests="1" failures="0" errors="1" id="212" hostname="arch" time="0.111" timestamp="2022-11-13T11:18:25+02:00">
		<testcase name="Failure" classname="code.gitea.io/gitea/services/user" time="0.000">
			<error message="Runtime error"><![CDATA[Error creating test engine: sql: unknown driver "sqlite3" (forgotten import?)]]></error>
		</testcase>
	</testsuite>
	<testsuite name="code.gitea.io/gitea/services/webhook" tests="1" failures="0" errors="1" id="213" hostname="arch" time="0.070" timestamp="2022-11-13T11:18:25+02:00">
		<testcase name="Failure" classname="code.gitea.io/gitea/services/webhook" time="0.000">
			<error message="Runtime error"><![CDATA[Error creating test engine: sql: unknown driver "sqlite3" (forgotten import?)]]></error>
		</testcase>
	</testsuite>
	<testsuite name="code.gitea.io/gitea/services/wiki" tests="1" failures="0" errors="1" id="214" hostname="arch" time="0.071" timestamp="2022-11-13T11:18:25+02:00">
		<testcase name="Failure" classname="code.gitea.io/gitea/services/wiki" time="0.000">
			<error message="Runtime error"><![CDATA[Error creating test engine: sql: unknown driver "sqlite3" (forgotten import?)]]></error>
		</testcase>
	</testsuite>
</testsuites>
